{"/Users/purprin/Library/CloudStorage/Dropbox/nullvariant/nullvariant-atelier/public/nullvariant-vscode-extensions/extensions/git-id-switcher/src/commandAllowlist.ts": {"path":"/Users/purprin/Library/CloudStorage/Dropbox/nullvariant/nullvariant-atelier/public/nullvariant-vscode-extensions/extensions/git-id-switcher/src/commandAllowlist.ts","all":false,"statementMap":{"0":{"start":{"line":1,"column":0},"end":{"line":1,"column":3}},"1":{"start":{"line":2,"column":0},"end":{"line":2,"column":50}},"2":{"start":{"line":3,"column":0},"end":{"line":3,"column":2}},"3":{"start":{"line":4,"column":0},"end":{"line":4,"column":56}},"4":{"start":{"line":5,"column":0},"end":{"line":5,"column":58}},"5":{"start":{"line":6,"column":0},"end":{"line":6,"column":2}},"6":{"start":{"line":7,"column":0},"end":{"line":7,"column":81}},"7":{"start":{"line":8,"column":0},"end":{"line":8,"column":3}},"8":{"start":{"line":9,"column":0},"end":{"line":9,"column":0}},"9":{"start":{"line":10,"column":0},"end":{"line":10,"column":62}},"10":{"start":{"line":11,"column":0},"end":{"line":11,"column":56}},"11":{"start":{"line":12,"column":0},"end":{"line":12,"column":0}},"12":{"start":{"line":13,"column":0},"end":{"line":13,"column":40}},"13":{"start":{"line":14,"column":0},"end":{"line":14,"column":80}},"14":{"start":{"line":15,"column":0},"end":{"line":15,"column":76}},"15":{"start":{"line":16,"column":0},"end":{"line":16,"column":0}},"16":{"start":{"line":17,"column":0},"end":{"line":17,"column":3}},"17":{"start":{"line":18,"column":0},"end":{"line":18,"column":45}},"18":{"start":{"line":19,"column":0},"end":{"line":19,"column":3}},"19":{"start":{"line":20,"column":0},"end":{"line":20,"column":26}},"20":{"start":{"line":21,"column":0},"end":{"line":21,"column":27}},"21":{"start":{"line":22,"column":0},"end":{"line":22,"column":0}},"22":{"start":{"line":23,"column":0},"end":{"line":23,"column":3}},"23":{"start":{"line":24,"column":0},"end":{"line":24,"column":27}},"24":{"start":{"line":25,"column":0},"end":{"line":25,"column":3}},"25":{"start":{"line":26,"column":0},"end":{"line":26,"column":28}},"26":{"start":{"line":27,"column":0},"end":{"line":27,"column":19}},"27":{"start":{"line":28,"column":0},"end":{"line":28,"column":34}},"28":{"start":{"line":29,"column":0},"end":{"line":29,"column":23}},"29":{"start":{"line":30,"column":0},"end":{"line":30,"column":5}},"30":{"start":{"line":31,"column":0},"end":{"line":31,"column":84}},"31":{"start":{"line":32,"column":0},"end":{"line":32,"column":101}},"32":{"start":{"line":33,"column":0},"end":{"line":33,"column":58}},"33":{"start":{"line":34,"column":0},"end":{"line":34,"column":5}},"34":{"start":{"line":35,"column":0},"end":{"line":35,"column":47}},"35":{"start":{"line":36,"column":0},"end":{"line":36,"column":5}},"36":{"start":{"line":37,"column":0},"end":{"line":37,"column":70}},"37":{"start":{"line":38,"column":0},"end":{"line":38,"column":5}},"38":{"start":{"line":39,"column":0},"end":{"line":39,"column":31}},"39":{"start":{"line":40,"column":0},"end":{"line":40,"column":5}},"40":{"start":{"line":41,"column":0},"end":{"line":41,"column":58}},"41":{"start":{"line":42,"column":0},"end":{"line":42,"column":107}},"42":{"start":{"line":43,"column":0},"end":{"line":43,"column":60}},"43":{"start":{"line":44,"column":0},"end":{"line":44,"column":5}},"44":{"start":{"line":45,"column":0},"end":{"line":45,"column":33}},"45":{"start":{"line":46,"column":0},"end":{"line":46,"column":1}},"46":{"start":{"line":47,"column":0},"end":{"line":47,"column":0}},"47":{"start":{"line":48,"column":0},"end":{"line":48,"column":3}},"48":{"start":{"line":49,"column":0},"end":{"line":49,"column":24}},"49":{"start":{"line":50,"column":0},"end":{"line":50,"column":3}},"50":{"start":{"line":51,"column":0},"end":{"line":51,"column":25}},"51":{"start":{"line":52,"column":0},"end":{"line":52,"column":19}},"52":{"start":{"line":53,"column":0},"end":{"line":53,"column":22}},"53":{"start":{"line":54,"column":0},"end":{"line":54,"column":49}},"54":{"start":{"line":55,"column":0},"end":{"line":55,"column":34}},"55":{"start":{"line":56,"column":0},"end":{"line":56,"column":5}},"56":{"start":{"line":57,"column":0},"end":{"line":57,"column":84}},"57":{"start":{"line":58,"column":0},"end":{"line":58,"column":5}},"58":{"start":{"line":59,"column":0},"end":{"line":59,"column":47}},"59":{"start":{"line":60,"column":0},"end":{"line":60,"column":5}},"60":{"start":{"line":61,"column":0},"end":{"line":61,"column":53}},"61":{"start":{"line":62,"column":0},"end":{"line":62,"column":5}},"62":{"start":{"line":63,"column":0},"end":{"line":63,"column":31}},"63":{"start":{"line":64,"column":0},"end":{"line":64,"column":5}},"64":{"start":{"line":65,"column":0},"end":{"line":65,"column":58}},"65":{"start":{"line":66,"column":0},"end":{"line":66,"column":107}},"66":{"start":{"line":67,"column":0},"end":{"line":67,"column":5}},"67":{"start":{"line":68,"column":0},"end":{"line":68,"column":33}},"68":{"start":{"line":69,"column":0},"end":{"line":69,"column":1}},"69":{"start":{"line":70,"column":0},"end":{"line":70,"column":0}},"70":{"start":{"line":71,"column":0},"end":{"line":71,"column":3}},"71":{"start":{"line":72,"column":0},"end":{"line":72,"column":34}},"72":{"start":{"line":73,"column":0},"end":{"line":73,"column":3}},"73":{"start":{"line":74,"column":0},"end":{"line":74,"column":64}},"74":{"start":{"line":75,"column":0},"end":{"line":75,"column":8}},"75":{"start":{"line":76,"column":0},"end":{"line":76,"column":18}},"76":{"start":{"line":77,"column":0},"end":{"line":77,"column":39}},"77":{"start":{"line":78,"column":0},"end":{"line":78,"column":18}},"78":{"start":{"line":79,"column":0},"end":{"line":79,"column":71}},"79":{"start":{"line":80,"column":0},"end":{"line":80,"column":15}},"80":{"start":{"line":81,"column":0},"end":{"line":81,"column":22}},"81":{"start":{"line":82,"column":0},"end":{"line":82,"column":41}},"82":{"start":{"line":83,"column":0},"end":{"line":83,"column":61}},"83":{"start":{"line":84,"column":0},"end":{"line":84,"column":34}},"84":{"start":{"line":85,"column":0},"end":{"line":85,"column":22}},"85":{"start":{"line":86,"column":0},"end":{"line":86,"column":20}},"86":{"start":{"line":87,"column":0},"end":{"line":87,"column":21}},"87":{"start":{"line":88,"column":0},"end":{"line":88,"column":22}},"88":{"start":{"line":89,"column":0},"end":{"line":89,"column":23}},"89":{"start":{"line":90,"column":0},"end":{"line":90,"column":28}},"90":{"start":{"line":91,"column":0},"end":{"line":91,"column":27}},"91":{"start":{"line":92,"column":0},"end":{"line":92,"column":10}},"92":{"start":{"line":93,"column":0},"end":{"line":93,"column":35}},"93":{"start":{"line":94,"column":0},"end":{"line":94,"column":22}},"94":{"start":{"line":95,"column":0},"end":{"line":95,"column":23}},"95":{"start":{"line":96,"column":0},"end":{"line":96,"column":28}},"96":{"start":{"line":97,"column":0},"end":{"line":97,"column":27}},"97":{"start":{"line":98,"column":0},"end":{"line":98,"column":10}},"98":{"start":{"line":99,"column":0},"end":{"line":99,"column":8}},"99":{"start":{"line":100,"column":0},"end":{"line":100,"column":20}},"100":{"start":{"line":101,"column":0},"end":{"line":101,"column":22}},"101":{"start":{"line":102,"column":0},"end":{"line":102,"column":48}},"102":{"start":{"line":103,"column":0},"end":{"line":103,"column":79}},"103":{"start":{"line":104,"column":0},"end":{"line":104,"column":8}},"104":{"start":{"line":105,"column":0},"end":{"line":105,"column":18}},"105":{"start":{"line":106,"column":0},"end":{"line":106,"column":22}},"106":{"start":{"line":107,"column":0},"end":{"line":107,"column":44}},"107":{"start":{"line":108,"column":0},"end":{"line":108,"column":76}},"108":{"start":{"line":109,"column":0},"end":{"line":109,"column":78}},"109":{"start":{"line":110,"column":0},"end":{"line":110,"column":80}},"110":{"start":{"line":111,"column":0},"end":{"line":111,"column":35}},"111":{"start":{"line":112,"column":0},"end":{"line":112,"column":47}},"112":{"start":{"line":113,"column":0},"end":{"line":113,"column":8}},"113":{"start":{"line":114,"column":0},"end":{"line":114,"column":6}},"114":{"start":{"line":115,"column":0},"end":{"line":115,"column":4}},"115":{"start":{"line":116,"column":0},"end":{"line":116,"column":14}},"116":{"start":{"line":117,"column":0},"end":{"line":117,"column":18}},"117":{"start":{"line":118,"column":0},"end":{"line":118,"column":44}},"118":{"start":{"line":119,"column":0},"end":{"line":119,"column":58}},"119":{"start":{"line":120,"column":0},"end":{"line":120,"column":29}},"120":{"start":{"line":121,"column":0},"end":{"line":121,"column":60}},"121":{"start":{"line":122,"column":0},"end":{"line":122,"column":4}},"122":{"start":{"line":123,"column":0},"end":{"line":123,"column":17}},"123":{"start":{"line":124,"column":0},"end":{"line":124,"column":18}},"124":{"start":{"line":125,"column":0},"end":{"line":125,"column":50}},"125":{"start":{"line":126,"column":0},"end":{"line":126,"column":37}},"126":{"start":{"line":127,"column":0},"end":{"line":127,"column":55}},"127":{"start":{"line":128,"column":0},"end":{"line":128,"column":44}},"128":{"start":{"line":129,"column":0},"end":{"line":129,"column":4}},"129":{"start":{"line":130,"column":0},"end":{"line":130,"column":2}},"130":{"start":{"line":131,"column":0},"end":{"line":131,"column":0}},"131":{"start":{"line":132,"column":0},"end":{"line":132,"column":3}},"132":{"start":{"line":133,"column":0},"end":{"line":133,"column":36}},"133":{"start":{"line":134,"column":0},"end":{"line":134,"column":3}},"134":{"start":{"line":135,"column":0},"end":{"line":135,"column":39}},"135":{"start":{"line":136,"column":0},"end":{"line":136,"column":19}},"136":{"start":{"line":137,"column":0},"end":{"line":137,"column":18}},"137":{"start":{"line":138,"column":0},"end":{"line":138,"column":1}},"138":{"start":{"line":139,"column":0},"end":{"line":139,"column":0}},"139":{"start":{"line":140,"column":0},"end":{"line":140,"column":3}},"140":{"start":{"line":141,"column":0},"end":{"line":141,"column":41}},"141":{"start":{"line":142,"column":0},"end":{"line":142,"column":3}},"142":{"start":{"line":143,"column":0},"end":{"line":143,"column":89}},"143":{"start":{"line":144,"column":0},"end":{"line":144,"column":50}},"144":{"start":{"line":145,"column":0},"end":{"line":145,"column":0}},"145":{"start":{"line":146,"column":0},"end":{"line":146,"column":23}},"146":{"start":{"line":147,"column":0},"end":{"line":147,"column":86}},"147":{"start":{"line":148,"column":0},"end":{"line":148,"column":3}},"148":{"start":{"line":149,"column":0},"end":{"line":149,"column":0}},"149":{"start":{"line":150,"column":0},"end":{"line":150,"column":31}},"150":{"start":{"line":151,"column":0},"end":{"line":151,"column":85}},"151":{"start":{"line":152,"column":0},"end":{"line":152,"column":3}},"152":{"start":{"line":153,"column":0},"end":{"line":153,"column":0}},"153":{"start":{"line":154,"column":0},"end":{"line":154,"column":26}},"154":{"start":{"line":155,"column":0},"end":{"line":155,"column":29}},"155":{"start":{"line":156,"column":0},"end":{"line":156,"column":3}},"156":{"start":{"line":157,"column":0},"end":{"line":157,"column":0}},"157":{"start":{"line":158,"column":0},"end":{"line":158,"column":37}},"158":{"start":{"line":159,"column":0},"end":{"line":159,"column":60}},"159":{"start":{"line":160,"column":0},"end":{"line":160,"column":3}},"160":{"start":{"line":161,"column":0},"end":{"line":161,"column":0}},"161":{"start":{"line":162,"column":0},"end":{"line":162,"column":70}},"162":{"start":{"line":163,"column":0},"end":{"line":163,"column":28}},"163":{"start":{"line":164,"column":0},"end":{"line":164,"column":0}},"164":{"start":{"line":165,"column":0},"end":{"line":165,"column":33}},"165":{"start":{"line":166,"column":0},"end":{"line":166,"column":34}},"166":{"start":{"line":167,"column":0},"end":{"line":167,"column":31}},"167":{"start":{"line":168,"column":0},"end":{"line":168,"column":60}},"168":{"start":{"line":169,"column":0},"end":{"line":169,"column":0}},"169":{"start":{"line":170,"column":0},"end":{"line":170,"column":20}},"170":{"start":{"line":171,"column":0},"end":{"line":171,"column":31}},"171":{"start":{"line":172,"column":0},"end":{"line":172,"column":95}},"172":{"start":{"line":173,"column":0},"end":{"line":173,"column":7}},"173":{"start":{"line":174,"column":0},"end":{"line":174,"column":32}},"174":{"start":{"line":175,"column":0},"end":{"line":175,"column":37}},"175":{"start":{"line":176,"column":0},"end":{"line":176,"column":35}},"176":{"start":{"line":177,"column":0},"end":{"line":177,"column":38}},"177":{"start":{"line":178,"column":0},"end":{"line":178,"column":98}},"178":{"start":{"line":179,"column":0},"end":{"line":179,"column":5}},"179":{"start":{"line":180,"column":0},"end":{"line":180,"column":3}},"180":{"start":{"line":181,"column":0},"end":{"line":181,"column":0}},"181":{"start":{"line":182,"column":0},"end":{"line":182,"column":23}},"182":{"start":{"line":183,"column":0},"end":{"line":183,"column":54}},"183":{"start":{"line":184,"column":0},"end":{"line":184,"column":71}},"184":{"start":{"line":185,"column":0},"end":{"line":185,"column":75}},"185":{"start":{"line":186,"column":0},"end":{"line":186,"column":80}},"186":{"start":{"line":187,"column":0},"end":{"line":187,"column":0}},"187":{"start":{"line":188,"column":0},"end":{"line":188,"column":51}},"188":{"start":{"line":189,"column":0},"end":{"line":189,"column":34}},"189":{"start":{"line":190,"column":0},"end":{"line":190,"column":0}},"190":{"start":{"line":191,"column":0},"end":{"line":191,"column":19}},"191":{"start":{"line":192,"column":0},"end":{"line":192,"column":62}},"192":{"start":{"line":193,"column":0},"end":{"line":193,"column":75}},"193":{"start":{"line":194,"column":0},"end":{"line":194,"column":5}},"194":{"start":{"line":195,"column":0},"end":{"line":195,"column":0}},"195":{"start":{"line":196,"column":0},"end":{"line":196,"column":61}},"196":{"start":{"line":197,"column":0},"end":{"line":197,"column":87}},"197":{"start":{"line":198,"column":0},"end":{"line":198,"column":78}},"198":{"start":{"line":199,"column":0},"end":{"line":199,"column":35}},"199":{"start":{"line":200,"column":0},"end":{"line":200,"column":43}},"200":{"start":{"line":201,"column":0},"end":{"line":201,"column":30}},"201":{"start":{"line":202,"column":0},"end":{"line":202,"column":90}},"202":{"start":{"line":203,"column":0},"end":{"line":203,"column":7}},"203":{"start":{"line":204,"column":0},"end":{"line":204,"column":5}},"204":{"start":{"line":205,"column":0},"end":{"line":205,"column":0}},"205":{"start":{"line":206,"column":0},"end":{"line":206,"column":57}},"206":{"start":{"line":207,"column":0},"end":{"line":207,"column":51}},"207":{"start":{"line":208,"column":0},"end":{"line":208,"column":16}},"208":{"start":{"line":209,"column":0},"end":{"line":209,"column":44}},"209":{"start":{"line":210,"column":0},"end":{"line":210,"column":55}},"210":{"start":{"line":211,"column":0},"end":{"line":211,"column":76}},"211":{"start":{"line":212,"column":0},"end":{"line":212,"column":86}},"212":{"start":{"line":213,"column":0},"end":{"line":213,"column":34}},"213":{"start":{"line":214,"column":0},"end":{"line":214,"column":100}},"214":{"start":{"line":215,"column":0},"end":{"line":215,"column":9}},"215":{"start":{"line":216,"column":0},"end":{"line":216,"column":0}},"216":{"start":{"line":217,"column":0},"end":{"line":217,"column":82}},"217":{"start":{"line":218,"column":0},"end":{"line":218,"column":84}},"218":{"start":{"line":219,"column":0},"end":{"line":219,"column":17}},"219":{"start":{"line":220,"column":0},"end":{"line":220,"column":7}},"220":{"start":{"line":221,"column":0},"end":{"line":221,"column":5}},"221":{"start":{"line":222,"column":0},"end":{"line":222,"column":0}},"222":{"start":{"line":223,"column":0},"end":{"line":223,"column":60}},"223":{"start":{"line":224,"column":0},"end":{"line":224,"column":36}},"224":{"start":{"line":225,"column":0},"end":{"line":225,"column":15}},"225":{"start":{"line":226,"column":0},"end":{"line":226,"column":5}},"226":{"start":{"line":227,"column":0},"end":{"line":227,"column":0}},"227":{"start":{"line":228,"column":0},"end":{"line":228,"column":32}},"228":{"start":{"line":229,"column":0},"end":{"line":229,"column":103}},"229":{"start":{"line":230,"column":0},"end":{"line":230,"column":67}},"230":{"start":{"line":231,"column":0},"end":{"line":231,"column":30}},"231":{"start":{"line":232,"column":0},"end":{"line":232,"column":69}},"232":{"start":{"line":233,"column":0},"end":{"line":233,"column":52}},"233":{"start":{"line":234,"column":0},"end":{"line":234,"column":76}},"234":{"start":{"line":235,"column":0},"end":{"line":235,"column":31}},"235":{"start":{"line":236,"column":0},"end":{"line":236,"column":19}},"236":{"start":{"line":237,"column":0},"end":{"line":237,"column":9}},"237":{"start":{"line":238,"column":0},"end":{"line":238,"column":88}},"238":{"start":{"line":239,"column":0},"end":{"line":239,"column":7}},"239":{"start":{"line":240,"column":0},"end":{"line":240,"column":0}},"240":{"start":{"line":241,"column":0},"end":{"line":241,"column":79}},"241":{"start":{"line":242,"column":0},"end":{"line":242,"column":50}},"242":{"start":{"line":243,"column":0},"end":{"line":243,"column":89}},"243":{"start":{"line":244,"column":0},"end":{"line":244,"column":5}},"244":{"start":{"line":245,"column":0},"end":{"line":245,"column":0}},"245":{"start":{"line":246,"column":0},"end":{"line":246,"column":50}},"246":{"start":{"line":247,"column":0},"end":{"line":247,"column":29}},"247":{"start":{"line":248,"column":0},"end":{"line":248,"column":99}},"248":{"start":{"line":249,"column":0},"end":{"line":249,"column":43}},"249":{"start":{"line":250,"column":0},"end":{"line":250,"column":78}},"250":{"start":{"line":251,"column":0},"end":{"line":251,"column":15}},"251":{"start":{"line":252,"column":0},"end":{"line":252,"column":5}},"252":{"start":{"line":253,"column":0},"end":{"line":253,"column":0}},"253":{"start":{"line":254,"column":0},"end":{"line":254,"column":40}},"254":{"start":{"line":255,"column":0},"end":{"line":255,"column":59}},"255":{"start":{"line":256,"column":0},"end":{"line":256,"column":82}},"256":{"start":{"line":257,"column":0},"end":{"line":257,"column":87}},"257":{"start":{"line":258,"column":0},"end":{"line":258,"column":15}},"258":{"start":{"line":259,"column":0},"end":{"line":259,"column":5}},"259":{"start":{"line":260,"column":0},"end":{"line":260,"column":0}},"260":{"start":{"line":261,"column":0},"end":{"line":261,"column":91}},"261":{"start":{"line":262,"column":0},"end":{"line":262,"column":3}},"262":{"start":{"line":263,"column":0},"end":{"line":263,"column":0}},"263":{"start":{"line":264,"column":0},"end":{"line":264,"column":27}},"264":{"start":{"line":265,"column":0},"end":{"line":265,"column":1}}},"s":{"0":1,"1":1,"2":1,"3":1,"4":1,"5":1,"6":1,"7":1,"8":1,"9":1,"10":1,"11":1,"12":1,"13":1,"14":1,"15":1,"16":1,"17":1,"18":1,"19":1,"20":1,"21":1,"22":1,"23":1,"24":1,"25":1,"26":1,"27":1,"28":1,"29":1,"30":1,"31":1,"32":1,"33":1,"34":1,"35":1,"36":1,"37":1,"38":1,"39":1,"40":1,"41":1,"42":1,"43":1,"44":1,"45":1,"46":1,"47":1,"48":1,"49":1,"50":1,"51":1,"52":1,"53":1,"54":1,"55":1,"56":1,"57":1,"58":1,"59":1,"60":1,"61":1,"62":1,"63":1,"64":1,"65":1,"66":1,"67":1,"68":1,"69":1,"70":1,"71":1,"72":1,"73":1,"74":1,"75":1,"76":1,"77":1,"78":1,"79":1,"80":1,"81":1,"82":1,"83":1,"84":1,"85":1,"86":1,"87":1,"88":1,"89":1,"90":1,"91":1,"92":1,"93":1,"94":1,"95":1,"96":1,"97":1,"98":1,"99":1,"100":1,"101":1,"102":1,"103":1,"104":1,"105":1,"106":1,"107":1,"108":1,"109":1,"110":1,"111":1,"112":1,"113":1,"114":1,"115":1,"116":1,"117":1,"118":1,"119":1,"120":1,"121":1,"122":1,"123":1,"124":1,"125":1,"126":1,"127":1,"128":1,"129":1,"130":1,"131":1,"132":1,"133":1,"134":1,"135":1,"136":1,"137":1,"138":1,"139":1,"140":1,"141":1,"142":64,"143":64,"144":64,"145":64,"146":13,"147":13,"148":51,"149":64,"150":0,"151":0,"152":51,"153":64,"154":1,"155":1,"156":50,"157":64,"158":1,"159":1,"160":49,"161":49,"162":49,"163":49,"164":49,"165":64,"166":21,"167":21,"168":21,"169":21,"170":14,"171":0,"172":0,"173":14,"174":14,"175":21,"176":7,"177":7,"178":7,"179":21,"180":42,"181":42,"182":64,"183":64,"184":64,"185":64,"186":64,"187":64,"188":59,"189":59,"190":59,"191":59,"192":1,"193":1,"194":58,"195":58,"196":58,"197":59,"198":59,"199":14,"200":14,"201":4,"202":4,"203":14,"204":54,"205":54,"206":54,"207":59,"208":17,"209":17,"210":9,"211":9,"212":9,"213":2,"214":2,"215":7,"216":7,"217":7,"218":7,"219":7,"220":17,"221":45,"222":45,"223":59,"224":25,"225":25,"226":20,"227":20,"228":20,"229":20,"230":59,"231":11,"232":11,"233":6,"234":6,"235":0,"236":0,"237":6,"238":6,"239":5,"240":5,"241":5,"242":5,"243":5,"244":9,"245":9,"246":59,"247":4,"248":4,"249":4,"250":4,"251":4,"252":5,"253":5,"254":59,"255":2,"256":2,"257":2,"258":2,"259":3,"260":3,"261":3,"262":21,"263":21,"264":21},"branchMap":{"0":{"type":"branch","line":143,"loc":{"start":{"line":143,"column":0},"end":{"line":265,"column":1}},"locations":[{"start":{"line":143,"column":0},"end":{"line":265,"column":1}}]},"1":{"type":"branch","line":146,"loc":{"start":{"line":146,"column":22},"end":{"line":148,"column":3}},"locations":[{"start":{"line":146,"column":22},"end":{"line":148,"column":3}}]},"2":{"type":"branch","line":149,"loc":{"start":{"line":149,"column":-1},"end":{"line":150,"column":30}},"locations":[{"start":{"line":149,"column":-1},"end":{"line":150,"column":30}}]},"3":{"type":"branch","line":150,"loc":{"start":{"line":150,"column":30},"end":{"line":152,"column":3}},"locations":[{"start":{"line":150,"column":30},"end":{"line":152,"column":3}}]},"4":{"type":"branch","line":153,"loc":{"start":{"line":153,"column":-1},"end":{"line":154,"column":25}},"locations":[{"start":{"line":153,"column":-1},"end":{"line":154,"column":25}}]},"5":{"type":"branch","line":154,"loc":{"start":{"line":154,"column":25},"end":{"line":156,"column":3}},"locations":[{"start":{"line":154,"column":25},"end":{"line":156,"column":3}}]},"6":{"type":"branch","line":157,"loc":{"start":{"line":157,"column":-1},"end":{"line":158,"column":36}},"locations":[{"start":{"line":157,"column":-1},"end":{"line":158,"column":36}}]},"7":{"type":"branch","line":158,"loc":{"start":{"line":158,"column":36},"end":{"line":160,"column":3}},"locations":[{"start":{"line":158,"column":36},"end":{"line":160,"column":3}}]},"8":{"type":"branch","line":161,"loc":{"start":{"line":161,"column":-1},"end":{"line":166,"column":33}},"locations":[{"start":{"line":161,"column":-1},"end":{"line":166,"column":33}}]},"9":{"type":"branch","line":166,"loc":{"start":{"line":166,"column":33},"end":{"line":180,"column":3}},"locations":[{"start":{"line":166,"column":33},"end":{"line":180,"column":3}}]},"10":{"type":"branch","line":170,"loc":{"start":{"line":170,"column":19},"end":{"line":176,"column":5}},"locations":[{"start":{"line":170,"column":19},"end":{"line":176,"column":5}}]},"11":{"type":"branch","line":171,"loc":{"start":{"line":171,"column":30},"end":{"line":173,"column":7}},"locations":[{"start":{"line":171,"column":30},"end":{"line":173,"column":7}}]},"12":{"type":"branch","line":176,"loc":{"start":{"line":176,"column":5},"end":{"line":179,"column":5}},"locations":[{"start":{"line":176,"column":5},"end":{"line":179,"column":5}}]},"13":{"type":"branch","line":181,"loc":{"start":{"line":181,"column":-1},"end":{"line":183,"column":51}},"locations":[{"start":{"line":181,"column":-1},"end":{"line":183,"column":51}}]},"14":{"type":"branch","line":183,"loc":{"start":{"line":183,"column":47},"end":{"line":183,"column":53}},"locations":[{"start":{"line":183,"column":47},"end":{"line":183,"column":53}}]},"15":{"type":"branch","line":184,"loc":{"start":{"line":184,"column":61},"end":{"line":184,"column":70}},"locations":[{"start":{"line":184,"column":61},"end":{"line":184,"column":70}}]},"16":{"type":"branch","line":185,"loc":{"start":{"line":185,"column":65},"end":{"line":185,"column":74}},"locations":[{"start":{"line":185,"column":65},"end":{"line":185,"column":74}}]},"17":{"type":"branch","line":186,"loc":{"start":{"line":186,"column":73},"end":{"line":186,"column":79}},"locations":[{"start":{"line":186,"column":73},"end":{"line":186,"column":79}}]},"18":{"type":"branch","line":188,"loc":{"start":{"line":188,"column":50},"end":{"line":262,"column":3}},"locations":[{"start":{"line":188,"column":50},"end":{"line":262,"column":3}}]},"19":{"type":"branch","line":192,"loc":{"start":{"line":192,"column":28},"end":{"line":192,"column":59}},"locations":[{"start":{"line":192,"column":28},"end":{"line":192,"column":59}}]},"20":{"type":"branch","line":192,"loc":{"start":{"line":192,"column":61},"end":{"line":194,"column":5}},"locations":[{"start":{"line":192,"column":61},"end":{"line":194,"column":5}}]},"21":{"type":"branch","line":195,"loc":{"start":{"line":195,"column":-1},"end":{"line":198,"column":60}},"locations":[{"start":{"line":195,"column":-1},"end":{"line":198,"column":60}}]},"22":{"type":"branch","line":198,"loc":{"start":{"line":198,"column":56},"end":{"line":198,"column":77}},"locations":[{"start":{"line":198,"column":56},"end":{"line":198,"column":77}}]},"23":{"type":"branch","line":199,"loc":{"start":{"line":199,"column":34},"end":{"line":204,"column":5}},"locations":[{"start":{"line":199,"column":34},"end":{"line":204,"column":5}}]},"24":{"type":"branch","line":201,"loc":{"start":{"line":201,"column":29},"end":{"line":203,"column":7}},"locations":[{"start":{"line":201,"column":29},"end":{"line":203,"column":7}}]},"25":{"type":"branch","line":205,"loc":{"start":{"line":205,"column":-1},"end":{"line":208,"column":15}},"locations":[{"start":{"line":205,"column":-1},"end":{"line":208,"column":15}}]},"26":{"type":"branch","line":208,"loc":{"start":{"line":208,"column":15},"end":{"line":221,"column":5}},"locations":[{"start":{"line":208,"column":15},"end":{"line":221,"column":5}}]},"27":{"type":"branch","line":210,"loc":{"start":{"line":210,"column":54},"end":{"line":220,"column":7}},"locations":[{"start":{"line":210,"column":54},"end":{"line":220,"column":7}}]},"28":{"type":"branch","line":213,"loc":{"start":{"line":213,"column":33},"end":{"line":215,"column":9}},"locations":[{"start":{"line":213,"column":33},"end":{"line":215,"column":9}}]},"29":{"type":"branch","line":216,"loc":{"start":{"line":216,"column":-1},"end":{"line":220,"column":7}},"locations":[{"start":{"line":216,"column":-1},"end":{"line":220,"column":7}}]},"30":{"type":"branch","line":222,"loc":{"start":{"line":222,"column":-1},"end":{"line":224,"column":35}},"locations":[{"start":{"line":222,"column":-1},"end":{"line":224,"column":35}}]},"31":{"type":"branch","line":224,"loc":{"start":{"line":224,"column":35},"end":{"line":226,"column":5}},"locations":[{"start":{"line":224,"column":35},"end":{"line":226,"column":5}}]},"32":{"type":"branch","line":227,"loc":{"start":{"line":227,"column":-1},"end":{"line":231,"column":29}},"locations":[{"start":{"line":227,"column":-1},"end":{"line":231,"column":29}}]},"33":{"type":"branch","line":231,"loc":{"start":{"line":231,"column":29},"end":{"line":244,"column":5}},"locations":[{"start":{"line":231,"column":29},"end":{"line":244,"column":5}}]},"34":{"type":"branch","line":233,"loc":{"start":{"line":233,"column":31},"end":{"line":233,"column":49}},"locations":[{"start":{"line":233,"column":31},"end":{"line":233,"column":49}}]},"35":{"type":"branch","line":233,"loc":{"start":{"line":233,"column":51},"end":{"line":239,"column":7}},"locations":[{"start":{"line":233,"column":51},"end":{"line":239,"column":7}}]},"36":{"type":"branch","line":235,"loc":{"start":{"line":235,"column":30},"end":{"line":237,"column":9}},"locations":[{"start":{"line":235,"column":30},"end":{"line":237,"column":9}}]},"37":{"type":"branch","line":238,"loc":{"start":{"line":238,"column":58},"end":{"line":238,"column":85}},"locations":[{"start":{"line":238,"column":58},"end":{"line":238,"column":85}}]},"38":{"type":"branch","line":240,"loc":{"start":{"line":240,"column":-1},"end":{"line":244,"column":5}},"locations":[{"start":{"line":240,"column":-1},"end":{"line":244,"column":5}}]},"39":{"type":"branch","line":245,"loc":{"start":{"line":245,"column":-1},"end":{"line":247,"column":28}},"locations":[{"start":{"line":245,"column":-1},"end":{"line":247,"column":28}}]},"40":{"type":"branch","line":247,"loc":{"start":{"line":247,"column":28},"end":{"line":252,"column":5}},"locations":[{"start":{"line":247,"column":28},"end":{"line":252,"column":5}}]},"41":{"type":"branch","line":253,"loc":{"start":{"line":253,"column":-1},"end":{"line":255,"column":32}},"locations":[{"start":{"line":253,"column":-1},"end":{"line":255,"column":32}}]},"42":{"type":"branch","line":255,"loc":{"start":{"line":255,"column":28},"end":{"line":255,"column":56}},"locations":[{"start":{"line":255,"column":28},"end":{"line":255,"column":56}}]},"43":{"type":"branch","line":255,"loc":{"start":{"line":255,"column":58},"end":{"line":259,"column":5}},"locations":[{"start":{"line":255,"column":58},"end":{"line":259,"column":5}}]},"44":{"type":"branch","line":260,"loc":{"start":{"line":260,"column":-1},"end":{"line":262,"column":3}},"locations":[{"start":{"line":260,"column":-1},"end":{"line":262,"column":3}}]},"45":{"type":"branch","line":263,"loc":{"start":{"line":263,"column":-1},"end":{"line":265,"column":1}},"locations":[{"start":{"line":263,"column":-1},"end":{"line":265,"column":1}}]}},"b":{"0":[64],"1":[13],"2":[51],"3":[0],"4":[51],"5":[1],"6":[50],"7":[1],"8":[49],"9":[21],"10":[14],"11":[0],"12":[7],"13":[42],"14":[2],"15":[27],"16":[37],"17":[22],"18":[59],"19":[45],"20":[1],"21":[58],"22":[44],"23":[14],"24":[4],"25":[54],"26":[17],"27":[9],"28":[2],"29":[7],"30":[45],"31":[25],"32":[20],"33":[11],"34":[8],"35":[6],"36":[0],"37":[0],"38":[5],"39":[9],"40":[4],"41":[5],"42":[3],"43":[2],"44":[3],"45":[21]},"fnMap":{"0":{"name":"get","decl":{"start":{"line":14,"column":9},"end":{"line":14,"column":23}},"loc":{"start":{"line":14,"column":9},"end":{"line":14,"column":23}},"line":14},"1":{"name":"get","decl":{"start":{"line":14,"column":23},"end":{"line":14,"column":80}},"loc":{"start":{"line":14,"column":23},"end":{"line":14,"column":80}},"line":14},"2":{"name":"get","decl":{"start":{"line":15,"column":9},"end":{"line":15,"column":76}},"loc":{"start":{"line":15,"column":9},"end":{"line":15,"column":76}},"line":15},"3":{"name":"isCommandAllowed","decl":{"start":{"line":143,"column":0},"end":{"line":265,"column":1}},"loc":{"start":{"line":143,"column":0},"end":{"line":265,"column":1}},"line":143}},"f":{"0":0,"1":0,"2":0,"3":64}}
,"/Users/purprin/Library/CloudStorage/Dropbox/nullvariant/nullvariant-atelier/public/nullvariant-vscode-extensions/extensions/git-id-switcher/src/configChangeDetector.ts": {"path":"/Users/purprin/Library/CloudStorage/Dropbox/nullvariant/nullvariant-atelier/public/nullvariant-vscode-extensions/extensions/git-id-switcher/src/configChangeDetector.ts","all":false,"statementMap":{"0":{"start":{"line":1,"column":0},"end":{"line":1,"column":3}},"1":{"start":{"line":2,"column":0},"end":{"line":2,"column":33}},"2":{"start":{"line":3,"column":0},"end":{"line":3,"column":2}},"3":{"start":{"line":4,"column":0},"end":{"line":4,"column":55}},"4":{"start":{"line":5,"column":0},"end":{"line":5,"column":69}},"5":{"start":{"line":6,"column":0},"end":{"line":6,"column":3}},"6":{"start":{"line":7,"column":0},"end":{"line":7,"column":0}},"7":{"start":{"line":8,"column":0},"end":{"line":8,"column":46}},"8":{"start":{"line":9,"column":0},"end":{"line":9,"column":45}},"9":{"start":{"line":10,"column":0},"end":{"line":10,"column":0}},"10":{"start":{"line":11,"column":0},"end":{"line":11,"column":3}},"11":{"start":{"line":12,"column":0},"end":{"line":12,"column":47}},"12":{"start":{"line":13,"column":0},"end":{"line":13,"column":3}},"13":{"start":{"line":14,"column":0},"end":{"line":14,"column":28}},"14":{"start":{"line":15,"column":0},"end":{"line":15,"column":15}},"15":{"start":{"line":16,"column":0},"end":{"line":16,"column":20}},"16":{"start":{"line":17,"column":0},"end":{"line":17,"column":21}},"17":{"start":{"line":18,"column":0},"end":{"line":18,"column":22}},"18":{"start":{"line":19,"column":0},"end":{"line":19,"column":22}},"19":{"start":{"line":20,"column":0},"end":{"line":20,"column":19}},"20":{"start":{"line":21,"column":0},"end":{"line":21,"column":27}},"21":{"start":{"line":22,"column":0},"end":{"line":22,"column":20}},"22":{"start":{"line":23,"column":0},"end":{"line":23,"column":11}},"23":{"start":{"line":24,"column":0},"end":{"line":24,"column":0}},"24":{"start":{"line":25,"column":0},"end":{"line":25,"column":53}},"25":{"start":{"line":26,"column":0},"end":{"line":26,"column":0}},"26":{"start":{"line":27,"column":0},"end":{"line":27,"column":3}},"27":{"start":{"line":28,"column":0},"end":{"line":28,"column":46}},"28":{"start":{"line":29,"column":0},"end":{"line":29,"column":3}},"29":{"start":{"line":30,"column":0},"end":{"line":30,"column":33}},"30":{"start":{"line":31,"column":0},"end":{"line":31,"column":24}},"31":{"start":{"line":32,"column":0},"end":{"line":32,"column":26}},"32":{"start":{"line":33,"column":0},"end":{"line":33,"column":28}},"33":{"start":{"line":34,"column":0},"end":{"line":34,"column":29}},"34":{"start":{"line":35,"column":0},"end":{"line":35,"column":29}},"35":{"start":{"line":36,"column":0},"end":{"line":36,"column":25}},"36":{"start":{"line":37,"column":0},"end":{"line":37,"column":34}},"37":{"start":{"line":38,"column":0},"end":{"line":38,"column":42}},"38":{"start":{"line":39,"column":0},"end":{"line":39,"column":1}},"39":{"start":{"line":40,"column":0},"end":{"line":40,"column":0}},"40":{"start":{"line":41,"column":0},"end":{"line":41,"column":3}},"41":{"start":{"line":42,"column":0},"end":{"line":42,"column":31}},"42":{"start":{"line":43,"column":0},"end":{"line":43,"column":3}},"43":{"start":{"line":44,"column":0},"end":{"line":44,"column":37}},"44":{"start":{"line":45,"column":0},"end":{"line":45,"column":17}},"45":{"start":{"line":46,"column":0},"end":{"line":46,"column":25}},"46":{"start":{"line":47,"column":0},"end":{"line":47,"column":20}},"47":{"start":{"line":48,"column":0},"end":{"line":48,"column":1}},"48":{"start":{"line":49,"column":0},"end":{"line":49,"column":0}},"49":{"start":{"line":50,"column":0},"end":{"line":50,"column":3}},"50":{"start":{"line":51,"column":0},"end":{"line":51,"column":37}},"51":{"start":{"line":52,"column":0},"end":{"line":52,"column":3}},"52":{"start":{"line":53,"column":0},"end":{"line":53,"column":16}},"53":{"start":{"line":54,"column":0},"end":{"line":54,"column":38}},"54":{"start":{"line":55,"column":0},"end":{"line":55,"column":11}},"55":{"start":{"line":56,"column":0},"end":{"line":56,"column":0}},"56":{"start":{"line":57,"column":0},"end":{"line":57,"column":3}},"57":{"start":{"line":58,"column":0},"end":{"line":58,"column":32}},"58":{"start":{"line":59,"column":0},"end":{"line":59,"column":2}},"59":{"start":{"line":60,"column":0},"end":{"line":60,"column":50}},"60":{"start":{"line":61,"column":0},"end":{"line":61,"column":3}},"61":{"start":{"line":62,"column":0},"end":{"line":62,"column":35}},"62":{"start":{"line":63,"column":0},"end":{"line":63,"column":49}},"63":{"start":{"line":64,"column":0},"end":{"line":64,"column":0}},"64":{"start":{"line":65,"column":0},"end":{"line":65,"column":5}},"65":{"start":{"line":66,"column":0},"end":{"line":66,"column":71}},"66":{"start":{"line":67,"column":0},"end":{"line":67,"column":5}},"67":{"start":{"line":68,"column":0},"end":{"line":68,"column":36}},"68":{"start":{"line":69,"column":0},"end":{"line":69,"column":37}},"69":{"start":{"line":70,"column":0},"end":{"line":70,"column":21}},"70":{"start":{"line":71,"column":0},"end":{"line":71,"column":83}},"71":{"start":{"line":72,"column":0},"end":{"line":72,"column":14}},"72":{"start":{"line":73,"column":0},"end":{"line":73,"column":23}},"73":{"start":{"line":74,"column":0},"end":{"line":74,"column":28}},"74":{"start":{"line":75,"column":0},"end":{"line":75,"column":31}},"75":{"start":{"line":76,"column":0},"end":{"line":76,"column":32}},"76":{"start":{"line":77,"column":0},"end":{"line":77,"column":32}},"77":{"start":{"line":78,"column":0},"end":{"line":78,"column":26}},"78":{"start":{"line":79,"column":0},"end":{"line":79,"column":38}},"79":{"start":{"line":80,"column":0},"end":{"line":80,"column":28}},"80":{"start":{"line":81,"column":0},"end":{"line":81,"column":8}},"81":{"start":{"line":82,"column":0},"end":{"line":82,"column":5}},"82":{"start":{"line":83,"column":0},"end":{"line":83,"column":63}},"83":{"start":{"line":84,"column":0},"end":{"line":84,"column":63}},"84":{"start":{"line":85,"column":0},"end":{"line":85,"column":0}},"85":{"start":{"line":86,"column":0},"end":{"line":86,"column":57}},"86":{"start":{"line":87,"column":0},"end":{"line":87,"column":29}},"87":{"start":{"line":88,"column":0},"end":{"line":88,"column":69}},"88":{"start":{"line":89,"column":0},"end":{"line":89,"column":45}},"89":{"start":{"line":90,"column":0},"end":{"line":90,"column":21}},"90":{"start":{"line":91,"column":0},"end":{"line":91,"column":0}},"91":{"start":{"line":92,"column":0},"end":{"line":92,"column":12}},"92":{"start":{"line":93,"column":0},"end":{"line":93,"column":36}},"93":{"start":{"line":94,"column":0},"end":{"line":94,"column":65}},"94":{"start":{"line":95,"column":0},"end":{"line":95,"column":70}},"95":{"start":{"line":96,"column":0},"end":{"line":96,"column":72}},"96":{"start":{"line":97,"column":0},"end":{"line":97,"column":72}},"97":{"start":{"line":98,"column":0},"end":{"line":98,"column":62}},"98":{"start":{"line":99,"column":0},"end":{"line":99,"column":83}},"99":{"start":{"line":100,"column":0},"end":{"line":100,"column":81}},"100":{"start":{"line":101,"column":0},"end":{"line":101,"column":6}},"101":{"start":{"line":102,"column":0},"end":{"line":102,"column":3}},"102":{"start":{"line":103,"column":0},"end":{"line":103,"column":0}},"103":{"start":{"line":104,"column":0},"end":{"line":104,"column":5}},"104":{"start":{"line":105,"column":0},"end":{"line":105,"column":45}},"105":{"start":{"line":106,"column":0},"end":{"line":106,"column":5}},"106":{"start":{"line":107,"column":0},"end":{"line":107,"column":25}},"107":{"start":{"line":108,"column":0},"end":{"line":108,"column":9}},"108":{"start":{"line":109,"column":0},"end":{"line":109,"column":44}},"109":{"start":{"line":110,"column":0},"end":{"line":110,"column":21}},"110":{"start":{"line":111,"column":0},"end":{"line":111,"column":77}},"111":{"start":{"line":112,"column":0},"end":{"line":112,"column":5}},"112":{"start":{"line":113,"column":0},"end":{"line":113,"column":3}},"113":{"start":{"line":114,"column":0},"end":{"line":114,"column":0}},"114":{"start":{"line":115,"column":0},"end":{"line":115,"column":5}},"115":{"start":{"line":116,"column":0},"end":{"line":116,"column":36}},"116":{"start":{"line":117,"column":0},"end":{"line":117,"column":5}},"117":{"start":{"line":118,"column":0},"end":{"line":118,"column":40}},"118":{"start":{"line":119,"column":0},"end":{"line":119,"column":25}},"119":{"start":{"line":120,"column":0},"end":{"line":120,"column":3}},"120":{"start":{"line":121,"column":0},"end":{"line":121,"column":0}},"121":{"start":{"line":122,"column":0},"end":{"line":122,"column":5}},"122":{"start":{"line":123,"column":0},"end":{"line":123,"column":30}},"123":{"start":{"line":124,"column":0},"end":{"line":124,"column":5}},"124":{"start":{"line":125,"column":0},"end":{"line":125,"column":25}},"125":{"start":{"line":126,"column":0},"end":{"line":126,"column":25}},"126":{"start":{"line":127,"column":0},"end":{"line":127,"column":3}},"127":{"start":{"line":128,"column":0},"end":{"line":128,"column":0}},"128":{"start":{"line":129,"column":0},"end":{"line":129,"column":5}},"129":{"start":{"line":130,"column":0},"end":{"line":130,"column":73}},"130":{"start":{"line":131,"column":0},"end":{"line":131,"column":5}},"131":{"start":{"line":132,"column":0},"end":{"line":132,"column":56}},"132":{"start":{"line":133,"column":0},"end":{"line":133,"column":29}},"133":{"start":{"line":134,"column":0},"end":{"line":134,"column":44}},"134":{"start":{"line":135,"column":0},"end":{"line":135,"column":49}},"135":{"start":{"line":136,"column":0},"end":{"line":136,"column":0}},"136":{"start":{"line":137,"column":0},"end":{"line":137,"column":57}},"137":{"start":{"line":138,"column":0},"end":{"line":138,"column":11}},"138":{"start":{"line":139,"column":0},"end":{"line":139,"column":39}},"139":{"start":{"line":140,"column":0},"end":{"line":140,"column":39}},"140":{"start":{"line":141,"column":0},"end":{"line":141,"column":0}},"141":{"start":{"line":142,"column":0},"end":{"line":142,"column":76}},"142":{"start":{"line":143,"column":0},"end":{"line":143,"column":12}},"143":{"start":{"line":144,"column":0},"end":{"line":144,"column":52}},"144":{"start":{"line":145,"column":0},"end":{"line":145,"column":49}},"145":{"start":{"line":146,"column":0},"end":{"line":146,"column":11}},"146":{"start":{"line":147,"column":0},"end":{"line":147,"column":70}},"147":{"start":{"line":148,"column":0},"end":{"line":148,"column":9}},"148":{"start":{"line":149,"column":0},"end":{"line":149,"column":0}},"149":{"start":{"line":150,"column":0},"end":{"line":150,"column":29}},"150":{"start":{"line":151,"column":0},"end":{"line":151,"column":15}},"151":{"start":{"line":152,"column":0},"end":{"line":152,"column":60}},"152":{"start":{"line":153,"column":0},"end":{"line":153,"column":21}},"153":{"start":{"line":154,"column":0},"end":{"line":154,"column":7}},"154":{"start":{"line":155,"column":0},"end":{"line":155,"column":5}},"155":{"start":{"line":156,"column":0},"end":{"line":156,"column":0}},"156":{"start":{"line":157,"column":0},"end":{"line":157,"column":17}},"157":{"start":{"line":158,"column":0},"end":{"line":158,"column":3}},"158":{"start":{"line":159,"column":0},"end":{"line":159,"column":0}},"159":{"start":{"line":160,"column":0},"end":{"line":160,"column":5}},"160":{"start":{"line":161,"column":0},"end":{"line":161,"column":44}},"161":{"start":{"line":162,"column":0},"end":{"line":162,"column":5}},"162":{"start":{"line":163,"column":0},"end":{"line":163,"column":68}},"163":{"start":{"line":164,"column":0},"end":{"line":164,"column":25}},"164":{"start":{"line":165,"column":0},"end":{"line":165,"column":16}},"165":{"start":{"line":166,"column":0},"end":{"line":166,"column":5}},"166":{"start":{"line":167,"column":0},"end":{"line":167,"column":0}},"167":{"start":{"line":168,"column":0},"end":{"line":168,"column":9}},"168":{"start":{"line":169,"column":0},"end":{"line":169,"column":47}},"169":{"start":{"line":170,"column":0},"end":{"line":170,"column":0}},"170":{"start":{"line":171,"column":0},"end":{"line":171,"column":38}},"171":{"start":{"line":172,"column":0},"end":{"line":172,"column":49}},"172":{"start":{"line":173,"column":0},"end":{"line":173,"column":42}},"173":{"start":{"line":174,"column":0},"end":{"line":174,"column":0}},"174":{"start":{"line":175,"column":0},"end":{"line":175,"column":57}},"175":{"start":{"line":176,"column":0},"end":{"line":176,"column":24}},"176":{"start":{"line":177,"column":0},"end":{"line":177,"column":16}},"177":{"start":{"line":178,"column":0},"end":{"line":178,"column":26}},"178":{"start":{"line":179,"column":0},"end":{"line":179,"column":21}},"179":{"start":{"line":180,"column":0},"end":{"line":180,"column":13}},"180":{"start":{"line":181,"column":0},"end":{"line":181,"column":9}},"181":{"start":{"line":182,"column":0},"end":{"line":182,"column":7}},"182":{"start":{"line":183,"column":0},"end":{"line":183,"column":0}},"183":{"start":{"line":184,"column":0},"end":{"line":184,"column":21}},"184":{"start":{"line":185,"column":0},"end":{"line":185,"column":21}},"185":{"start":{"line":186,"column":0},"end":{"line":186,"column":78}},"186":{"start":{"line":187,"column":0},"end":{"line":187,"column":16}},"187":{"start":{"line":188,"column":0},"end":{"line":188,"column":5}},"188":{"start":{"line":189,"column":0},"end":{"line":189,"column":3}},"189":{"start":{"line":190,"column":0},"end":{"line":190,"column":0}},"190":{"start":{"line":191,"column":0},"end":{"line":191,"column":5}},"191":{"start":{"line":192,"column":0},"end":{"line":192,"column":39}},"192":{"start":{"line":193,"column":0},"end":{"line":193,"column":5}},"193":{"start":{"line":194,"column":0},"end":{"line":194,"column":51}},"194":{"start":{"line":195,"column":0},"end":{"line":195,"column":8}},"195":{"start":{"line":196,"column":0},"end":{"line":196,"column":37}},"196":{"start":{"line":197,"column":0},"end":{"line":197,"column":26}},"197":{"start":{"line":198,"column":0},"end":{"line":198,"column":25}},"198":{"start":{"line":199,"column":0},"end":{"line":199,"column":66}},"199":{"start":{"line":200,"column":0},"end":{"line":200,"column":7}},"200":{"start":{"line":201,"column":0},"end":{"line":201,"column":64}},"201":{"start":{"line":202,"column":0},"end":{"line":202,"column":5}},"202":{"start":{"line":203,"column":0},"end":{"line":203,"column":16}},"203":{"start":{"line":204,"column":0},"end":{"line":204,"column":3}},"204":{"start":{"line":205,"column":0},"end":{"line":205,"column":0}},"205":{"start":{"line":206,"column":0},"end":{"line":206,"column":5}},"206":{"start":{"line":207,"column":0},"end":{"line":207,"column":50}},"207":{"start":{"line":208,"column":0},"end":{"line":208,"column":5}},"208":{"start":{"line":209,"column":0},"end":{"line":209,"column":55}},"209":{"start":{"line":210,"column":0},"end":{"line":210,"column":29}},"210":{"start":{"line":211,"column":0},"end":{"line":211,"column":25}},"211":{"start":{"line":212,"column":0},"end":{"line":212,"column":18}},"212":{"start":{"line":213,"column":0},"end":{"line":213,"column":0}},"213":{"start":{"line":214,"column":0},"end":{"line":214,"column":40}},"214":{"start":{"line":215,"column":0},"end":{"line":215,"column":35}},"215":{"start":{"line":216,"column":0},"end":{"line":216,"column":46}},"216":{"start":{"line":217,"column":0},"end":{"line":217,"column":15}},"217":{"start":{"line":218,"column":0},"end":{"line":218,"column":21}},"218":{"start":{"line":219,"column":0},"end":{"line":219,"column":7}},"219":{"start":{"line":220,"column":0},"end":{"line":220,"column":14}},"220":{"start":{"line":221,"column":0},"end":{"line":221,"column":5}},"221":{"start":{"line":222,"column":0},"end":{"line":222,"column":0}},"222":{"start":{"line":223,"column":0},"end":{"line":223,"column":15}},"223":{"start":{"line":224,"column":0},"end":{"line":224,"column":3}},"224":{"start":{"line":225,"column":0},"end":{"line":225,"column":0}},"225":{"start":{"line":226,"column":0},"end":{"line":226,"column":5}},"226":{"start":{"line":227,"column":0},"end":{"line":227,"column":31}},"227":{"start":{"line":228,"column":0},"end":{"line":228,"column":5}},"228":{"start":{"line":229,"column":0},"end":{"line":229,"column":27}},"229":{"start":{"line":230,"column":0},"end":{"line":230,"column":34}},"230":{"start":{"line":231,"column":0},"end":{"line":231,"column":28}},"231":{"start":{"line":232,"column":0},"end":{"line":232,"column":6}},"232":{"start":{"line":233,"column":0},"end":{"line":233,"column":26}},"233":{"start":{"line":234,"column":0},"end":{"line":234,"column":21}},"234":{"start":{"line":235,"column":0},"end":{"line":235,"column":20}},"235":{"start":{"line":236,"column":0},"end":{"line":236,"column":22}},"236":{"start":{"line":237,"column":0},"end":{"line":237,"column":23}},"237":{"start":{"line":238,"column":0},"end":{"line":238,"column":5}},"238":{"start":{"line":239,"column":0},"end":{"line":239,"column":64}},"239":{"start":{"line":240,"column":0},"end":{"line":240,"column":58}},"240":{"start":{"line":241,"column":0},"end":{"line":241,"column":0}},"241":{"start":{"line":242,"column":0},"end":{"line":242,"column":61}},"242":{"start":{"line":243,"column":0},"end":{"line":243,"column":63}},"243":{"start":{"line":244,"column":0},"end":{"line":244,"column":42}},"244":{"start":{"line":245,"column":0},"end":{"line":245,"column":46}},"245":{"start":{"line":246,"column":0},"end":{"line":246,"column":51}},"246":{"start":{"line":247,"column":0},"end":{"line":247,"column":41}},"247":{"start":{"line":248,"column":0},"end":{"line":248,"column":8}},"248":{"start":{"line":249,"column":0},"end":{"line":249,"column":80}},"249":{"start":{"line":250,"column":0},"end":{"line":250,"column":58}},"250":{"start":{"line":251,"column":0},"end":{"line":251,"column":7}},"251":{"start":{"line":252,"column":0},"end":{"line":252,"column":0}},"252":{"start":{"line":253,"column":0},"end":{"line":253,"column":12}},"253":{"start":{"line":254,"column":0},"end":{"line":254,"column":47}},"254":{"start":{"line":255,"column":0},"end":{"line":255,"column":37}},"255":{"start":{"line":256,"column":0},"end":{"line":256,"column":12}},"256":{"start":{"line":257,"column":0},"end":{"line":257,"column":14}},"257":{"start":{"line":258,"column":0},"end":{"line":258,"column":15}},"258":{"start":{"line":259,"column":0},"end":{"line":259,"column":6}},"259":{"start":{"line":260,"column":0},"end":{"line":260,"column":3}},"260":{"start":{"line":261,"column":0},"end":{"line":261,"column":1}},"261":{"start":{"line":262,"column":0},"end":{"line":262,"column":0}},"262":{"start":{"line":263,"column":0},"end":{"line":263,"column":3}},"263":{"start":{"line":264,"column":0},"end":{"line":264,"column":21}},"264":{"start":{"line":265,"column":0},"end":{"line":265,"column":3}},"265":{"start":{"line":266,"column":0},"end":{"line":266,"column":63}}},"s":{"0":1,"1":1,"2":1,"3":1,"4":1,"5":1,"6":1,"7":1,"8":1,"9":1,"10":1,"11":1,"12":1,"13":1,"14":1,"15":1,"16":1,"17":1,"18":1,"19":1,"20":1,"21":1,"22":1,"23":1,"24":1,"25":1,"26":1,"27":1,"28":1,"29":1,"30":1,"31":1,"32":1,"33":1,"34":1,"35":1,"36":1,"37":1,"38":1,"39":1,"40":1,"41":1,"42":1,"43":1,"44":1,"45":1,"46":1,"47":1,"48":1,"49":1,"50":1,"51":1,"52":1,"53":1,"54":1,"55":1,"56":1,"57":1,"58":1,"59":1,"60":1,"61":1,"62":1,"63":1,"64":1,"65":1,"66":1,"67":1,"68":13,"69":13,"70":11,"71":11,"72":11,"73":11,"74":11,"75":11,"76":11,"77":11,"78":11,"79":11,"80":11,"81":11,"82":2,"83":2,"84":2,"85":2,"86":2,"87":2,"88":13,"89":13,"90":13,"91":13,"92":13,"93":13,"94":13,"95":13,"96":13,"97":13,"98":13,"99":13,"100":13,"101":13,"102":1,"103":1,"104":1,"105":1,"106":1,"107":9,"108":9,"109":9,"110":1,"111":1,"112":9,"113":1,"114":1,"115":1,"116":1,"117":1,"118":11,"119":11,"120":1,"121":1,"122":1,"123":1,"124":1,"125":3,"126":3,"127":1,"128":1,"129":1,"130":1,"131":1,"132":182,"133":182,"134":182,"135":34,"136":182,"137":19,"138":19,"139":19,"140":19,"141":19,"142":19,"143":19,"144":14,"145":19,"146":3,"147":3,"148":14,"149":14,"150":19,"151":2,"152":2,"153":2,"154":19,"155":15,"156":15,"157":15,"158":1,"159":1,"160":1,"161":1,"162":1,"163":24,"164":1,"165":1,"166":23,"167":23,"168":23,"169":23,"170":24,"171":177,"172":177,"173":177,"174":177,"175":29,"176":29,"177":29,"178":29,"179":29,"180":29,"181":177,"182":22,"183":22,"184":24,"185":1,"186":1,"187":1,"188":24,"189":1,"190":1,"191":1,"192":1,"193":1,"194":162,"195":162,"196":162,"197":162,"198":154,"199":162,"200":151,"201":151,"202":11,"203":11,"204":1,"205":1,"206":1,"207":1,"208":1,"209":29,"210":29,"211":29,"212":29,"213":29,"214":136,"215":135,"216":136,"217":133,"218":133,"219":135,"220":135,"221":29,"222":29,"223":29,"224":1,"225":1,"226":1,"227":1,"228":1,"229":12,"230":12,"231":12,"232":12,"233":12,"234":12,"235":12,"236":12,"237":12,"238":12,"239":12,"240":12,"241":12,"242":12,"243":12,"244":15,"245":6,"246":6,"247":6,"248":6,"249":6,"250":12,"251":12,"252":12,"253":12,"254":12,"255":12,"256":12,"257":12,"258":12,"259":12,"260":1,"261":1,"262":1,"263":1,"264":1,"265":1},"branchMap":{"0":{"type":"branch","line":63,"loc":{"start":{"line":63,"column":10},"end":{"line":63,"column":48}},"locations":[{"start":{"line":63,"column":10},"end":{"line":63,"column":48}}]},"1":{"type":"branch","line":68,"loc":{"start":{"line":68,"column":2},"end":{"line":102,"column":3}},"locations":[{"start":{"line":68,"column":2},"end":{"line":102,"column":3}}]},"2":{"type":"branch","line":70,"loc":{"start":{"line":70,"column":20},"end":{"line":82,"column":5}},"locations":[{"start":{"line":70,"column":20},"end":{"line":82,"column":5}}]},"3":{"type":"branch","line":83,"loc":{"start":{"line":83,"column":-1},"end":{"line":88,"column":69}},"locations":[{"start":{"line":83,"column":-1},"end":{"line":88,"column":69}}]},"4":{"type":"branch","line":89,"loc":{"start":{"line":89,"column":8},"end":{"line":89,"column":45}},"locations":[{"start":{"line":89,"column":8},"end":{"line":89,"column":45}}]},"5":{"type":"branch","line":90,"loc":{"start":{"line":90,"column":8},"end":{"line":90,"column":20}},"locations":[{"start":{"line":90,"column":8},"end":{"line":90,"column":20}}]},"6":{"type":"branch","line":107,"loc":{"start":{"line":107,"column":2},"end":{"line":113,"column":3}},"locations":[{"start":{"line":107,"column":2},"end":{"line":113,"column":3}}]},"7":{"type":"branch","line":110,"loc":{"start":{"line":110,"column":6},"end":{"line":112,"column":5}},"locations":[{"start":{"line":110,"column":6},"end":{"line":112,"column":5}}]},"8":{"type":"branch","line":118,"loc":{"start":{"line":118,"column":2},"end":{"line":120,"column":3}},"locations":[{"start":{"line":118,"column":2},"end":{"line":120,"column":3}}]},"9":{"type":"branch","line":125,"loc":{"start":{"line":125,"column":2},"end":{"line":127,"column":3}},"locations":[{"start":{"line":125,"column":2},"end":{"line":127,"column":3}}]},"10":{"type":"branch","line":132,"loc":{"start":{"line":132,"column":10},"end":{"line":158,"column":3}},"locations":[{"start":{"line":132,"column":10},"end":{"line":158,"column":3}}]},"11":{"type":"branch","line":133,"loc":{"start":{"line":133,"column":17},"end":{"line":133,"column":29}},"locations":[{"start":{"line":133,"column":17},"end":{"line":133,"column":29}}]},"12":{"type":"branch","line":134,"loc":{"start":{"line":134,"column":-1},"end":{"line":134,"column":38}},"locations":[{"start":{"line":134,"column":-1},"end":{"line":134,"column":38}}]},"13":{"type":"branch","line":134,"loc":{"start":{"line":134,"column":31},"end":{"line":134,"column":44}},"locations":[{"start":{"line":134,"column":31},"end":{"line":134,"column":44}}]},"14":{"type":"branch","line":135,"loc":{"start":{"line":135,"column":-1},"end":{"line":135,"column":32}},"locations":[{"start":{"line":135,"column":-1},"end":{"line":135,"column":32}}]},"15":{"type":"branch","line":135,"loc":{"start":{"line":135,"column":34},"end":{"line":135,"column":49}},"locations":[{"start":{"line":135,"column":34},"end":{"line":135,"column":49}}]},"16":{"type":"branch","line":136,"loc":{"start":{"line":136,"column":-1},"end":{"line":137,"column":33}},"locations":[{"start":{"line":136,"column":-1},"end":{"line":137,"column":33}}]},"17":{"type":"branch","line":137,"loc":{"start":{"line":137,"column":29},"end":{"line":137,"column":54}},"locations":[{"start":{"line":137,"column":29},"end":{"line":137,"column":54}}]},"18":{"type":"branch","line":137,"loc":{"start":{"line":137,"column":56},"end":{"line":155,"column":5}},"locations":[{"start":{"line":137,"column":56},"end":{"line":155,"column":5}}]},"19":{"type":"branch","line":144,"loc":{"start":{"line":144,"column":49},"end":{"line":145,"column":49}},"locations":[{"start":{"line":144,"column":49},"end":{"line":145,"column":49}}]},"20":{"type":"branch","line":146,"loc":{"start":{"line":146,"column":10},"end":{"line":148,"column":9}},"locations":[{"start":{"line":146,"column":10},"end":{"line":148,"column":9}}]},"21":{"type":"branch","line":147,"loc":{"start":{"line":147,"column":44},"end":{"line":147,"column":69}},"locations":[{"start":{"line":147,"column":44},"end":{"line":147,"column":69}}]},"22":{"type":"branch","line":149,"loc":{"start":{"line":149,"column":-1},"end":{"line":151,"column":14}},"locations":[{"start":{"line":149,"column":-1},"end":{"line":151,"column":14}}]},"23":{"type":"branch","line":151,"loc":{"start":{"line":151,"column":8},"end":{"line":154,"column":7}},"locations":[{"start":{"line":151,"column":8},"end":{"line":154,"column":7}}]},"24":{"type":"branch","line":156,"loc":{"start":{"line":156,"column":-1},"end":{"line":158,"column":3}},"locations":[{"start":{"line":156,"column":-1},"end":{"line":158,"column":3}}]},"25":{"type":"branch","line":163,"loc":{"start":{"line":163,"column":2},"end":{"line":189,"column":3}},"locations":[{"start":{"line":163,"column":2},"end":{"line":189,"column":3}}]},"26":{"type":"branch","line":164,"loc":{"start":{"line":164,"column":24},"end":{"line":166,"column":5}},"locations":[{"start":{"line":164,"column":24},"end":{"line":166,"column":5}}]},"27":{"type":"branch","line":167,"loc":{"start":{"line":167,"column":-1},"end":{"line":171,"column":37}},"locations":[{"start":{"line":167,"column":-1},"end":{"line":171,"column":37}}]},"28":{"type":"branch","line":171,"loc":{"start":{"line":171,"column":37},"end":{"line":182,"column":7}},"locations":[{"start":{"line":171,"column":37},"end":{"line":182,"column":7}}]},"29":{"type":"branch","line":175,"loc":{"start":{"line":175,"column":56},"end":{"line":181,"column":9}},"locations":[{"start":{"line":175,"column":56},"end":{"line":181,"column":9}}]},"30":{"type":"branch","line":183,"loc":{"start":{"line":183,"column":-1},"end":{"line":185,"column":13}},"locations":[{"start":{"line":183,"column":-1},"end":{"line":185,"column":13}}]},"31":{"type":"branch","line":185,"loc":{"start":{"line":185,"column":6},"end":{"line":188,"column":5}},"locations":[{"start":{"line":185,"column":6},"end":{"line":188,"column":5}}]},"32":{"type":"branch","line":194,"loc":{"start":{"line":194,"column":2},"end":{"line":204,"column":3}},"locations":[{"start":{"line":194,"column":2},"end":{"line":204,"column":3}}]},"33":{"type":"branch","line":196,"loc":{"start":{"line":196,"column":34},"end":{"line":197,"column":23}},"locations":[{"start":{"line":196,"column":34},"end":{"line":197,"column":23}}]},"34":{"type":"branch","line":197,"loc":{"start":{"line":197,"column":23},"end":{"line":198,"column":22}},"locations":[{"start":{"line":197,"column":23},"end":{"line":198,"column":22}}]},"35":{"type":"branch","line":198,"loc":{"start":{"line":198,"column":22},"end":{"line":199,"column":66}},"locations":[{"start":{"line":198,"column":22},"end":{"line":199,"column":66}}]},"36":{"type":"branch","line":200,"loc":{"start":{"line":200,"column":6},"end":{"line":202,"column":5}},"locations":[{"start":{"line":200,"column":6},"end":{"line":202,"column":5}}]},"37":{"type":"branch","line":203,"loc":{"start":{"line":203,"column":-1},"end":{"line":204,"column":3}},"locations":[{"start":{"line":203,"column":-1},"end":{"line":204,"column":3}}]},"38":{"type":"branch","line":209,"loc":{"start":{"line":209,"column":2},"end":{"line":224,"column":3}},"locations":[{"start":{"line":209,"column":2},"end":{"line":224,"column":3}}]},"39":{"type":"branch","line":214,"loc":{"start":{"line":214,"column":39},"end":{"line":221,"column":5}},"locations":[{"start":{"line":214,"column":39},"end":{"line":221,"column":5}}]},"40":{"type":"branch","line":215,"loc":{"start":{"line":215,"column":29},"end":{"line":215,"column":35}},"locations":[{"start":{"line":215,"column":29},"end":{"line":215,"column":35}}]},"41":{"type":"branch","line":216,"loc":{"start":{"line":216,"column":-1},"end":{"line":217,"column":14}},"locations":[{"start":{"line":216,"column":-1},"end":{"line":217,"column":14}}]},"42":{"type":"branch","line":217,"loc":{"start":{"line":217,"column":14},"end":{"line":219,"column":7}},"locations":[{"start":{"line":217,"column":14},"end":{"line":219,"column":7}}]},"43":{"type":"branch","line":220,"loc":{"start":{"line":220,"column":-1},"end":{"line":221,"column":5}},"locations":[{"start":{"line":220,"column":-1},"end":{"line":221,"column":5}}]},"44":{"type":"branch","line":229,"loc":{"start":{"line":229,"column":2},"end":{"line":260,"column":3}},"locations":[{"start":{"line":229,"column":2},"end":{"line":260,"column":3}}]},"45":{"type":"branch","line":242,"loc":{"start":{"line":242,"column":32},"end":{"line":242,"column":59}},"locations":[{"start":{"line":242,"column":32},"end":{"line":242,"column":59}}]},"46":{"type":"branch","line":243,"loc":{"start":{"line":243,"column":35},"end":{"line":243,"column":61}},"locations":[{"start":{"line":243,"column":35},"end":{"line":243,"column":61}}]},"47":{"type":"branch","line":244,"loc":{"start":{"line":244,"column":35},"end":{"line":251,"column":5}},"locations":[{"start":{"line":244,"column":35},"end":{"line":251,"column":5}}]},"48":{"type":"branch","line":245,"loc":{"start":{"line":245,"column":33},"end":{"line":245,"column":46}},"locations":[{"start":{"line":245,"column":33},"end":{"line":245,"column":46}}]},"49":{"type":"branch","line":246,"loc":{"start":{"line":246,"column":-1},"end":{"line":251,"column":5}},"locations":[{"start":{"line":246,"column":-1},"end":{"line":251,"column":5}}]},"50":{"type":"branch","line":247,"loc":{"start":{"line":247,"column":8},"end":{"line":247,"column":41}},"locations":[{"start":{"line":247,"column":8},"end":{"line":247,"column":41}}]},"51":{"type":"branch","line":249,"loc":{"start":{"line":249,"column":45},"end":{"line":249,"column":78}},"locations":[{"start":{"line":249,"column":45},"end":{"line":249,"column":78}}]}},"b":{"0":[22],"1":[13],"2":[11],"3":[2],"4":[1],"5":[1],"6":[9],"7":[1],"8":[11],"9":[3],"10":[182],"11":[144],"12":[38],"13":[4],"14":[34],"15":[0],"16":[34],"17":[19],"18":[19],"19":[14],"20":[3],"21":[1],"22":[14],"23":[2],"24":[15],"25":[24],"26":[1],"27":[23],"28":[177],"29":[29],"30":[22],"31":[1],"32":[162],"33":[159],"34":[157],"35":[154],"36":[151],"37":[11],"38":[29],"39":[136],"40":[1],"41":[135],"42":[133],"43":[135],"44":[12],"45":[15],"46":[11],"47":[15],"48":[9],"49":[6],"50":[8],"51":[8]},"fnMap":{"0":{"name":"<instance_members_initializer>","decl":{"start":{"line":63,"column":10},"end":{"line":63,"column":48}},"loc":{"start":{"line":63,"column":10},"end":{"line":63,"column":48}},"line":63},"1":{"name":"createSnapshot","decl":{"start":{"line":68,"column":2},"end":{"line":102,"column":3}},"loc":{"start":{"line":68,"column":2},"end":{"line":102,"column":3}},"line":68},"2":{"name":"storeSnapshot","decl":{"start":{"line":107,"column":2},"end":{"line":113,"column":3}},"loc":{"start":{"line":107,"column":2},"end":{"line":113,"column":3}},"line":107},"3":{"name":"getSnapshot","decl":{"start":{"line":118,"column":2},"end":{"line":120,"column":3}},"loc":{"start":{"line":118,"column":2},"end":{"line":120,"column":3}},"line":118},"4":{"name":"clearSnapshot","decl":{"start":{"line":125,"column":2},"end":{"line":127,"column":3}},"loc":{"start":{"line":125,"column":2},"end":{"line":127,"column":3}},"line":125},"5":{"name":"valuesEqual","decl":{"start":{"line":132,"column":10},"end":{"line":158,"column":3}},"loc":{"start":{"line":132,"column":10},"end":{"line":158,"column":3}},"line":132},"6":{"name":"detectChanges","decl":{"start":{"line":163,"column":2},"end":{"line":189,"column":3}},"loc":{"start":{"line":163,"column":2},"end":{"line":189,"column":3}},"line":163},"7":{"name":"getIdentityId","decl":{"start":{"line":194,"column":2},"end":{"line":204,"column":3}},"loc":{"start":{"line":194,"column":2},"end":{"line":204,"column":3}},"line":194},"8":{"name":"extractIdentityIds","decl":{"start":{"line":209,"column":2},"end":{"line":224,"column":3}},"loc":{"start":{"line":209,"column":2},"end":{"line":224,"column":3}},"line":209},"9":{"name":"summarizeIdentityChanges","decl":{"start":{"line":229,"column":2},"end":{"line":260,"column":3}},"loc":{"start":{"line":229,"column":2},"end":{"line":260,"column":3}},"line":229}},"f":{"0":22,"1":13,"2":9,"3":11,"4":3,"5":182,"6":24,"7":162,"8":29,"9":12}}
,"/Users/purprin/Library/CloudStorage/Dropbox/nullvariant/nullvariant-atelier/public/nullvariant-vscode-extensions/extensions/git-id-switcher/src/constants.ts": {"path":"/Users/purprin/Library/CloudStorage/Dropbox/nullvariant/nullvariant-atelier/public/nullvariant-vscode-extensions/extensions/git-id-switcher/src/constants.ts","all":false,"statementMap":{"0":{"start":{"line":1,"column":0},"end":{"line":1,"column":3}},"1":{"start":{"line":2,"column":0},"end":{"line":2,"column":19}},"2":{"start":{"line":3,"column":0},"end":{"line":3,"column":2}},"3":{"start":{"line":4,"column":0},"end":{"line":4,"column":51}},"4":{"start":{"line":5,"column":0},"end":{"line":5,"column":71}},"5":{"start":{"line":6,"column":0},"end":{"line":6,"column":3}},"6":{"start":{"line":7,"column":0},"end":{"line":7,"column":0}},"7":{"start":{"line":8,"column":0},"end":{"line":8,"column":3}},"8":{"start":{"line":9,"column":0},"end":{"line":9,"column":23}},"9":{"start":{"line":10,"column":0},"end":{"line":10,"column":2}},"10":{"start":{"line":11,"column":0},"end":{"line":11,"column":59}},"11":{"start":{"line":12,"column":0},"end":{"line":12,"column":50}},"12":{"start":{"line":13,"column":0},"end":{"line":13,"column":37}},"13":{"start":{"line":14,"column":0},"end":{"line":14,"column":40}},"14":{"start":{"line":15,"column":0},"end":{"line":15,"column":3}},"15":{"start":{"line":16,"column":0},"end":{"line":16,"column":29}},"16":{"start":{"line":17,"column":0},"end":{"line":17,"column":0}},"17":{"start":{"line":18,"column":0},"end":{"line":18,"column":3}},"18":{"start":{"line":19,"column":0},"end":{"line":19,"column":39}},"19":{"start":{"line":20,"column":0},"end":{"line":20,"column":2}},"20":{"start":{"line":21,"column":0},"end":{"line":21,"column":30}},"21":{"start":{"line":22,"column":0},"end":{"line":22,"column":34}},"22":{"start":{"line":23,"column":0},"end":{"line":23,"column":53}},"23":{"start":{"line":24,"column":0},"end":{"line":24,"column":53}},"24":{"start":{"line":25,"column":0},"end":{"line":25,"column":3}},"25":{"start":{"line":26,"column":0},"end":{"line":26,"column":35}},"26":{"start":{"line":27,"column":0},"end":{"line":27,"column":0}},"27":{"start":{"line":28,"column":0},"end":{"line":28,"column":3}},"28":{"start":{"line":29,"column":0},"end":{"line":29,"column":45}},"29":{"start":{"line":30,"column":0},"end":{"line":30,"column":2}},"30":{"start":{"line":31,"column":0},"end":{"line":31,"column":47}},"31":{"start":{"line":32,"column":0},"end":{"line":32,"column":3}},"32":{"start":{"line":33,"column":0},"end":{"line":33,"column":45}},"33":{"start":{"line":34,"column":0},"end":{"line":34,"column":0}},"34":{"start":{"line":35,"column":0},"end":{"line":35,"column":3}},"35":{"start":{"line":36,"column":0},"end":{"line":36,"column":49}},"36":{"start":{"line":37,"column":0},"end":{"line":37,"column":2}},"37":{"start":{"line":38,"column":0},"end":{"line":38,"column":49}},"38":{"start":{"line":39,"column":0},"end":{"line":39,"column":3}},"39":{"start":{"line":40,"column":0},"end":{"line":40,"column":40}},"40":{"start":{"line":41,"column":0},"end":{"line":41,"column":0}},"41":{"start":{"line":42,"column":0},"end":{"line":42,"column":3}},"42":{"start":{"line":43,"column":0},"end":{"line":43,"column":50}},"43":{"start":{"line":44,"column":0},"end":{"line":44,"column":3}},"44":{"start":{"line":45,"column":0},"end":{"line":45,"column":36}},"45":{"start":{"line":46,"column":0},"end":{"line":46,"column":0}},"46":{"start":{"line":47,"column":0},"end":{"line":47,"column":3}},"47":{"start":{"line":48,"column":0},"end":{"line":48,"column":50}},"48":{"start":{"line":49,"column":0},"end":{"line":49,"column":3}},"49":{"start":{"line":50,"column":0},"end":{"line":50,"column":37}},"50":{"start":{"line":51,"column":0},"end":{"line":51,"column":0}},"51":{"start":{"line":52,"column":0},"end":{"line":52,"column":3}},"52":{"start":{"line":53,"column":0},"end":{"line":53,"column":29}},"53":{"start":{"line":54,"column":0},"end":{"line":54,"column":2}},"54":{"start":{"line":55,"column":0},"end":{"line":55,"column":58}},"55":{"start":{"line":56,"column":0},"end":{"line":56,"column":3}},"56":{"start":{"line":57,"column":0},"end":{"line":57,"column":32}},"57":{"start":{"line":58,"column":0},"end":{"line":58,"column":0}},"58":{"start":{"line":59,"column":0},"end":{"line":59,"column":3}},"59":{"start":{"line":60,"column":0},"end":{"line":60,"column":53}},"60":{"start":{"line":61,"column":0},"end":{"line":61,"column":2}},"61":{"start":{"line":62,"column":0},"end":{"line":62,"column":47}},"62":{"start":{"line":63,"column":0},"end":{"line":63,"column":3}},"63":{"start":{"line":64,"column":0},"end":{"line":64,"column":32}},"64":{"start":{"line":65,"column":0},"end":{"line":65,"column":28}},"65":{"start":{"line":66,"column":0},"end":{"line":66,"column":27}},"66":{"start":{"line":67,"column":0},"end":{"line":67,"column":24}},"67":{"start":{"line":68,"column":0},"end":{"line":68,"column":20}},"68":{"start":{"line":69,"column":0},"end":{"line":69,"column":20}},"69":{"start":{"line":70,"column":0},"end":{"line":70,"column":16}},"70":{"start":{"line":71,"column":0},"end":{"line":71,"column":11}}},"s":{"0":1,"1":1,"2":1,"3":1,"4":1,"5":1,"6":1,"7":1,"8":1,"9":1,"10":1,"11":1,"12":1,"13":1,"14":1,"15":1,"16":1,"17":1,"18":1,"19":1,"20":1,"21":1,"22":1,"23":1,"24":1,"25":1,"26":1,"27":1,"28":1,"29":1,"30":1,"31":1,"32":1,"33":1,"34":1,"35":1,"36":1,"37":1,"38":1,"39":1,"40":1,"41":1,"42":1,"43":1,"44":1,"45":1,"46":1,"47":1,"48":1,"49":1,"50":1,"51":1,"52":1,"53":1,"54":1,"55":1,"56":1,"57":1,"58":1,"59":1,"60":1,"61":1,"62":1,"63":1,"64":1,"65":1,"66":1,"67":1,"68":1,"69":1,"70":1},"branchMap":{},"b":{},"fnMap":{},"f":{}}
,"/Users/purprin/Library/CloudStorage/Dropbox/nullvariant/nullvariant-atelier/public/nullvariant-vscode-extensions/extensions/git-id-switcher/src/fileLogWriter.ts": {"path":"/Users/purprin/Library/CloudStorage/Dropbox/nullvariant/nullvariant-atelier/public/nullvariant-vscode-extensions/extensions/git-id-switcher/src/fileLogWriter.ts","all":false,"statementMap":{"0":{"start":{"line":1,"column":0},"end":{"line":1,"column":3}},"1":{"start":{"line":2,"column":0},"end":{"line":2,"column":18}},"2":{"start":{"line":3,"column":0},"end":{"line":3,"column":2}},"3":{"start":{"line":4,"column":0},"end":{"line":4,"column":57}},"4":{"start":{"line":5,"column":0},"end":{"line":5,"column":56}},"5":{"start":{"line":6,"column":0},"end":{"line":6,"column":3}},"6":{"start":{"line":7,"column":0},"end":{"line":7,"column":0}},"7":{"start":{"line":8,"column":0},"end":{"line":8,"column":25}},"8":{"start":{"line":9,"column":0},"end":{"line":9,"column":29}},"9":{"start":{"line":10,"column":0},"end":{"line":10,"column":75}},"10":{"start":{"line":11,"column":0},"end":{"line":11,"column":46}},"11":{"start":{"line":12,"column":0},"end":{"line":12,"column":0}},"12":{"start":{"line":13,"column":0},"end":{"line":13,"column":3}},"13":{"start":{"line":14,"column":0},"end":{"line":14,"column":40}},"14":{"start":{"line":15,"column":0},"end":{"line":15,"column":2}},"15":{"start":{"line":16,"column":0},"end":{"line":16,"column":26}},"16":{"start":{"line":17,"column":0},"end":{"line":17,"column":23}},"17":{"start":{"line":18,"column":0},"end":{"line":18,"column":41}},"18":{"start":{"line":19,"column":0},"end":{"line":19,"column":27}},"19":{"start":{"line":20,"column":0},"end":{"line":20,"column":3}},"20":{"start":{"line":21,"column":0},"end":{"line":21,"column":50}},"21":{"start":{"line":22,"column":0},"end":{"line":22,"column":32}},"22":{"start":{"line":23,"column":0},"end":{"line":23,"column":39}},"23":{"start":{"line":24,"column":0},"end":{"line":24,"column":52}},"24":{"start":{"line":25,"column":0},"end":{"line":25,"column":38}},"25":{"start":{"line":26,"column":0},"end":{"line":26,"column":39}},"26":{"start":{"line":27,"column":0},"end":{"line":27,"column":41}},"27":{"start":{"line":28,"column":0},"end":{"line":28,"column":5}},"28":{"start":{"line":29,"column":0},"end":{"line":29,"column":46}},"29":{"start":{"line":30,"column":0},"end":{"line":30,"column":4}},"30":{"start":{"line":31,"column":0},"end":{"line":31,"column":71}},"31":{"start":{"line":32,"column":0},"end":{"line":32,"column":80}},"32":{"start":{"line":33,"column":0},"end":{"line":33,"column":5}},"33":{"start":{"line":34,"column":0},"end":{"line":34,"column":44}},"34":{"start":{"line":35,"column":0},"end":{"line":35,"column":0}},"35":{"start":{"line":36,"column":0},"end":{"line":36,"column":38}},"36":{"start":{"line":37,"column":0},"end":{"line":37,"column":25}},"37":{"start":{"line":38,"column":0},"end":{"line":38,"column":3}},"38":{"start":{"line":39,"column":0},"end":{"line":39,"column":0}},"39":{"start":{"line":40,"column":0},"end":{"line":40,"column":5}},"40":{"start":{"line":41,"column":0},"end":{"line":41,"column":30}},"41":{"start":{"line":42,"column":0},"end":{"line":42,"column":49}},"42":{"start":{"line":43,"column":0},"end":{"line":43,"column":5}},"43":{"start":{"line":44,"column":0},"end":{"line":44,"column":33}},"44":{"start":{"line":45,"column":0},"end":{"line":45,"column":76}},"45":{"start":{"line":46,"column":0},"end":{"line":46,"column":30}},"46":{"start":{"line":47,"column":0},"end":{"line":47,"column":5}},"47":{"start":{"line":48,"column":0},"end":{"line":48,"column":0}},"48":{"start":{"line":49,"column":0},"end":{"line":49,"column":9}},"49":{"start":{"line":50,"column":0},"end":{"line":50,"column":40}},"50":{"start":{"line":51,"column":0},"end":{"line":51,"column":60}},"51":{"start":{"line":52,"column":0},"end":{"line":52,"column":30}},"52":{"start":{"line":53,"column":0},"end":{"line":53,"column":87}},"53":{"start":{"line":54,"column":0},"end":{"line":54,"column":21}},"54":{"start":{"line":55,"column":0},"end":{"line":55,"column":7}},"55":{"start":{"line":56,"column":0},"end":{"line":56,"column":0}},"56":{"start":{"line":57,"column":0},"end":{"line":57,"column":56}},"57":{"start":{"line":58,"column":0},"end":{"line":58,"column":35}},"58":{"start":{"line":59,"column":0},"end":{"line":59,"column":50}},"59":{"start":{"line":60,"column":0},"end":{"line":60,"column":7}},"60":{"start":{"line":61,"column":0},"end":{"line":61,"column":0}},"61":{"start":{"line":62,"column":0},"end":{"line":62,"column":50}},"62":{"start":{"line":63,"column":0},"end":{"line":63,"column":29}},"63":{"start":{"line":64,"column":0},"end":{"line":64,"column":30}},"64":{"start":{"line":65,"column":0},"end":{"line":65,"column":18}},"65":{"start":{"line":66,"column":0},"end":{"line":66,"column":21}},"66":{"start":{"line":67,"column":0},"end":{"line":67,"column":82}},"67":{"start":{"line":68,"column":0},"end":{"line":68,"column":19}},"68":{"start":{"line":69,"column":0},"end":{"line":69,"column":5}},"69":{"start":{"line":70,"column":0},"end":{"line":70,"column":3}},"70":{"start":{"line":71,"column":0},"end":{"line":71,"column":0}},"71":{"start":{"line":72,"column":0},"end":{"line":72,"column":5}},"72":{"start":{"line":73,"column":0},"end":{"line":73,"column":43}},"73":{"start":{"line":74,"column":0},"end":{"line":74,"column":5}},"74":{"start":{"line":75,"column":0},"end":{"line":75,"column":35}},"75":{"start":{"line":76,"column":0},"end":{"line":76,"column":27}},"76":{"start":{"line":77,"column":0},"end":{"line":77,"column":29}},"77":{"start":{"line":78,"column":0},"end":{"line":78,"column":5}},"78":{"start":{"line":79,"column":0},"end":{"line":79,"column":0}},"79":{"start":{"line":80,"column":0},"end":{"line":80,"column":9}},"80":{"start":{"line":81,"column":0},"end":{"line":81,"column":48}},"81":{"start":{"line":82,"column":0},"end":{"line":82,"column":56}},"82":{"start":{"line":83,"column":0},"end":{"line":83,"column":42}},"83":{"start":{"line":84,"column":0},"end":{"line":84,"column":14}},"84":{"start":{"line":85,"column":0},"end":{"line":85,"column":33}},"85":{"start":{"line":86,"column":0},"end":{"line":86,"column":7}},"86":{"start":{"line":87,"column":0},"end":{"line":87,"column":0}},"87":{"start":{"line":88,"column":0},"end":{"line":88,"column":84}},"88":{"start":{"line":89,"column":0},"end":{"line":89,"column":47}},"89":{"start":{"line":90,"column":0},"end":{"line":90,"column":72}},"90":{"start":{"line":91,"column":0},"end":{"line":91,"column":58}},"91":{"start":{"line":92,"column":0},"end":{"line":92,"column":32}},"92":{"start":{"line":93,"column":0},"end":{"line":93,"column":48}},"93":{"start":{"line":94,"column":0},"end":{"line":94,"column":33}},"94":{"start":{"line":95,"column":0},"end":{"line":95,"column":9}},"95":{"start":{"line":96,"column":0},"end":{"line":96,"column":21}},"96":{"start":{"line":97,"column":0},"end":{"line":97,"column":73}},"97":{"start":{"line":98,"column":0},"end":{"line":98,"column":30}},"98":{"start":{"line":99,"column":0},"end":{"line":99,"column":5}},"99":{"start":{"line":100,"column":0},"end":{"line":100,"column":3}},"100":{"start":{"line":101,"column":0},"end":{"line":101,"column":0}},"101":{"start":{"line":102,"column":0},"end":{"line":102,"column":5}},"102":{"start":{"line":103,"column":0},"end":{"line":103,"column":41}},"103":{"start":{"line":104,"column":0},"end":{"line":104,"column":5}},"104":{"start":{"line":105,"column":0},"end":{"line":105,"column":35}},"105":{"start":{"line":106,"column":0},"end":{"line":106,"column":31}},"106":{"start":{"line":107,"column":0},"end":{"line":107,"column":13}},"107":{"start":{"line":108,"column":0},"end":{"line":108,"column":5}},"108":{"start":{"line":109,"column":0},"end":{"line":109,"column":0}},"109":{"start":{"line":110,"column":0},"end":{"line":110,"column":50}},"110":{"start":{"line":111,"column":0},"end":{"line":111,"column":13}},"111":{"start":{"line":112,"column":0},"end":{"line":112,"column":5}},"112":{"start":{"line":113,"column":0},"end":{"line":113,"column":0}},"113":{"start":{"line":114,"column":0},"end":{"line":114,"column":28}},"114":{"start":{"line":115,"column":0},"end":{"line":115,"column":13}},"115":{"start":{"line":116,"column":0},"end":{"line":116,"column":5}},"116":{"start":{"line":117,"column":0},"end":{"line":117,"column":0}},"117":{"start":{"line":118,"column":0},"end":{"line":118,"column":9}},"118":{"start":{"line":119,"column":0},"end":{"line":119,"column":43}},"119":{"start":{"line":120,"column":0},"end":{"line":120,"column":56}},"120":{"start":{"line":121,"column":0},"end":{"line":121,"column":0}},"121":{"start":{"line":122,"column":0},"end":{"line":122,"column":76}},"122":{"start":{"line":123,"column":0},"end":{"line":123,"column":22}},"123":{"start":{"line":124,"column":0},"end":{"line":124,"column":7}},"124":{"start":{"line":125,"column":0},"end":{"line":125,"column":0}},"125":{"start":{"line":126,"column":0},"end":{"line":126,"column":35}},"126":{"start":{"line":127,"column":0},"end":{"line":127,"column":40}},"127":{"start":{"line":128,"column":0},"end":{"line":128,"column":21}},"128":{"start":{"line":129,"column":0},"end":{"line":129,"column":69}},"129":{"start":{"line":130,"column":0},"end":{"line":130,"column":5}},"130":{"start":{"line":131,"column":0},"end":{"line":131,"column":3}},"131":{"start":{"line":132,"column":0},"end":{"line":132,"column":0}},"132":{"start":{"line":133,"column":0},"end":{"line":133,"column":5}},"133":{"start":{"line":134,"column":0},"end":{"line":134,"column":56}},"134":{"start":{"line":135,"column":0},"end":{"line":135,"column":4}},"135":{"start":{"line":136,"column":0},"end":{"line":136,"column":74}},"136":{"start":{"line":137,"column":0},"end":{"line":137,"column":61}},"137":{"start":{"line":138,"column":0},"end":{"line":138,"column":4}},"138":{"start":{"line":139,"column":0},"end":{"line":139,"column":72}},"139":{"start":{"line":140,"column":0},"end":{"line":140,"column":5}},"140":{"start":{"line":141,"column":0},"end":{"line":141,"column":72}},"141":{"start":{"line":142,"column":0},"end":{"line":142,"column":9}},"142":{"start":{"line":143,"column":0},"end":{"line":143,"column":44}},"143":{"start":{"line":144,"column":0},"end":{"line":144,"column":21}},"144":{"start":{"line":145,"column":0},"end":{"line":145,"column":69}},"145":{"start":{"line":146,"column":0},"end":{"line":146,"column":11}},"146":{"start":{"line":147,"column":0},"end":{"line":147,"column":35}},"147":{"start":{"line":148,"column":0},"end":{"line":148,"column":62}},"148":{"start":{"line":149,"column":0},"end":{"line":149,"column":60}},"149":{"start":{"line":150,"column":0},"end":{"line":150,"column":34}},"150":{"start":{"line":151,"column":0},"end":{"line":151,"column":34}},"151":{"start":{"line":152,"column":0},"end":{"line":152,"column":13}},"152":{"start":{"line":15
[...]
,"/Users/purprin/Library/CloudStorage/Dropbox/nullvariant/nullvariant-atelier/public/nullvariant-vscode-extensions/extensions/git-id-switcher/src/validators/common.ts": {"path":"/Users/purprin/Library/CloudStorage/Dropbox/nullvariant/nullvariant-atelier/public/nullvariant-vscode-extensions/extensions/git-id-switcher/src/validators/common.ts","all":false,"statementMap":{"0":{"start":{"line":1,"column":0},"end":{"line":1,"column":3}},"1":{"start":{"line":2,"column":0},"end":{"line":2,"column":30}},"2":{"start":{"line":3,"column":0},"end":{"line":3,"column":2}},"3":{"start":{"line":4,"column":0},"end":{"line":4,"column":62}},"4":{"start":{"line":5,"column":0},"end":{"line":5,"column":59}},"5":{"start":{"line":6,"column":0},"end":{"line":6,"column":2}},"6":{"start":{"line":7,"column":0},"end":{"line":7,"column":81}},"7":{"start":{"line":8,"column":0},"end":{"line":8,"column":3}},"8":{"start":{"line":9,"column":0},"end":{"line":9,"column":0}},"9":{"start":{"line":10,"column":0},"end":{"line":10,"column":3}},"10":{"start":{"line":11,"column":0},"end":{"line":11,"column":64}},"11":{"start":{"line":12,"column":0},"end":{"line":12,"column":55}},"12":{"start":{"line":13,"column":0},"end":{"line":13,"column":2}},"13":{"start":{"line":14,"column":0},"end":{"line":14,"column":11}},"14":{"start":{"line":15,"column":0},"end":{"line":15,"column":50}},"15":{"start":{"line":16,"column":0},"end":{"line":16,"column":3}},"16":{"start":{"line":17,"column":0},"end":{"line":17,"column":32}},"17":{"start":{"line":18,"column":0},"end":{"line":18,"column":31}},"18":{"start":{"line":19,"column":0},"end":{"line":19,"column":36}},"19":{"start":{"line":20,"column":0},"end":{"line":20,"column":32}},"20":{"start":{"line":21,"column":0},"end":{"line":21,"column":33}},"21":{"start":{"line":22,"column":0},"end":{"line":22,"column":33}},"22":{"start":{"line":23,"column":0},"end":{"line":23,"column":26}},"23":{"start":{"line":24,"column":0},"end":{"line":24,"column":35}},"24":{"start":{"line":25,"column":0},"end":{"line":25,"column":30}},"25":{"start":{"line":26,"column":0},"end":{"line":26,"column":34}},"26":{"start":{"line":27,"column":0},"end":{"line":27,"column":29}},"27":{"start":{"line":28,"column":0},"end":{"line":28,"column":36}},"28":{"start":{"line":29,"column":0},"end":{"line":29,"column":26}},"29":{"start":{"line":30,"column":0},"end":{"line":30,"column":11}},"30":{"start":{"line":31,"column":0},"end":{"line":31,"column":0}},"31":{"start":{"line":32,"column":0},"end":{"line":32,"column":3}},"32":{"start":{"line":33,"column":0},"end":{"line":33,"column":34}},"33":{"start":{"line":34,"column":0},"end":{"line":34,"column":2}},"34":{"start":{"line":35,"column":0},"end":{"line":35,"column":82}},"35":{"start":{"line":36,"column":0},"end":{"line":36,"column":58}},"36":{"start":{"line":37,"column":0},"end":{"line":37,"column":2}},"37":{"start":{"line":38,"column":0},"end":{"line":38,"column":63}},"38":{"start":{"line":39,"column":0},"end":{"line":39,"column":48}},"39":{"start":{"line":40,"column":0},"end":{"line":40,"column":40}},"40":{"start":{"line":41,"column":0},"end":{"line":41,"column":3}},"41":{"start":{"line":42,"column":0},"end":{"line":42,"column":44}},"42":{"start":{"line":43,"column":0},"end":{"line":43,"column":76}},"43":{"start":{"line":44,"column":0},"end":{"line":44,"column":44}},"44":{"start":{"line":45,"column":0},"end":{"line":45,"column":56}},"45":{"start":{"line":46,"column":0},"end":{"line":46,"column":0}},"46":{"start":{"line":47,"column":0},"end":{"line":47,"column":3}},"47":{"start":{"line":48,"column":0},"end":{"line":48,"column":47}},"48":{"start":{"line":49,"column":0},"end":{"line":49,"column":2}},"49":{"start":{"line":50,"column":0},"end":{"line":50,"column":74}},"50":{"start":{"line":51,"column":0},"end":{"line":51,"column":45}},"51":{"start":{"line":52,"column":0},"end":{"line":52,"column":3}},"52":{"start":{"line":53,"column":0},"end":{"line":53,"column":62}},"53":{"start":{"line":54,"column":0},"end":{"line":54,"column":0}},"54":{"start":{"line":55,"column":0},"end":{"line":55,"column":3}},"55":{"start":{"line":56,"column":0},"end":{"line":56,"column":40}},"56":{"start":{"line":57,"column":0},"end":{"line":57,"column":2}},"57":{"start":{"line":58,"column":0},"end":{"line":58,"column":69}},"58":{"start":{"line":59,"column":0},"end":{"line":59,"column":2}},"59":{"start":{"line":60,"column":0},"end":{"line":60,"column":33}},"60":{"start":{"line":61,"column":0},"end":{"line":61,"column":45}},"61":{"start":{"line":62,"column":0},"end":{"line":62,"column":3}},"62":{"start":{"line":63,"column":0},"end":{"line":63,"column":49}},"63":{"start":{"line":64,"column":0},"end":{"line":64,"column":26}},"64":{"start":{"line":65,"column":0},"end":{"line":65,"column":1}},"65":{"start":{"line":66,"column":0},"end":{"line":66,"column":0}},"66":{"start":{"line":67,"column":0},"end":{"line":67,"column":3}},"67":{"start":{"line":68,"column":0},"end":{"line":68,"column":48}},"68":{"start":{"line":69,"column":0},"end":{"line":69,"column":2}},"69":{"start":{"line":70,"column":0},"end":{"line":70,"column":33}},"70":{"start":{"line":71,"column":0},"end":{"line":71,"column":82}},"71":{"start":{"line":72,"column":0},"end":{"line":72,"column":54}},"72":{"start":{"line":73,"column":0},"end":{"line":73,"column":3}},"73":{"start":{"line":74,"column":0},"end":{"line":74,"column":68}},"74":{"start":{"line":75,"column":0},"end":{"line":75,"column":76}},"75":{"start":{"line":76,"column":0},"end":{"line":76,"column":23}},"76":{"start":{"line":77,"column":0},"end":{"line":77,"column":1}},"77":{"start":{"line":78,"column":0},"end":{"line":78,"column":0}},"78":{"start":{"line":79,"column":0},"end":{"line":79,"column":3}},"79":{"start":{"line":80,"column":0},"end":{"line":80,"column":62}},"80":{"start":{"line":81,"column":0},"end":{"line":81,"column":2}},"81":{"start":{"line":82,"column":0},"end":{"line":82,"column":51}},"82":{"start":{"line":83,"column":0},"end":{"line":83,"column":55}},"83":{"start":{"line":84,"column":0},"end":{"line":84,"column":2}},"84":{"start":{"line":85,"column":0},"end":{"line":85,"column":81}},"85":{"start":{"line":86,"column":0},"end":{"line":86,"column":2}},"86":{"start":{"line":87,"column":0},"end":{"line":87,"column":33}},"87":{"start":{"line":88,"column":0},"end":{"line":88,"column":64}},"88":{"start":{"line":89,"column":0},"end":{"line":89,"column":2}},"89":{"start":{"line":90,"column":0},"end":{"line":90,"column":59}},"90":{"start":{"line":91,"column":0},"end":{"line":91,"column":3}},"91":{"start":{"line":92,"column":0},"end":{"line":92,"column":54}},"92":{"start":{"line":93,"column":0},"end":{"line":93,"column":37}},"93":{"start":{"line":94,"column":0},"end":{"line":94,"column":25}},"94":{"start":{"line":95,"column":0},"end":{"line":95,"column":16}},"95":{"start":{"line":96,"column":0},"end":{"line":96,"column":3}},"96":{"start":{"line":97,"column":0},"end":{"line":97,"column":15}},"97":{"start":{"line":98,"column":0},"end":{"line":98,"column":1}},"98":{"start":{"line":99,"column":0},"end":{"line":99,"column":0}},"99":{"start":{"line":100,"column":0},"end":{"line":100,"column":3}},"100":{"start":{"line":101,"column":0},"end":{"line":101,"column":69}},"101":{"start":{"line":102,"column":0},"end":{"line":102,"column":2}},"102":{"start":{"line":103,"column":0},"end":{"line":103,"column":44}},"103":{"start":{"line":104,"column":0},"end":{"line":104,"column":88}},"104":{"start":{"line":105,"column":0},"end":{"line":105,"column":2}},"105":{"start":{"line":106,"column":0},"end":{"line":106,"column":60}},"106":{"start":{"line":107,"column":0},"end":{"line":107,"column":16}},"107":{"start":{"line":108,"column":0},"end":{"line":108,"column":16}},"108":{"start":{"line":109,"column":0},"end":{"line":109,"column":18}},"109":{"start":{"line":110,"column":0},"end":{"line":110,"column":29}},"110":{"start":{"line":111,"column":0},"end":{"line":111,"column":72}},"111":{"start":{"line":112,"column":0},"end":{"line":112,"column":48}},"112":{"start":{"line":113,"column":0},"end":{"line":113,"column":2}},"113":{"start":{"line":114,"column":0},"end":{"line":114,"column":33}},"114":{"start":{"line":115,"column":0},"end":{"line":115,"column":59}},"115":{"start":{"line":116,"column":0},"end":{"line":116,"column":2}},"116":{"start":{"line":117,"column":0},"end":{"line":117,"column":46}},"117":{"start":{"line":118,"column":0},"end":{"line":118,"column":3}},"118":{"start":{"line":119,"column":0},"end":{"line":119,"column":60}},"119":{"start":{"line":120,"column":0},"end":{"line":120,"column":29}},"120":{"start":{"line":121,"column":0},"end":{"line":121,"column":30}},"121":{"start":{"line":122,"column":0},"end":{"line":122,"column":41}},"122":{"start":{"line":123,"column":0},"end":{"line":123,"column":37}},"123":{"start":{"line":124,"column":0},"end":{"line":124,"column":43}},"124":{"start":{"line":125,"column":0},"end":{"line":125,"column":33}},"125":{"start":{"line":126,"column":0},"end":{"line":126,"column":65}},"126":{"start":{"line":127,"column":0},"end":{"line":127,"column":34}},"127":{"start":{"line":128,"column":0},"end":{"line":128,"column":64}},"128":{"start":{"line":129,"column":0},"end":{"line":129,"column":75}},"129":{"start":{"line":130,"column":0},"end":{"line":130,"column":35}},"130":{"start":{"line":131,"column":0},"end":{"line":131,"column":4}},"131":{"start":{"line":132,"column":0},"end":{"line":132,"column":0}},"132":{"start":{"line":133,"column":0},"end":{"line":133,"column":44}},"133":{"start":{"line":134,"column":0},"end":{"line":134,"column":26}},"134":{"start":{"line":135,"column":0},"end":{"line":135,"column":18}},"135":{"start":{"line":136,"column":0},"end":{"line":136,"column":5}},"136":{"start":{"line":137,"column":0},"end":{"line":137,"column":3}},"137":{"start":{"line":138,"column":0},"end":{"line":138,"column":0}},"138":{"start":{"line":139,"column":0},"end":{"line":139,"column":15}},"139":{"start":{"line":140,"column":0},"end":{"line":140,"column":1}},"140":{"start":{"line":141,"column":0},"end":{"line":141,"column":0}},"141":{"start":{"line":142,"column":0},"end":{"line":142,"column":3}},"142":{"start":{"line":143,"column":0},"end":{"line":143,"column":58}},"143":{"start":{"line":144,"column":0},"end":{"line":144,"column":2}},"144":{"start":{"line":145,"column":0},"end":{"line":145,"column":65}},"145":{"start":{"line":146,"column":0},"end":{"line":146,"column":40}},"146":{"start":{"line":147,"column":0},"end":{"line":147,"column":2}},"147":{"start":{"line":148,"column":0},"end":{"line":148,"column":33}},"148":{"start":{"line":149,"column":0},"end":{"line":149,"column":64}},"149":{"start":{"line":150,"column":0},"end":{"line":150,"column":3}},"150":{"start":{"line":151,"column":0},"end":{"line":151,"column":57}},"151":{"start":{"line":152,"column":0},"end":{"line":152,"column":39}},"152":{"start":{"line":153,"column":0},"end":{"line":153,"column":27}},"153":{"start":{"line":154,"column":0},"end":{"line":154,"column":18}},"154":{"start":{"line":155,"column":0},"end":{"line":155,"column":5}},"155":{"start":{"line":156,"column":0},"end":{"line":156,"column":3}},"156":{"start":{"line":157,"column":0},"end":{"line":157,"column":15}},"157":{"start":{"line":158,"column":0},"end":{"line":158,"column":1}},"158":{"start":{"line":159,"column":0},"end":{"line":159,"column":0}},"159":{"start":{"line":160,"column":0},"end":{"line":160,"column":3}},"160":{"start":{"line":161,"column":0},"end":{"line":161,"column":35}},"161":{"start":{"line":162,"column":0},"end":{"line":162,"column":2}},"162":{"start":{"line":163,"column":0},"end":{"line":163,"column":46}},"163":{"start":{"line":164,"column":0},"end":{"line":164,"column":41}},"164":{"start":{"line":165,"column":0},"end":{"line":165,"column":3}},"165":{"start":{"line":166,"column":0},"end":{"line":166,"column":54}},"166":{"start":{"line":167,"column":0},"end":{"line":167,"column":33}},"167":{"start":{"line":168,"column":0},"end":{"line":168,"column":1}},"168":{"start":{"line":169,"column":0},"end":{"line":169,"column":0}},"169":{"start":{"line":170,"column":0},"end":{"line":170,"column":3}},"170":{"start":{"line":171,"column":0},"end":{"line":171,"column":42}},"171":{"start":{"line":172,"column":0},"end":{"line":172,"column":2}},"172":{"start":{"line":173,"column":0},"end":{"line":173,"column":40}},"173":{"start":{"line":174,"column":0},"end":{"line":174,"column":55}},"174":{"start":{"line":175,"column":0},"end":{"line":175,"column":3}},"175":{"start":{"line":176,"column":0},"end":{"line":176,"column":52}},"176":{"start":{"line":177,"column":0},"end":{"line":177,"column":38}},"177":{"start":{"line":178,"column":0},"end":{"line":178,"column":1}}},"s":{"0":1,"1":1,"2":1,"3":1,"4":1,"5":1,"6":1,"7":1,"8":1,"9":1,"10":1,"11":1,"12":1,"13":1,"14":1,"15":1,"16":1,"17":1,"18":1,"19":1,"20":1,"21":1,"22":1,"23":1,"24":1,"25":1,"26":1,"27":1,"28":1,"29":1,"30":1,"31":1,"32":1,"33":1,"34":1,"35":1,"36":1,"37":1,"38":1,"39":1,"40":1,"41":1,"42":1,"43":1,"44":1,"45":1,"46":1,"47":1,"48":1,"49":1,"50":1,"51":1,"52":1,"53":1,"54":1,"55":1,"56":1,"57":1,"58":1,"59":1,"60":1,"61":1,"62":316,"63":316,"64":316,"65":1,"66":1,"67":1,"68":1,"69":1,"70":1,"71":1,"72":1,"73":14,"74":14,"75":14,"76":14,"77":1,"78":1,"79":1,"80":1,"81":1,"82":1,"83":1,"84":1,"85":1,"86":1,"87":1,"88":1,"89":1,"90":1,"91":2289,"92":2289,"93":2289,"94":120,"95":120,"96":2169,"97":2169,"98":1,"99":1,"100":1,"101":1,"102":1,"103":1,"104":1,"105":1,"106":1,"107":1,"108":1,"109":1,"110":1,"111":1,"112":1,"113":1,"114":1,"115":1,"116":1,"117":1,"118":183,"119":183,"120":183,"121":183,"122":183,"123":183,"124":183,"125":183,"126":183,"127":183,"128":183,"129":183,"130":183,"131":183,"132":183,"133":1427,"134":46,"135":46,"136":1427,"137":137,"138":137,"139":137,"140":1,"141":1,"142":1,"143":1,"144":1,"145":1,"146":1,"147":1,"148":1,"149":1,"150":503,"151":503,"152":5811,"153":39,"154":39,"155":5811,"156":464,"157":464,"158":1,"159":1,"160":1,"161":1,"162":1,"163":1,"164":1,"165":9,"166":9,"167":9,"168":1,"169":1,"170":1,"171":1,"172":1,"173":1,"174":1,"175":8,"176":8,"177":8},"branchMap":{"0":{"type":"branch","line":63,"loc":{"start":{"line":63,"column":0},"end":{"line":65,"column":1}},"locations":[{"start":{"line":63,"column":0},"end":{"line":65,"column":1}}]},"1":{"type":"branch","line":74,"loc":{"start":{"line":74,"column":0},"end":{"line":77,"column":1}},"locations":[{"start":{"line":74,"column":0},"end":{"line":77,"column":1}}]},"2":{"type":"branch","line":75,"loc":{"start":{"line":75,"column":23},"end":{"line":75,"column":50}},"locations":[{"start":{"line":75,"column":23},"end":{"line":75,"column":50}}]},"3":{"type":"branch","line":75,"loc":{"start":{"line":75,"column":51},"end":{"line":75,"column":75}},"locations":[{"start":{"line":75,"column":51},"end":{"line":75,"column":75}}]},"4":{"type":"branch","line":92,"loc":{"start":{"line":92,"column":0},"end":{"line":98,"column":1}},"locations":[{"start":{"line":92,"column":0},"end":{"line":98,"column":1}}]},"5":{"type":"branch","line":94,"loc":{"start":{"line":94,"column":24},"end":{"line":96,"column":3}},"locations":[{"start":{"line":94,"column":24},"end":{"line":96,"column":3}}]},"6":{"type":"branch","line":97,"loc":{"start":{"line":97,"column":-1},"end":{"line":98,"column":1}},"locations":[{"start":{"line":97,"column":-1},"end":{"line":98,"column":1}}]},"7":{"type":"branch","line":119,"loc":{"start":{"line":119,"column":0},"end":{"line":140,"column":1}},"locations":[{"start":{"line":119,"column":0},"end":{"line":140,"column":1}}]},"8":{"type":"branch","line":133,"loc":{"start":{"line":133,"column":43},"end":{"line":137,"column":3}},"locations":[{"start":{"line":133,"column":43},"end":{"line":137,"column":3}}]},"9":{"type":"branch","line":134,"loc":{"start":{"line":134,"column":25},"end":{"line":136,"column":5}},"locations":[{"start":{"line":134,"column":25},"end":{"line":136,"column":5}}]},"10":{"type":"branch","line":138,"loc":{"start":{"line":138,"column":-1},"end":{"line":140,"column":1}},"locations":[{"start":{"line":138,"column":-1},"end":{"line":140,"column":1}}]},"11":{"type":"branch","line":151,"loc":{"start":{"line":151,"column":0},"end":{"line":158,"column":1}},"locations":[{"start":{"line":151,"column":0},"end":{"line":158,"column":1}}]},"12":{"type":"branch","line":152,"loc":{"start":{"line":152,"column":38},"end":{"line":156,"column":3}},"locations":[{"start":{"line":152,"column":38},"end":{"line":156,"column":3}}]},"13":{"type":"branch","line":153,"loc":{"start":{"line":153,"column":26},"end":{"line":155,"column":5}},"locations":[{"start":{"line":153,"column":26},"end":{"line":155,"column":5}}]},"14":{"type":"branch","line":157,"loc":{"start":{"line":157,"column":-1},"end":{"line":158,"column":1}},"locations":[{"start":{"line":157,"column":-1},"end":{"line":158,"column":1}}]},"15":{"type":"branch","line":166,"loc":{"start":{"line":166,"column":0},"end":{"line":168,"column":1}},"locations":[{"start":{"line":166,"column":0},"end":{"line":168,"column":1}}]},"16":{"type":"branch","line":176,"loc":{"start":{"line":176,"column":0},"end":{"line":178,"column":1}},"locations":[{"start":{"line":176,"column":0},"end":{"line":178,"column":1}}]}},"b":{"0":[316],"1":[14],"2":[11],"3":[3],"4":[2289],"5":[120],"6":[2169],"7":[183],"8":[1427],"9":[46],"10":[137],"11":[503],"12":[5811],"13":[39],"14":[464],"15":[9],"16":[8]},"fnMap":{"0":{"name":"hasNullByte","decl":{"start":{"line":63,"column":0},"end":{"line":65,"column":1}},"loc":{"start":{"line":63,"column":0},"end":{"line":65,"column":1}},"line":63},"1":{"name":"hasControlChars","decl":{"start":{"line":74,"column":0},"end":{"line":77,"column":1}},"loc":{"start":{"line":74,"column":0},"end":{"line":77,"column":1}},"line":74},"2":{"name":"hasPathTraversal","decl":{"start":{"line":92,"column":0},"end":{"line":98,"column":1}},"loc":{"start":{"line":92,"column":0},"end":{"line":98,"column":1}},"line":92},"3":{"name":"hasPathTraversalStrict","decl":{"start":{"line":119,"column":0},"end":{"line":140,"column":1}},"loc":{"start":{"line":119,"column":0},"end":{"line":140,"column":1}},"line":119},"4":{"name":"hasInvisibleUnicode","decl":{"start":{"line":151,"column":0},"end":{"line":158,"column":1}},"loc":{"start":{"line":151,"column":0},"end":{"line":158,"column":1}},"line":151},"5":{"name":"isValidEmail","decl":{"start":{"line":166,"column":0},"end":{"line":168,"column":1}},"loc":{"start":{"line":166,"column":0},"end":{"line":168,"column":1}},"line":166},"6":{"name":"isValidHex","decl":{"start":{"line":176,"column":0},"end":{"line":178,"column":1}},"loc":{"start":{"line":176,"column":0},"end":{"line":178,"column":1}},"line":176}},"f":{"0":316,"1":14,"2":2289,"3":183,"4":503,"5":9,"6":8}}
}
