TN:
SF:src/commandAllowlist.ts
FN:14,get
FN:14,get
FN:15,get
FN:143,isCommandAllowed
FNF:4
FNH:1
FNDA:0,get
FNDA:0,get
FNDA:0,get
FNDA:64,isCommandAllowed
DA:1,1
DA:2,1
DA:3,1
DA:4,1
DA:5,1
DA:6,1
DA:7,1
DA:8,1
DA:9,1
DA:10,1
DA:11,1
DA:12,1
DA:13,1
DA:14,1
DA:15,1
DA:16,1
DA:17,1
DA:18,1
DA:19,1
DA:20,1
DA:21,1
DA:22,1
DA:23,1
DA:24,1
DA:25,1
DA:26,1
DA:27,1
DA:28,1
DA:29,1
DA:30,1
DA:31,1
DA:32,1
DA:33,1
DA:34,1
DA:35,1
DA:36,1
DA:37,1
DA:38,1
DA:39,1
DA:40,1
DA:41,1
DA:42,1
DA:43,1
DA:44,1
DA:45,1
DA:46,1
DA:47,1
DA:48,1
DA:49,1
DA:50,1
DA:51,1
DA:52,1
DA:53,1
DA:54,1
DA:55,1
DA:56,1
DA:57,1
DA:58,1
DA:59,1
DA:60,1
DA:61,1
DA:62,1
DA:63,1
DA:64,1
DA:65,1
DA:66,1
DA:67,1
DA:68,1
DA:69,1
DA:70,1
DA:71,1
DA:72,1
DA:73,1
DA:74,1
DA:75,1
DA:76,1
DA:77,1
DA:78,1
DA:79,1
DA:80,1
DA:81,1
DA:82,1
DA:83,1
DA:84,1
DA:85,1
DA:86,1
DA:87,1
DA:88,1
DA:89,1
DA:90,1
DA:91,1
DA:92,1
DA:93,1
DA:94,1
DA:95,1
DA:96,1
DA:97,1
DA:98,1
DA:99,1
DA:100,1
DA:101,1
DA:102,1
DA:103,1
DA:104,1
DA:105,1
DA:106,1
DA:107,1
DA:108,1
DA:109,1
DA:110,1
DA:111,1
DA:112,1
DA:113,1
DA:114,1
DA:115,1
DA:116,1
DA:117,1
DA:118,1
DA:119,1
DA:120,1
DA:121,1
DA:122,1
DA:123,1
DA:124,1
DA:125,1
DA:126,1
DA:127,1
DA:128,1
DA:129,1
DA:130,1
DA:131,1
DA:132,1
DA:133,1
DA:134,1
DA:135,1
DA:136,1
DA:137,1
DA:138,1
DA:139,1
DA:140,1
DA:141,1
DA:142,1
DA:143,64
DA:144,64
DA:145,64
DA:146,64
DA:147,13
DA:148,13
DA:149,51
DA:150,64
DA:151,0
DA:152,0
DA:153,51
DA:154,64
DA:155,1
DA:156,1
DA:157,50
DA:158,64
DA:159,1
DA:160,1
DA:161,49
DA:162,49
DA:163,49
DA:164,49
DA:165,49
DA:166,64
DA:167,21
DA:168,21
DA:169,21
DA:170,21
DA:171,14
DA:172,0
DA:173,0
DA:174,14
DA:175,14
DA:176,21
DA:177,7
DA:178,7
DA:179,7
DA:180,21
DA:181,42
DA:182,42
DA:183,64
DA:184,64
DA:185,64
DA:186,64
DA:187,64
DA:188,64
DA:189,59
DA:190,59
DA:191,59
DA:192,59
DA:193,1
DA:194,1
DA:195,58
DA:196,58
DA:197,58
DA:198,59
DA:199,59
DA:200,14
DA:201,14
DA:202,4
DA:203,4
DA:204,14
DA:205,54
DA:206,54
DA:207,54
DA:208,59
DA:209,17
DA:210,17
DA:211,9
DA:212,9
DA:213,9
DA:214,2
DA:215,2
DA:216,7
DA:217,7
DA:218,7
DA:219,7
DA:220,7
DA:221,17
DA:222,45
DA:223,45
DA:224,59
DA:225,25
DA:226,25
DA:227,20
DA:228,20
DA:229,20
DA:230,20
DA:231,59
DA:232,11
DA:233,11
DA:234,6
DA:235,6
DA:236,0
DA:237,0
DA:238,6
DA:239,6
DA:240,5
DA:241,5
DA:242,5
DA:243,5
DA:244,5
DA:245,9
DA:246,9
DA:247,59
DA:248,4
DA:249,4
DA:250,4
DA:251,4
DA:252,4
DA:253,5
DA:254,5
DA:255,59
DA:256,2
DA:257,2
DA:258,2
DA:259,2
DA:260,3
DA:261,3
DA:262,3
DA:263,21
DA:264,21
DA:265,21
LF:265
LH:259
BRDA:143,0,0,64
BRDA:146,1,0,13
BRDA:149,2,0,51
BRDA:150,3,0,0
BRDA:153,4,0,51
BRDA:154,5,0,1
BRDA:157,6,0,50
BRDA:158,7,0,1
BRDA:161,8,0,49
BRDA:166,9,0,21
BRDA:170,10,0,14
BRDA:171,11,0,0
BRDA:176,12,0,7
BRDA:181,13,0,42
BRDA:183,14,0,2
BRDA:184,15,0,27
BRDA:185,16,0,37
BRDA:186,17,0,22
BRDA:188,18,0,59
BRDA:192,19,0,45
BRDA:192,20,0,1
BRDA:195,21,0,58
BRDA:198,22,0,44
BRDA:199,23,0,14
BRDA:201,24,0,4
BRDA:205,25,0,54
BRDA:208,26,0,17
BRDA:210,27,0,9
BRDA:213,28,0,2
BRDA:216,29,0,7
BRDA:222,30,0,45
BRDA:224,31,0,25
BRDA:227,32,0,20
BRDA:231,33,0,11
BRDA:233,34,0,8
BRDA:233,35,0,6
BRDA:235,36,0,0
BRDA:238,37,0,0
BRDA:240,38,0,5
BRDA:245,39,0,9
BRDA:247,40,0,4
BRDA:253,41,0,5
BRDA:255,42,0,3
BRDA:255,43,0,2
BRDA:260,44,0,3
BRDA:263,45,0,21
BRF:46
BRH:42
end_of_record
TN:
SF:src/configChangeDetector.ts
FN:63,<instance_members_initializer>
FN:68,createSnapshot
FN:107,storeSnapshot
FN:118,getSnapshot
FN:125,clearSnapshot
FN:132,valuesEqual
FN:163,detectChanges
FN:194,getIdentityId
FN:209,extractIdentityIds
FN:229,summarizeIdentityChanges
FNF:10
FNH:10
FNDA:22,<instance_members_initializer>
FNDA:13,createSnapshot
FNDA:9,storeSnapshot
FNDA:11,getSnapshot
FNDA:3,clearSnapshot
FNDA:182,valuesEqual
FNDA:24,detectChanges
FNDA:162,getIdentityId
FNDA:29,extractIdentityIds
FNDA:12,summarizeIdentityChanges
DA:1,1
DA:2,1
DA:3,1
DA:4,1
DA:5,1
DA:6,1
DA:7,1
DA:8,1
DA:9,1
DA:10,1
DA:11,1
DA:12,1
DA:13,1
DA:14,1
DA:15,1
DA:16,1
DA:17,1
DA:18,1
DA:19,1
DA:20,1
DA:21,1
DA:22,1
DA:23,1
DA:24,1
DA:25,1
DA:26,1
DA:27,1
DA:28,1
DA:29,1
DA:30,1
DA:31,1
DA:32,1
DA:33,1
DA:34,1
DA:35,1
DA:36,1
DA:37,1
DA:38,1
DA:39,1
DA:40,1
DA:41,1
DA:42,1
DA:43,1
DA:44,1
DA:45,1
DA:46,1
DA:47,1
DA:48,1
DA:49,1
DA:50,1
DA:51,1
DA:52,1
DA:53,1
DA:54,1
DA:55,1
DA:56,1
DA:57,1
DA:58,1
DA:59,1
DA:60,1
DA:61,1
DA:62,1
DA:63,1
DA:64,1
DA:65,1
DA:66,1
DA:67,1
DA:68,1
DA:69,13
DA:70,13
DA:71,11
DA:72,11
DA:73,11
DA:74,11
DA:75,11
DA:76,11
DA:77,11
DA:78,11
DA:79,11
DA:80,11
DA:81,11
DA:82,11
DA:83,2
DA:84,2
DA:85,2
DA:86,2
DA:87,2
DA:88,2
DA:89,13
DA:90,13
DA:91,13
DA:92,13
DA:93,13
DA:94,13
DA:95,13
DA:96,13
DA:97,13
DA:98,13
DA:99,13
DA:100,13
DA:101,13
DA:102,13
DA:103,1
DA:104,1
DA:105,1
DA:106,1
DA:107,1
DA:108,9
DA:109,9
DA:110,9
DA:111,1
DA:112,1
DA:113,9
DA:114,1
DA:115,1
DA:116,1
DA:117,1
DA:118,1
DA:119,11
DA:120,11
DA:121,1
DA:122,1
DA:123,1
DA:124,1
DA:125,1
DA:126,3
DA:127,3
DA:128,1
DA:129,1
DA:130,1
DA:131,1
DA:132,1
DA:133,182
DA:134,182
DA:135,182
DA:136,34
DA:137,182
DA:138,19
DA:139,19
DA:140,19
DA:141,19
DA:142,19
DA:143,19
DA:144,19
DA:145,14
DA:146,19
DA:147,3
DA:148,3
DA:149,14
DA:150,14
DA:151,19
DA:152,2
DA:153,2
DA:154,2
DA:155,19
DA:156,15
DA:157,15
DA:158,15
DA:159,1
DA:160,1
DA:161,1
DA:162,1
DA:163,1
DA:164,24
DA:165,1
DA:166,1
DA:167,23
DA:168,23
DA:169,23
DA:170,23
DA:171,24
DA:172,177
DA:173,177
DA:174,177
DA:175,177
DA:176,29
DA:177,29
DA:178,29
DA:179,29
DA:180,29
DA:181,29
DA:182,177
DA:183,22
DA:184,22
DA:185,24
DA:186,1
DA:187,1
DA:188,1
DA:189,24
DA:190,1
DA:191,1
DA:192,1
DA:193,1
DA:194,1
DA:195,162
DA:196,162
DA:197,162
DA:198,162
DA:199,154
DA:200,162
DA:201,151
DA:202,151
DA:203,11
DA:204,11
DA:205,1
DA:206,1
DA:207,1
DA:208,1
DA:209,1
DA:210,29
DA:211,29
DA:212,29
DA:213,29
DA:214,29
DA:215,136
DA:216,135
DA:217,136
DA:218,133
DA:219,133
DA:220,135
DA:221,135
DA:222,29
DA:223,29
DA:224,29
DA:225,1
DA:226,1
DA:227,1
DA:228,1
DA:229,1
DA:230,12
DA:231,12
DA:232,12
DA:233,12
DA:234,12
DA:235,12
DA:236,12
DA:237,12
DA:238,12
DA:239,12
DA:240,12
DA:241,12
DA:242,12
DA:243,12
DA:244,12
DA:245,15
DA:246,6
DA:247,6
DA:248,6
DA:249,6
DA:250,6
DA:251,12
DA:252,12
DA:253,12
DA:254,12
DA:255,12
DA:256,12
DA:257,12
DA:258,12
DA:259,12
DA:260,12
DA:261,1
DA:262,1
DA:263,1
DA:264,1
DA:265,1
DA:266,1
LF:266
LH:266
BRDA:63,0,0,22
BRDA:68,1,0,13
BRDA:70,2,0,11
BRDA:83,3,0,2
BRDA:89,4,0,1
BRDA:90,5,0,1
BRDA:107,6,0,9
BRDA:110,7,0,1
BRDA:118,8,0,11
BRDA:125,9,0,3
BRDA:132,10,0,182
BRDA:133,11,0,144
BRDA:134,12,0,38
BRDA:134,13,0,4
BRDA:135,14,0,34
BRDA:135,15,0,0
BRDA:136,16,0,34
BRDA:137,17,0,19
BRDA:137,18,0,19
BRDA:144,19,0,14
BRDA:146,20,0,3
BRDA:147,21,0,1
BRDA:149,22,0,14
BRDA:151,23,0,2
BRDA:156,24,0,15
BRDA:163,25,0,24
BRDA:164,26,0,1
BRDA:167,27,0,23
BRDA:171,28,0,177
BRDA:175,29,0,29
BRDA:183,30,0,22
BRDA:185,31,0,1
BRDA:194,32,0,162
BRDA:196,33,0,159
BRDA:197,34,0,157
BRDA:198,35,0,154
BRDA:200,36,0,151
BRDA:203,37,0,11
BRDA:209,38,0,29
BRDA:214,39,0,136
BRDA:215,40,0,1
BRDA:216,41,0,135
BRDA:217,42,0,133
BRDA:220,43,0,135
BRDA:229,44,0,12
BRDA:242,45,0,15
BRDA:243,46,0,11
BRDA:244,47,0,15
BRDA:245,48,0,9
BRDA:246,49,0,6
BRDA:247,50,0,8
BRDA:249,51,0,8
BRF:52
BRH:51
end_of_record
TN:
SF:src/constants.ts
FNF:0
FNH:0
DA:1,1
DA:2,1
DA:3,1
DA:4,1
DA:5,1
DA:6,1
DA:7,1
DA:8,1
DA:9,1
DA:10,1
DA:11,1
DA:12,1
DA:13,1
DA:14,1
DA:15,1
DA:16,1
DA:17,1
DA:18,1
DA:19,1
DA:20,1
DA:21,1
DA:22,1
DA:23,1
DA:24,1
DA:25,1
DA:26,1
DA:27,1
DA:28,1
DA:29,1
DA:30,1
DA:31,1
DA:32,1
DA:33,1
DA:34,1
DA:35,1
DA:36,1
DA:37,1
DA:38,1
DA:39,1
DA:40,1
DA:41,1
DA:42,1
DA:43,1
DA:44,1
DA:45,1
DA:46,1
DA:47,1
DA:48,1
DA:49,1
DA:50,1
DA:51,1
DA:52,1
DA:53,1
DA:54,1
DA:55,1
DA:56,1
DA:57,1
DA:58,1
DA:59,1
DA:60,1
DA:61,1
DA:62,1
DA:63,1
DA:64,1
DA:65,1
DA:66,1
DA:67,1
DA:68,1
DA:69,1
DA:70,1
DA:71,1
LF:71
LH:71
BRF:0
BRH:0
end_of_record
TN:
SF:src/fileLogWriter.ts
FN:22,<instance_members_initializer>
FN:36,FileLogWriter
FN:44,initialize
FN:75,openWriteStream
FN:105,write
FN:141,serializeMetadata
FN:168,formatLogLine
FN:179,performRotation
FN:199,rotate
FN:244,cleanupOldFiles
FN:284,dispose
FNF:11
FNH:11
FNDA:18,<instance_members_initializer>
FNDA:18,FileLogWriter
FNDA:19,initialize
FNDA:38,openWriteStream
FNDA:54,write
FNDA:5,serializeMetadata
FNDA:49,formatLogLine
FNDA:23,performRotation
FNDA:23,rotate
FNDA:23,cleanupOldFiles
FNDA:19,dispose
DA:1,1
DA:2,1
DA:3,1
DA:4,1
DA:5,1
DA:6,1
DA:7,1
DA:8,1
DA:9,1
DA:10,1
DA:11,1
DA:12,1
DA:13,1
DA:14,1
DA:15,1
DA:16,1
DA:17,1
DA:18,1
DA:19,1
DA:20,1
DA:21,1
DA:22,1
DA:23,18
DA:24,18
DA:25,18
DA:26,18
DA:27,18
DA:28,18
DA:29,18
DA:30,18
DA:31,18
DA:32,18
DA:33,18
DA:34,1
DA:35,1
DA:36,1
DA:37,18
DA:38,18
DA:39,1
DA:40,1
DA:41,1
DA:42,1
DA:43,1
DA:44,1
DA:45,19
DA:46,1
DA:47,1
DA:48,18
DA:49,18
DA:50,18
DA:51,18
DA:52,19
DA:53,2
DA:54,2
DA:55,2
DA:56,16
DA:57,16
DA:58,19
DA:59,2
DA:60,2
DA:61,15
DA:62,15
DA:63,15
DA:64,15
DA:65,15
DA:66,19
DA:67,1
DA:68,1
DA:69,1
DA:70,19
DA:71,1
DA:72,1
DA:73,1
DA:74,1
DA:75,1
DA:76,38
DA:77,0
DA:78,0
DA:79,38
DA:80,38
DA:81,38
DA:82,2
DA:83,2
DA:84,38
DA:85,36
DA:86,36
DA:87,38
DA:88,38
DA:89,38
DA:90,0
DA:91,0
DA:92,0
DA:93,0
DA:94,0
DA:95,38
DA:96,38
DA:97,0
DA:98,0
DA:99,0
DA:100,38
DA:101,1
DA:102,1
DA:103,1
DA:104,1
DA:105,1
DA:106,54
DA:107,1
DA:108,1
DA:109,53
DA:110,54
DA:111,4
DA:112,4
DA:113,49
DA:114,54
DA:115,0
DA:116,0
DA:117,49
DA:118,49
DA:119,49
DA:120,49
DA:121,49
DA:122,54
DA:123,23
DA:124,23
DA:125,49
DA:126,49
DA:127,49
DA:128,54
DA:129,0
DA:130,0
DA:131,54
DA:132,1
DA:133,1
DA:134,1
DA:135,1
DA:136,1
DA:137,1
DA:138,1
DA:139,1
DA:140,1
DA:141,1
DA:142,5
DA:143,5
DA:144,5
DA:145,1
DA:146,1
DA:147,1
DA:148,1
DA:149,3
DA:150,2
DA:151,1
DA:152,1
DA:153,1
DA:154,1
DA:155,2
DA:156,1
DA:157,1
DA:158,0
DA:159,0
DA:160,0
DA:161,0
DA:162,1
DA:163,5
DA:164,1
DA:165,1
DA:166,1
DA:167,1
DA:168,1
DA:169,49
DA:170,49
DA:171,49
DA:172,1
DA:173,1
DA:174,1
DA:175,1
DA:176,1
DA:177,1
DA:178,1
DA:179,1
DA:180,23
DA:181,23
DA:182,23
DA:183,23
DA:184,23
DA:185,23
DA:186,23
DA:187,23
DA:188,23
DA:189,23
DA:190,23
DA:191,23
DA:192,1
DA:193,1
DA:194,1
DA:195,1
DA:196,1
DA:197,1
DA:198,1
DA:199,1
DA:200,23
DA:201,0
DA:202,0
DA:203,23
DA:204,23
DA:205,23
DA:206,0
DA:207,0
DA:208,0
DA:209,0
DA:210,23
DA:211,23
DA:212,23
DA:213,23
DA:214,23
DA:215,23
DA:216,23
DA:217,23
DA:218,23
DA:219,23
DA:220,23
DA:221,23
DA:222,23
DA:223,23
DA:224,23
DA:225,23
DA:226,0
DA:227,0
DA:228,0
DA:229,0
DA:230,0
DA:231,0
DA:232,0
DA:233,0
DA:234,0
DA:235,0
DA:236,0
DA:237,23
DA:238,1
DA:239,1
DA:240,1
DA:241,1
DA:242,1
DA:243,1
DA:244,1
DA:245,23
DA:246,23
DA:247,23
DA:248,23
DA:249,23
DA:250,23
DA:251,23
DA:252,46
DA:253,46
DA:254,46
DA:255,46
DA:256,46
DA:257,46
DA:258,0
DA:259,0
DA:260,46
DA:261,46
DA:262,23
DA:263,23
DA:264,23
DA:265,23
DA:266,23
DA:267,23
DA:268,23
DA:269,23
DA:270,20
DA:271,20
DA:272,20
DA:273,0
DA:274,0
DA:275,20
DA:276,23
DA:277,0
DA:278,0
DA:279,23
DA:280,1
DA:281,1
DA:282,1
DA:283,1
DA:284,1
DA:285,19
DA:286,14
DA:287,14
DA:288,14
DA:289,19
DA:290,19
DA:291,19
DA:292,1
LF:292
LH:251
BRDA:22,0,0,18
BRDA:36,1,0,18
BRDA:44,2,0,19
BRDA:45,3,0,1
BRDA:48,4,0,18
BRDA:52,5,0,2
BRDA:56,6,0,16
BRDA:58,7,0,2
BRDA:61,8,0,15
BRDA:66,9,0,1
BRDA:75,10,0,38
BRDA:76,11,0,0
BRDA:81,12,0,2
BRDA:84,13,0,36
BRDA:96,14,0,0
BRDA:105,15,0,54
BRDA:106,16,0,1
BRDA:109,17,0,53
BRDA:110,18,0,19
BRDA:110,19,0,4
BRDA:113,20,0,49
BRDA:114,21,0,0
BRDA:117,22,0,49
BRDA:122,23,0,23
BRDA:125,24,0,49
BRDA:128,25,0,0
BRDA:141,26,0,5
BRDA:144,27,0,1
BRDA:157,28,0,0
BRDA:148,29,0,3
BRDA:149,30,0,2
BRDA:149,31,0,2
BRDA:150,32,0,1
BRDA:168,33,0,49
BRDA:169,34,0,5
BRDA:169,35,0,44
BRDA:179,36,0,23
BRDA:199,37,0,23
BRDA:200,38,0,0
BRDA:205,39,0,0
BRDA:225,40,0,0
BRDA:244,41,0,23
BRDA:251,42,0,46
BRDA:257,43,0,0
BRDA:269,44,0,20
BRDA:272,45,0,0
BRDA:276,46,0,0
BRDA:264,47,0,23
BRDA:284,48,0,19
BRDA:285,49,0,14
BRF:50
BRH:39
end_of_record
TN:
SF:src/flagValidator.ts
FN:56,validateCombinedFlags
FNF:1
FNH:1
FNDA:85,validateCombinedFlags
DA:1,1
DA:2,1
DA:3,1
DA:4,1
DA:5,1
DA:6,1
DA:7,1
DA:8,1
DA:9,1
DA:10,1
DA:11,1
DA:12,1
DA:13,1
DA:14,1
DA:15,1
DA:16,1
DA:17,1
DA:18,1
DA:19,1
DA:20,1
DA:21,1
DA:22,1
DA:23,1
DA:24,1
DA:25,1
DA:26,1
DA:27,1
DA:28,1
DA:29,1
DA:30,1
DA:31,1
DA:32,1
DA:33,1
DA:34,1
DA:35,1
DA:36,1
DA:37,1
DA:38,1
DA:39,1
DA:40,1
DA:41,1
DA:42,1
DA:43,1
DA:44,1
DA:45,1
DA:46,1
DA:47,1
DA:48,1
DA:49,1
DA:50,1
DA:51,1
DA:52,1
DA:53,1
DA:54,1
DA:55,1
DA:56,85
DA:57,85
DA:58,85
DA:59,85
DA:60,85
DA:61,85
DA:62,85
DA:63,1
DA:64,1
DA:65,84
DA:66,84
DA:67,85
DA:68,6
DA:69,6
DA:70,78
DA:71,78
DA:72,85
DA:73,3
DA:74,3
DA:75,75
DA:76,75
DA:77,85
DA:78,4
DA:79,4
DA:80,71
DA:81,71
DA:82,85
DA:83,8
DA:84,8
DA:85,63
DA:86,63
DA:87,63
DA:88,63
DA:89,63
DA:90,63
DA:91,85
DA:92,0
DA:93,0
DA:94,85
DA:95,0
DA:96,0
DA:97,63
DA:98,63
DA:99,85
DA:100,6
DA:101,6
DA:102,6
DA:103,57
DA:104,57
DA:105,57
DA:106,85
DA:107,1
DA:108,1
DA:109,56
DA:110,56
DA:111,85
DA:112,2
DA:113,2
DA:114,2
DA:115,2
DA:116,2
DA:117,54
DA:118,54
DA:119,54
DA:120,54
DA:121,54
DA:122,85
DA:123,1
DA:124,1
DA:125,53
DA:126,53
DA:127,53
DA:128,53
DA:129,53
DA:130,53
DA:131,53
DA:132,53
DA:133,85
DA:134,85
DA:135,85
DA:136,85
DA:137,47
DA:138,85
DA:139,9
DA:140,9
DA:141,9
DA:142,9
DA:143,9
DA:144,44
DA:145,44
DA:146,44
DA:147,44
DA:148,44
DA:149,85
DA:150,16
DA:151,16
DA:152,16
DA:153,16
DA:154,16
DA:155,28
DA:156,28
DA:157,85
DA:158,4
DA:159,4
DA:160,2
DA:161,2
DA:162,2
DA:163,2
DA:164,2
DA:165,2
DA:166,2
DA:167,24
DA:168,24
DA:169,24
DA:170,85
DA:171,3
DA:172,3
DA:173,3
DA:174,3
DA:175,3
DA:176,21
DA:177,21
DA:178,21
DA:179,85
DA:180,55
DA:181,7
DA:182,7
DA:183,7
DA:184,7
DA:185,7
DA:186,48
DA:187,48
DA:188,14
DA:189,14
DA:190,14
DA:191,14
DA:192,85
DA:193,12
DA:194,12
DA:195,3
DA:196,3
DA:197,12
DA:198,11
DA:199,11
DA:200,11
DA:201,11
DA:202,85
DA:203,35
DA:204,35
DA:205,31
DA:206,31
DA:207,35
DA:208,11
DA:209,11
DA:210,11
DA:211,85
DA:212,33
DA:213,6
DA:214,6
DA:215,33
DA:216,11
DA:217,85
DA:218,4
DA:219,4
DA:220,4
DA:221,4
DA:222,4
DA:223,7
DA:224,7
DA:225,7
DA:226,7
DA:227,7
DA:228,7
DA:229,7
DA:230,7
DA:231,7
DA:232,7
LF:232
LH:228
BRDA:56,0,0,85
BRDA:62,1,0,84
BRDA:62,2,0,1
BRDA:65,3,0,84
BRDA:67,4,0,6
BRDA:70,5,0,78
BRDA:72,6,0,3
BRDA:75,7,0,75
BRDA:77,8,0,4
BRDA:80,9,0,71
BRDA:82,10,0,8
BRDA:85,11,0,63
BRDA:91,12,0,0
BRDA:94,13,0,63
BRDA:94,14,0,0
BRDA:97,15,0,63
BRDA:99,16,0,6
BRDA:103,17,0,57
BRDA:106,18,0,1
BRDA:109,19,0,56
BRDA:111,20,0,2
BRDA:117,21,0,54
BRDA:122,22,0,1
BRDA:125,23,0,53
BRDA:133,24,0,53
BRDA:134,25,0,53
BRDA:135,26,0,53
BRDA:136,27,0,47
BRDA:138,28,0,9
BRDA:144,29,0,44
BRDA:149,30,0,16
BRDA:155,31,0,28
BRDA:157,32,0,4
BRDA:159,33,0,2
BRDA:167,34,0,24
BRDA:170,35,0,3
BRDA:176,36,0,21
BRDA:179,37,0,55
BRDA:180,38,0,7
BRDA:186,39,0,48
BRDA:188,40,0,14
BRDA:192,41,0,12
BRDA:194,42,0,3
BRDA:198,43,0,11
BRDA:202,44,0,35
BRDA:204,45,0,34
BRDA:204,46,0,31
BRDA:208,47,0,11
BRDA:211,48,0,33
BRDA:212,49,0,6
BRDA:216,50,0,11
BRDA:217,51,0,4
BRDA:223,52,0,7
BRF:53
BRH:51
end_of_record
TN:
SF:src/logTypes.ts
FN:79,severityToLogLevel
FN:96,shouldLog
FN:111,parseLogLevel
FNF:3
FNH:3
FNDA:153,severityToLogLevel
FNDA:8,shouldLog
FNDA:17,parseLogLevel
DA:1,1
DA:2,1
DA:3,1
DA:4,1
DA:5,1
DA:6,1
DA:7,1
DA:8,1
DA:9,1
DA:10,1
DA:11,1
DA:12,1
DA:13,1
DA:14,1
DA:15,1
DA:16,1
DA:17,1
DA:18,1
DA:19,1
DA:20,1
DA:21,1
DA:22,1
DA:23,1
DA:24,1
DA:25,1
DA:26,1
DA:27,1
DA:28,1
DA:29,1
DA:30,1
DA:31,1
DA:32,1
DA:33,1
DA:34,1
DA:35,1
DA:36,1
DA:37,1
DA:38,1
DA:39,1
DA:40,1
DA:41,1
DA:42,1
DA:43,1
DA:44,1
DA:45,1
DA:46,1
DA:47,1
DA:48,1
DA:49,1
DA:50,1
DA:51,1
DA:52,1
DA:53,1
DA:54,1
DA:55,1
DA:56,1
DA:57,1
DA:58,1
DA:59,1
DA:60,1
DA:61,1
DA:62,1
DA:63,1
DA:64,1
DA:65,1
DA:66,1
DA:67,1
DA:68,1
DA:69,1
DA:70,1
DA:71,1
DA:72,1
DA:73,1
DA:74,1
DA:75,1
DA:76,1
DA:77,1
DA:78,1
DA:79,153
DA:80,153
DA:81,153
DA:82,127
DA:83,153
DA:84,17
DA:85,153
DA:86,9
DA:87,153
DA:88,153
DA:89,1
DA:90,1
DA:91,1
DA:92,1
DA:93,1
DA:94,1
DA:95,1
DA:96,8
DA:97,8
DA:98,8
DA:99,2
DA:100,2
DA:101,6
DA:102,6
DA:103,1
DA:104,1
DA:105,1
DA:106,1
DA:107,1
DA:108,1
DA:109,1
DA:110,1
DA:111,17
DA:112,17
DA:113,17
DA:114,14
DA:115,14
DA:116,3
DA:117,3
LF:117
LH:117
BRDA:18,0,0,1
BRDA:79,1,0,153
BRDA:81,2,0,127
BRDA:83,3,0,17
BRDA:85,4,0,9
BRDA:96,5,0,8
BRDA:98,6,0,2
BRDA:101,7,0,6
BRDA:111,8,0,17
BRDA:113,9,0,14
BRDA:116,10,0,3
BRF:11
BRH:11
end_of_record
TN:
SF:src/pathSanitizer.ts
FN:89,containsSensitiveDir
FN:135,matchesSensitivePattern
FN:163,sanitizePath
FNF:3
FNH:3
FNDA:64,containsSensitiveDir
FNDA:72,matchesSensitivePattern
FNDA:58,sanitizePath
DA:1,1
DA:2,1
DA:3,1
DA:4,1
DA:5,1
DA:6,1
DA:7,1
DA:8,1
DA:9,1
DA:10,1
DA:11,1
DA:12,1
DA:13,1
DA:14,1
DA:15,1
DA:16,1
DA:17,1
DA:18,1
DA:19,1
DA:20,1
DA:21,1
DA:22,1
DA:23,1
DA:24,1
DA:25,1
DA:26,1
DA:27,1
DA:28,1
DA:29,1
DA:30,1
DA:31,1
DA:32,1
DA:33,1
DA:34,1
DA:35,1
DA:36,1
DA:37,1
DA:38,1
DA:39,1
DA:40,1
DA:41,1
DA:42,1
DA:43,1
DA:44,1
DA:45,1
DA:46,1
DA:47,1
DA:48,1
DA:49,1
DA:50,1
DA:51,1
DA:52,1
DA:53,1
DA:54,1
DA:55,1
DA:56,1
DA:57,1
DA:58,1
DA:59,1
DA:60,1
DA:61,1
DA:62,1
DA:63,1
DA:64,1
DA:65,1
DA:66,1
DA:67,1
DA:68,1
DA:69,1
DA:70,1
DA:71,1
DA:72,1
DA:73,1
DA:74,1
DA:75,1
DA:76,1
DA:77,1
DA:78,1
DA:79,1
DA:80,1
DA:81,1
DA:82,1
DA:83,1
DA:84,1
DA:85,1
DA:86,1
DA:87,1
DA:88,1
DA:89,64
DA:90,64
DA:91,64
DA:92,1
DA:93,1
DA:94,63
DA:95,63
DA:96,64
DA:97,64
DA:98,64
DA:99,64
DA:100,64
DA:101,64
DA:102,64
DA:103,64
DA:104,64
DA:105,781
DA:106,781
DA:107,781
DA:108,781
DA:109,781
DA:110,781
DA:111,781
DA:112,781
DA:113,781
DA:114,781
DA:115,781
DA:116,2014
DA:117,2014
DA:118,2038
DA:119,1986
DA:120,1986
DA:121,1986
DA:122,2038
DA:123,2014
DA:124,28
DA:125,28
DA:126,2014
DA:127,753
DA:128,35
DA:129,35
DA:130,35
DA:131,1
DA:132,1
DA:133,1
DA:134,1
DA:135,72
DA:136,72
DA:137,72
DA:138,72
DA:139,72
DA:140,72
DA:141,72
DA:142,72
DA:143,72
DA:144,72
DA:145,72
DA:146,770
DA:147,35
DA:148,35
DA:149,770
DA:150,37
DA:151,37
DA:152,37
DA:153,1
DA:154,1
DA:155,1
DA:156,1
DA:157,1
DA:158,1
DA:159,1
DA:160,1
DA:161,1
DA:162,1
DA:163,58
DA:164,58
DA:165,6
DA:166,6
DA:167,52
DA:168,52
DA:169,58
DA:170,5
DA:171,5
DA:172,47
DA:173,47
DA:174,58
DA:175,1
DA:176,1
DA:177,46
DA:178,46
DA:179,46
DA:180,46
DA:181,46
DA:182,46
DA:183,46
DA:184,58
DA:185,58
DA:186,7
DA:187,7
DA:188,7
DA:189,7
DA:190,7
DA:191,7
DA:192,39
DA:193,39
DA:194,58
DA:195,9
DA:196,9
DA:197,30
DA:198,30
DA:199,58
DA:200,2
DA:201,2
DA:202,28
DA:203,28
DA:204,28
DA:205,28
DA:206,58
DA:207,3
DA:208,3
DA:209,3
DA:210,3
DA:211,1
DA:212,3
DA:213,2
DA:214,2
DA:215,58
DA:216,25
DA:217,25
DA:218,28
DA:219,58
DA:220,26
DA:221,26
DA:222,26
DA:223,26
DA:224,26
DA:225,24
DA:226,26
DA:227,6
DA:228,6
DA:229,26
DA:230,22
DA:231,22
DA:232,22
DA:233,22
DA:234,22
LF:234
LH:234
BRDA:89,0,0,64
BRDA:91,1,0,1
BRDA:94,2,0,63
BRDA:96,3,0,11
BRDA:96,4,0,52
BRDA:99,5,0,11
BRDA:99,6,0,52
BRDA:104,7,0,781
BRDA:107,8,0,47
BRDA:108,9,0,734
BRDA:115,10,0,2014
BRDA:117,11,0,2038
BRDA:118,12,0,1986
BRDA:123,13,0,28
BRDA:127,14,0,753
BRDA:128,15,0,35
BRDA:102,16,0,274
BRDA:111,17,0,1191
BRDA:135,18,0,72
BRDA:139,19,0,2
BRDA:140,20,0,70
BRDA:145,21,0,770
BRDA:146,22,0,735
BRDA:146,23,0,35
BRDA:150,24,0,37
BRDA:163,25,0,58
BRDA:164,26,0,54
BRDA:164,27,0,6
BRDA:167,28,0,52
BRDA:169,29,0,5
BRDA:172,30,0,47
BRDA:174,31,0,1
BRDA:177,32,0,46
BRDA:184,33,0,8
BRDA:185,34,0,7
BRDA:189,35,0,1
BRDA:192,36,0,39
BRDA:194,37,0,9
BRDA:197,38,0,30
BRDA:199,39,0,2
BRDA:202,40,0,28
BRDA:206,41,0,3
BRDA:208,42,0,2
BRDA:209,43,0,2
BRDA:210,44,0,1
BRDA:210,45,0,1
BRDA:212,46,0,2
BRDA:213,47,0,1
BRDA:215,48,0,25
BRDA:216,49,0,1
BRDA:218,50,0,28
BRDA:219,51,0,26
BRDA:224,52,0,24
BRDA:226,53,0,6
BRDA:230,54,0,22
BRF:55
BRH:55
end_of_record
TN:
SF:src/pathSecurity.ts
FN:50,createControlCharValidator
FN:60,createInvisibleUnicodeValidator
FN:74,validateNotEmpty
FN:84,validateNoWhitespace
FN:94,validateNoNullBytes
FN:110,normalizeUnicode
FN:131,validatePathMaxLength
FN:146,validateNoTraversal
FN:157,validateNoDoubleSlash
FN:167,validateNoBackslash
FN:181,validateTildePattern
FN:198,validateNoWindowsAbsolutePath
FN:212,validateNoUNCPath
FN:226,validateNoWindowsDevicePath
FN:241,validateNoTrailingDot
FN:255,validateNoTrailingDotSlash
FN:269,validateNoWindowsReservedNames
FN:287,validatePrefix
FN:359,runValidators
FN:387,isSecurePath
FN:420,isPathArgument
FNF:21
FNH:21
FNDA:2,createControlCharValidator
FNDA:2,createInvisibleUnicodeValidator
FNDA:200,validateNotEmpty
FNDA:197,validateNoWhitespace
FNDA:190,validateNoNullBytes
FNDA:168,normalizeUnicode
FNDA:168,validatePathMaxLength
FNDA:167,validateNoTraversal
FNDA:124,validateNoDoubleSlash
FNDA:135,validateNoBackslash
FNDA:116,validateTildePattern
FNDA:107,validateNoWindowsAbsolutePath
FNDA:101,validateNoUNCPath
FNDA:101,validateNoWindowsDevicePath
FNDA:101,validateNoTrailingDot
FNDA:95,validateNoTrailingDotSlash
FNDA:95,validateNoWindowsReservedNames
FNDA:85,validatePrefix
FNDA:368,runValidators
FNDA:200,isSecurePath
FNDA:136,isPathArgument
DA:1,1
DA:2,1
DA:3,1
DA:4,1
DA:5,1
DA:6,1
DA:7,1
DA:8,1
DA:9,1
DA:10,1
DA:11,1
DA:12,1
DA:13,1
DA:14,1
DA:15,1
DA:16,1
DA:17,1
DA:18,1
DA:19,1
DA:20,1
DA:21,1
DA:22,1
DA:23,1
DA:24,1
DA:25,1
DA:26,1
DA:27,1
DA:28,1
DA:29,1
DA:30,1
DA:31,1
DA:32,1
DA:33,1
DA:34,1
DA:35,1
DA:36,1
DA:37,1
DA:38,1
DA:39,1
DA:40,1
DA:41,1
DA:42,1
DA:43,1
DA:44,1
DA:45,1
DA:46,1
DA:47,1
DA:48,1
DA:49,1
DA:50,1
DA:51,350
DA:52,9
DA:53,9
DA:54,341
DA:55,341
DA:56,1
DA:57,1
DA:58,1
DA:59,1
DA:60,1
DA:61,341
DA:62,5
DA:63,5
DA:64,336
DA:65,336
DA:66,1
DA:67,1
DA:68,1
DA:69,1
DA:70,1
DA:71,1
DA:72,1
DA:73,1
DA:74,1
DA:75,200
DA:76,3
DA:77,3
DA:78,197
DA:79,197
DA:80,1
DA:81,1
DA:82,1
DA:83,1
DA:84,1
DA:85,197
DA:86,7
DA:87,7
DA:88,190
DA:89,190
DA:90,1
DA:91,1
DA:92,1
DA:93,1
DA:94,1
DA:95,190
DA:96,8
DA:97,8
DA:98,182
DA:99,182
DA:100,1
DA:101,1
DA:102,1
DA:103,1
DA:104,1
DA:105,1
DA:106,1
DA:107,1
DA:108,1
DA:109,1
DA:110,1
DA:111,168
DA:112,168
DA:113,1
DA:114,1
DA:115,1
DA:116,1
DA:117,1
DA:118,1
DA:119,1
DA:120,1
DA:121,1
DA:122,1
DA:123,1
DA:124,1
DA:125,1
DA:126,1
DA:127,1
DA:128,1
DA:129,1
DA:130,1
DA:131,1
DA:132,168
DA:133,168
DA:134,1
DA:135,1
DA:136,1
DA:137,1
DA:138,1
DA:139,1
DA:140,167
DA:141,167
DA:142,1
DA:143,1
DA:144,1
DA:145,1
DA:146,1
DA:147,167
DA:148,32
DA:149,32
DA:150,135
DA:151,135
DA:152,1
DA:153,1
DA:154,1
DA:155,1
DA:156,1
DA:157,1
DA:158,124
DA:159,8
DA:160,8
DA:161,116
DA:162,116
DA:163,1
DA:164,1
DA:165,1
DA:166,1
DA:167,1
DA:168,135
DA:169,11
DA:170,11
DA:171,11
DA:172,11
DA:173,11
DA:174,11
DA:175,124
DA:176,124
DA:177,1
DA:178,1
DA:179,1
DA:180,1
DA:181,1
DA:182,116
DA:183,23
DA:184,23
DA:185,9
DA:186,9
DA:187,9
DA:188,9
DA:189,9
DA:190,9
DA:191,23
DA:192,107
DA:193,107
DA:194,1
DA:195,1
DA:196,1
DA:197,1
DA:198,1
DA:199,107
DA:200,6
DA:201,6
DA:202,6
DA:203,6
DA:204,6
DA:205,6
DA:206,101
DA:207,101
DA:208,1
DA:209,1
DA:210,1
DA:211,1
DA:212,1
DA:213,101
DA:214,0
DA:215,0
DA:216,0
DA:217,0
DA:218,0
DA:219,0
DA:220,101
DA:221,101
DA:222,1
DA:223,1
DA:224,1
DA:225,1
DA:226,1
DA:227,101
DA:228,0
DA:229,0
DA:230,0
DA:231,0
DA:232,0
DA:233,0
DA:234,101
DA:235,101
DA:236,1
DA:237,1
DA:238,1
DA:239,1
DA:240,1
DA:241,1
DA:242,101
DA:243,6
DA:244,6
DA:245,6
DA:246,6
DA:247,6
DA:248,6
DA:249,95
DA:250,95
DA:251,1
DA:252,1
DA:253,1
DA:254,1
DA:255,1
DA:256,95
DA:257,0
DA:258,0
DA:259,0
DA:260,0
DA:261,0
DA:262,0
DA:263,95
DA:264,95
DA:265,1
DA:266,1
DA:267,1
DA:268,1
DA:269,1
DA:270,95
DA:271,95
DA:272,95
DA:273,10
DA:274,10
DA:275,10
DA:276,10
DA:277,10
DA:278,10
DA:279,85
DA:280,85
DA:281,1
DA:282,1
DA:283,1
DA:284,1
DA:285,1
DA:286,1
DA:287,1
DA:288,85
DA:289,85
DA:290,85
DA:291,85
DA:292,85
DA:293,85
DA:294,85
DA:295,85
DA:296,138
DA:297,13
DA:298,13
DA:299,13
DA:300,138
DA:301,85
DA:302,85
DA:303,85
DA:304,3
DA:305,3
DA:306,3
DA:307,3
DA:308,3
DA:309,3
DA:310,82
DA:311,82
DA:312,1
DA:313,1
DA:314,1
DA:315,1
DA:316,1
DA:317,1
DA:318,1
DA:319,1
DA:320,1
DA:321,1
DA:322,1
DA:323,1
DA:324,1
DA:325,1
DA:326,1
DA:327,1
DA:328,1
DA:329,1
DA:330,1
DA:331,1
DA:332,1
DA:333,1
DA:334,1
DA:335,1
DA:336,1
DA:337,1
DA:338,1
DA:339,1
DA:340,1
DA:341,1
DA:342,1
DA:343,1
DA:344,1
DA:345,1
DA:346,1
DA:347,1
DA:348,1
DA:349,1
DA:350,1
DA:351,1
DA:352,1
DA:353,1
DA:354,1
DA:355,1
DA:356,1
DA:357,1
DA:358,1
DA:359,368
DA:360,368
DA:361,2783
DA:362,110
DA:363,110
DA:364,2673
DA:365,2673
DA:366,368
DA:367,368
DA:368,1
DA:369,1
DA:370,1
DA:371,1
DA:372,1
DA:373,1
DA:374,1
DA:375,1
DA:376,1
DA:377,1
DA:378,1
DA:379,1
DA:380,1
DA:381,1
DA:382,1
DA:383,1
DA:384,1
DA:385,1
DA:386,1
DA:387,200
DA:388,200
DA:389,200
DA:390,200
DA:391,200
DA:392,200
DA:393,200
DA:394,32
DA:395,32
DA:396,168
DA:397,168
DA:398,168
DA:399,168
DA:400,168
DA:401,168
DA:402,200
DA:403,86
DA:404,86
DA:405,82
DA:406,82
DA:407,82
DA:408,1
DA:409,1
DA:410,1
DA:411,1
DA:412,1
DA:413,1
DA:414,1
DA:415,1
DA:416,1
DA:417,1
DA:418,1
DA:419,1
DA:420,136
DA:421,136
DA:422,1
DA:423,1
DA:424,135
DA:425,135
DA:426,135
DA:427,135
DA:428,136
DA:429,3
DA:430,3
DA:431,3
DA:432,3
DA:433,132
DA:434,132
DA:435,132
DA:436,132
DA:437,132
DA:438,132
DA:439,136
DA:440,136
DA:441,136
DA:442,136
DA:443,136
DA:444,97
DA:445,136
DA:446,95
DA:447,95
DA:448,136
DA:449,136
LF:449
LH:431
BRDA:50,0,0,2
BRDA:50,1,0,350
BRDA:51,2,0,9
BRDA:54,3,0,341
BRDA:60,4,0,2
BRDA:60,5,0,341
BRDA:61,6,0,5
BRDA:64,7,0,336
BRDA:74,8,0,200
BRDA:75,9,0,197
BRDA:75,10,0,3
BRDA:78,11,0,197
BRDA:84,12,0,197
BRDA:85,13,0,7
BRDA:88,14,0,190
BRDA:94,15,0,190
BRDA:95,16,0,8
BRDA:98,17,0,182
BRDA:110,18,0,168
BRDA:131,19,0,168
BRDA:133,20,0,1
BRDA:140,21,0,167
BRDA:146,22,0,167
BRDA:147,23,0,32
BRDA:150,24,0,135
BRDA:157,25,0,124
BRDA:158,26,0,8
BRDA:161,27,0,116
BRDA:167,28,0,135
BRDA:168,29,0,11
BRDA:175,30,0,124
BRDA:181,31,0,116
BRDA:182,32,0,23
BRDA:184,33,0,22
BRDA:184,34,0,9
BRDA:192,35,0,107
BRDA:198,36,0,107
BRDA:199,37,0,6
BRDA:206,38,0,101
BRDA:212,39,0,101
BRDA:213,40,0,0
BRDA:226,41,0,101
BRDA:227,42,0,0
BRDA:241,43,0,101
BRDA:242,44,0,99
BRDA:242,45,0,6
BRDA:249,46,0,95
BRDA:255,47,0,95
BRDA:256,48,0,0
BRDA:269,49,0,95
BRDA:271,50,0,2
BRDA:272,51,0,10
BRDA:279,52,0,85
BRDA:287,53,0,85
BRDA:303,54,0,3
BRDA:310,55,0,82
BRDA:295,56,0,138
BRDA:296,57,0,13
BRDA:298,58,0,11
BRDA:300,59,0,125
BRDA:300,60,0,123
BRDA:359,61,0,368
BRDA:360,62,0,2783
BRDA:361,63,0,110
BRDA:364,64,0,2673
BRDA:387,65,0,200
BRDA:393,66,0,32
BRDA:396,67,0,168
BRDA:402,68,0,86
BRDA:405,69,0,82
BRDA:420,70,0,136
BRDA:421,71,0,135
BRDA:421,72,0,1
BRDA:424,73,0,135
BRDA:428,74,0,3
BRDA:433,75,0,132
BRDA:438,76,0,113
BRDA:439,77,0,108
BRDA:440,78,0,104
BRDA:441,79,0,99
BRDA:442,80,0,98
BRDA:443,81,0,97
BRDA:445,82,0,95
BRF:83
BRH:80
end_of_record
TN:
SF:src/pathUtils.ts
FN:60,expandTilde
FN:97,normalizeAndValidatePath
FN:248,isSecurePathAfterNormalization
FN:315,resolveSymlinksSecurely
FN:384,containsSymlinks
FN:412,validateSshKeyPath
FN:481,validateSubmodulePath
FNF:7
FNH:7
FNDA:49,expandTilde
FNDA:62,normalizeAndValidatePath
FNDA:43,isSecurePathAfterNormalization
FNDA:7,resolveSymlinksSecurely
FNDA:4,containsSymlinks
FNDA:6,validateSshKeyPath
FNDA:14,validateSubmodulePath
DA:1,1
DA:2,1
DA:3,1
DA:4,1
DA:5,1
DA:6,1
DA:7,1
DA:8,1
DA:9,1
DA:10,1
DA:11,1
DA:12,1
DA:13,1
DA:14,1
DA:15,1
DA:16,1
DA:17,1
DA:18,1
DA:19,1
DA:20,1
DA:21,1
DA:22,1
DA:23,1
DA:24,1
DA:25,1
DA:26,1
DA:27,1
DA:28,1
DA:29,1
DA:30,1
DA:31,1
DA:32,1
DA:33,1
DA:34,1
DA:35,1
DA:36,1
DA:37,1
DA:38,1
DA:39,1
DA:40,1
DA:41,1
DA:42,1
DA:43,1
DA:44,1
DA:45,1
DA:46,1
DA:47,1
DA:48,1
DA:49,1
DA:50,1
DA:51,1
DA:52,1
DA:53,1
DA:54,1
DA:55,1
DA:56,1
DA:57,1
DA:58,1
DA:59,1
DA:60,49
DA:61,49
DA:62,2
DA:63,2
DA:64,47
DA:65,47
DA:66,49
DA:67,2
DA:68,2
DA:69,45
DA:70,49
DA:71,7
DA:72,7
DA:73,38
DA:74,38
DA:75,38
DA:76,38
DA:77,1
DA:78,1
DA:79,1
DA:80,1
DA:81,1
DA:82,1
DA:83,1
DA:84,1
DA:85,1
DA:86,1
DA:87,1
DA:88,1
DA:89,1
DA:90,1
DA:91,1
DA:92,1
DA:93,1
DA:94,1
DA:95,1
DA:96,1
DA:97,62
DA:98,62
DA:99,62
DA:100,62
DA:101,62
DA:102,62
DA:103,62
DA:104,62
DA:105,62
DA:106,62
DA:107,62
DA:108,62
DA:109,3
DA:110,3
DA:111,3
DA:112,3
DA:113,3
DA:114,3
DA:115,59
DA:116,59
DA:117,59
DA:118,62
DA:119,1
DA:120,1
DA:121,1
DA:122,1
DA:123,1
DA:124,1
DA:125,58
DA:126,58
DA:127,58
DA:128,62
DA:129,22
DA:130,22
DA:131,22
DA:132,22
DA:133,22
DA:134,22
DA:135,36
DA:136,36
DA:137,36
DA:138,36
DA:139,36
DA:140,36
DA:141,36
DA:142,36
DA:143,62
DA:144,32
DA:145,62
DA:146,4
DA:147,4
DA:148,36
DA:149,36
DA:150,36
DA:151,36
DA:152,36
DA:153,36
DA:154,36
DA:155,36
DA:156,36
DA:157,36
DA:158,36
DA:159,62
DA:160,0
DA:161,0
DA:162,0
DA:163,0
DA:164,36
DA:165,36
DA:166,36
DA:167,36
DA:168,62
DA:169,0
DA:170,0
DA:171,0
DA:172,0
DA:173,0
DA:174,0
DA:175,36
DA:176,36
DA:177,36
DA:178,62
DA:179,0
DA:180,0
DA:181,0
DA:182,0
DA:183,0
DA:184,0
DA:185,36
DA:186,36
DA:187,36
DA:188,62
DA:189,7
DA:190,7
DA:191,0
DA:192,0
DA:193,0
DA:194,0
DA:195,0
DA:196,0
DA:197,7
DA:198,7
DA:199,7
DA:200,7
DA:201,7
DA:202,7
DA:203,7
DA:204,0
DA:205,0
DA:206,0
DA:207,0
DA:208,0
DA:209,0
DA:210,7
DA:211,7
DA:212,36
DA:213,36
DA:214,36
DA:215,36
DA:216,36
DA:217,36
DA:218,62
DA:219,16
DA:220,16
DA:221,16
DA:222,2
DA:223,2
DA:224,2
DA:225,2
DA:226,2
DA:227,2
DA:228,2
DA:229,2
DA:230,2
DA:231,16
DA:232,34
DA:233,34
DA:234,34
DA:235,34
DA:236,34
DA:237,34
DA:238,34
DA:239,34
DA:240,1
DA:241,1
DA:242,1
DA:243,1
DA:244,1
DA:245,1
DA:246,1
DA:247,1
DA:248,43
DA:249,43
DA:250,43
DA:251,43
DA:252,43
DA:253,43
DA:254,0
DA:255,0
DA:256,43
DA:257,43
DA:258,43
DA:259,43
DA:260,0
DA:261,0
DA:262,0
DA:263,0
DA:264,0
DA:265,43
DA:266,43
DA:267,43
DA:268,0
DA:269,0
DA:270,0
DA:271,0
DA:272,0
DA:273,43
DA:274,43
DA:275,43
DA:276,43
DA:277,7
DA:278,7
DA:279,0
DA:280,0
DA:281,0
DA:282,0
DA:283,0
DA:284,7
DA:285,43
DA:286,43
DA:287,43
DA:288,1
DA:289,1
DA:290,1
DA:291,1
DA:292,1
DA:293,1
DA:294,1
DA:295,1
DA:296,1
DA:297,1
DA:298,1
DA:299,1
DA:300,1
DA:301,1
DA:302,1
DA:303,1
DA:304,1
DA:305,1
DA:306,1
DA:307,1
DA:308,1
DA:309,1
DA:310,1
DA:311,1
DA:312,1
DA:313,1
DA:314,1
DA:315,7
DA:316,7
DA:317,7
DA:318,7
DA:319,7
DA:320,7
DA:321,7
DA:322,7
DA:323,0
DA:324,0
DA:325,0
DA:326,0
DA:327,0
DA:328,1
DA:329,1
DA:330,1
DA:331,1
DA:332,1
DA:333,7
DA:334,6
DA:335,6
DA:336,6
DA:337,6
DA:338,6
DA:339,0
DA:340,0
DA:341,0
DA:342,0
DA:343,6
DA:344,6
DA:345,6
DA:346,6
DA:347,6
DA:348,6
DA:349,6
DA:350,6
DA:351,6
DA:352,6
DA:353,6
DA:354,0
DA:355,0
DA:356,0
DA:357,0
DA:358,6
DA:359,0
DA:360,0
DA:361,0
DA:362,0
DA:363,6
DA:364,0
DA:365,0
DA:366,0
DA:367,0
DA:368,6
DA:369,0
DA:370,0
DA:371,0
DA:372,0
DA:373,6
DA:374,6
DA:375,7
DA:376,1
DA:377,1
DA:378,1
DA:379,1
DA:380,1
DA:381,1
DA:382,1
DA:383,1
DA:384,4
DA:385,4
DA:386,4
DA:387,4
DA:388,4
DA:389,4
DA:390,1
DA:391,1
DA:392,1
DA:393,1
DA:394,1
DA:395,0
DA:396,0
DA:397,1
DA:398,1
DA:399,1
DA:400,1
DA:401,1
DA:402,1
DA:403,4
DA:404,1
DA:405,1
DA:406,1
DA:407,1
DA:408,1
DA:409,1
DA:410,1
DA:411,1
DA:412,6
DA:413,6
DA:414,6
DA:415,6
DA:416,6
DA:417,6
DA:418,6
DA:419,6
DA:420,6
DA:421,6
DA:422,6
DA:423,2
DA:424,2
DA:425,4
DA:426,4
DA:427,4
DA:428,4
DA:429,4
DA:430,4
DA:431,4
DA:432,4
DA:433,4
DA:434,4
DA:435,4
DA:436,4
DA:437,4
DA:438,4
DA:439,6
DA:440,4
DA:441,4
DA:442,6
DA:443,1
DA:444,1
DA:445,1
DA:446,4
DA:447,4
DA:448,4
DA:449,1
DA:450,1
DA:451,1
DA:452,1
DA:453,1
DA:454,1
DA:455,1
DA:456,1
DA:457,1
DA:458,1
DA:459,1
DA:460,1
DA:461,1
DA:462,1
DA:463,1
DA:464,1
DA:465,1
DA:466,1
DA:467,1
DA:468,1
DA:469,1
DA:470,1
DA:471,1
DA:472,1
DA:473,1
DA:474,1
DA:475,1
DA:476,1
DA:477,1
DA:478,1
DA:479,1
DA:480,1
DA:481,14
DA:482,14
DA:483,14
DA:484,14
DA:485,14
DA:486,14
DA:487,14
DA:488,14
DA:489,14
DA:490,14
DA:491,14
DA:492,14
DA:493,14
DA:494,14
DA:495,1
DA:496,1
DA:497,1
DA:498,1
DA:499,1
DA:500,1
DA:501,1
DA:502,1
DA:503,13
DA:504,13
DA:505,13
DA:506,13
DA:507,13
DA:508,14
DA:509,2
DA:510,2
DA:511,2
DA:512,2
DA:513,2
DA:514,2
DA:515,11
DA:516,11
DA:517,14
DA:518,1
DA:519,1
DA:520,1
DA:521,1
DA:522,1
DA:523,1
DA:524,10
DA:525,10
DA:526,10
DA:527,14
DA:528,1
DA:529,1
DA:530,1
DA:531,1
DA:532,1
DA:533,1
DA:534,9
DA:535,9
DA:536,9
DA:537,9
DA:538,14
DA:539,1
DA:540,1
DA:541,1
DA:542,1
DA:543,1
DA:544,1
DA:545,8
DA:546,8
DA:547,8
DA:548,8
DA:549,8
DA:550,8
DA:551,8
DA:552,8
DA:553,14
DA:554,6
DA:555,6
DA:556,2
DA:557,2
DA:558,2
DA:559,2
DA:560,2
DA:561,2
DA:562,2
DA:563,2
DA:564,2
DA:565,0
DA:566,14
DA:567,0
DA:568,0
DA:569,0
DA:570,0
DA:571,0
DA:572,0
DA:573,2
DA:574,2
DA:575,2
DA:576,2
DA:577,2
DA:578,2
DA:579,2
DA:580,2
DA:581,2
DA:582,2
DA:583,2
DA:584,2
DA:585,2
DA:586,2
DA:587,2
DA:588,2
DA:589,2
DA:590,2
DA:591,2
DA:592,2
DA:593,0
DA:594,0
DA:595,0
DA:596,0
DA:597,0
DA:598,0
DA:599,0
DA:600,0
DA:601,0
DA:602,0
DA:603,0
DA:604,0
DA:605,0
DA:606,0
DA:607,0
DA:608,0
DA:609,0
DA:610,0
DA:611,2
DA:612,0
DA:613,0
DA:614,0
DA:615,0
DA:616,0
DA:617,0
DA:618,0
DA:619,0
DA:620,0
DA:621,0
DA:622,0
DA:623,0
DA:624,0
DA:625,0
DA:626,0
DA:627,2
DA:628,2
DA:629,2
DA:630,2
DA:631,2
DA:632,2
DA:633,0
DA:634,0
DA:635,0
DA:636,2
DA:637,2
DA:638,2
DA:639,2
DA:640,2
DA:641,2
DA:642,14
DA:643,1
DA:644,1
DA:645,1
DA:646,1
DA:647,1
DA:648,1
DA:649,1
DA:650,1
DA:651,1
DA:652,1
DA:653,1
DA:654,1
DA:655,1
DA:656,1
DA:657,1
LF:657
LH:542
BRDA:60,0,0,49
BRDA:61,1,0,2
BRDA:64,2,0,47
BRDA:66,3,0,2
BRDA:69,4,0,45
BRDA:70,5,0,7
BRDA:73,6,0,38
BRDA:97,7,0,62
BRDA:108,8,0,59
BRDA:108,9,0,3
BRDA:115,10,0,59
BRDA:118,11,0,1
BRDA:125,12,0,58
BRDA:128,13,0,22
BRDA:135,14,0,36
BRDA:143,15,0,32
BRDA:145,16,0,4
BRDA:148,17,0,36
BRDA:159,18,0,0
BRDA:164,19,0,36
BRDA:168,20,0,0
BRDA:175,21,0,36
BRDA:178,22,0,0
BRDA:185,23,0,36
BRDA:188,24,0,7
BRDA:190,25,0,0
BRDA:203,26,0,0
BRDA:212,27,0,36
BRDA:218,28,0,16
BRDA:221,29,0,2
BRDA:232,30,0,34
BRDA:248,31,0,43
BRDA:253,32,0,0
BRDA:259,33,0,0
BRDA:267,34,0,0
BRDA:276,35,0,7
BRDA:278,36,0,0
BRDA:315,37,0,7
BRDA:322,38,0,0
BRDA:328,39,0,1
BRDA:333,40,0,6
BRDA:338,41,0,0
BRDA:353,42,0,0
BRDA:358,43,0,0
BRDA:363,44,0,0
BRDA:368,45,0,0
BRDA:384,46,0,4
BRDA:389,47,0,1
BRDA:394,48,0,0
BRDA:412,49,0,6
BRDA:422,50,0,2
BRDA:425,51,0,4
BRDA:442,52,0,1
BRDA:446,53,0,4
BRDA:438,54,0,6
BRDA:439,55,0,3
BRDA:481,56,0,14
BRDA:494,57,0,1
BRDA:500,58,0,0
BRDA:503,59,0,13
BRDA:508,60,0,12
BRDA:508,61,0,2
BRDA:515,62,0,11
BRDA:517,63,0,1
BRDA:524,64,0,10
BRDA:527,65,0,1
BRDA:534,66,0,9
BRDA:538,67,0,1
BRDA:545,68,0,8
BRDA:553,69,0,6
BRDA:556,70,0,2
BRDA:564,71,0,0
BRDA:566,72,0,0
BRDA:573,73,0,2
BRDA:592,74,0,0
BRDA:611,75,0,0
BRDA:632,76,0,0
BRDA:642,77,0,1
BRF:78
BRH:56
end_of_record
TN:
SF:src/secureExec.ts
FN:66,<instance_members_initializer>
FN:73,TimeoutError
FN:112,isValidCommandName
FN:154,getUserConfiguredTimeouts
FN:277,getCommandTimeout
FN:352,isTimeoutError
FN:407,secureExec
FN:474,gitExec
FN:504,sshAgentExec
FN:522,sshKeygenExec
FNF:10
FNH:9
FNDA:7,<instance_members_initializer>
FNDA:7,TimeoutError
FNDA:0,isValidCommandName
FNDA:19,getUserConfiguredTimeouts
FNDA:24,getCommandTimeout
FNDA:10,isTimeoutError
FNDA:20,secureExec
FNDA:2,gitExec
FNDA:1,sshAgentExec
FNDA:1,sshKeygenExec
DA:1,1
DA:2,1
DA:3,1
DA:4,1
DA:5,1
DA:6,1
DA:7,1
DA:8,1
DA:9,1
DA:10,1
DA:11,1
DA:12,1
DA:13,1
DA:14,1
DA:15,1
DA:16,1
DA:17,1
DA:18,1
DA:19,1
DA:20,1
DA:21,1
DA:22,1
DA:23,1
DA:24,1
DA:25,1
DA:26,1
DA:27,1
DA:28,1
DA:29,1
DA:30,1
DA:31,1
DA:32,1
DA:33,1
DA:34,1
DA:35,1
DA:36,1
DA:37,1
DA:38,1
DA:39,1
DA:40,1
DA:41,1
DA:42,1
DA:43,1
DA:44,1
DA:45,1
DA:46,1
DA:47,1
DA:48,1
DA:49,1
DA:50,1
DA:51,1
DA:52,1
DA:53,1
DA:54,1
DA:55,1
DA:56,1
DA:57,1
DA:58,1
DA:59,1
DA:60,1
DA:61,1
DA:62,1
DA:63,1
DA:64,1
DA:65,1
DA:66,1
DA:67,7
DA:68,7
DA:69,7
DA:70,7
DA:71,1
DA:72,1
DA:73,1
DA:74,7
DA:75,7
DA:76,7
DA:77,7
DA:78,7
DA:79,7
DA:80,7
DA:81,7
DA:82,7
DA:83,7
DA:84,7
DA:85,7
DA:86,7
DA:87,7
DA:88,1
DA:89,1
DA:90,1
DA:91,1
DA:92,1
DA:93,1
DA:94,1
DA:95,1
DA:96,1
DA:97,1
DA:98,1
DA:99,1
DA:100,1
DA:101,1
DA:102,1
DA:103,1
DA:104,1
DA:105,1
DA:106,1
DA:107,1
DA:108,1
DA:109,1
DA:110,1
DA:111,1
DA:112,0
DA:113,0
DA:114,0
DA:115,0
DA:116,0
DA:117,0
DA:118,0
DA:119,0
DA:120,0
DA:121,0
DA:122,0
DA:123,0
DA:124,0
DA:125,0
DA:126,0
DA:127,0
DA:128,0
DA:129,0
DA:130,0
DA:131,0
DA:132,0
DA:133,0
DA:134,0
DA:135,0
DA:136,0
DA:137,0
DA:138,0
DA:139,1
DA:140,1
DA:141,1
DA:142,1
DA:143,1
DA:144,1
DA:145,1
DA:146,1
DA:147,1
DA:148,1
DA:149,1
DA:150,1
DA:151,1
DA:152,1
DA:153,1
DA:154,19
DA:155,19
DA:156,19
DA:157,19
DA:158,19
DA:159,19
DA:160,19
DA:161,0
DA:162,0
DA:163,0
DA:164,0
DA:165,0
DA:166,0
DA:167,0
DA:168,0
DA:169,0
DA:170,0
DA:171,0
DA:172,0
DA:173,0
DA:174,0
DA:175,0
DA:176,0
DA:177,0
DA:178,0
DA:179,0
DA:180,0
DA:181,0
DA:182,0
DA:183,0
DA:184,0
DA:185,0
DA:186,0
DA:187,0
DA:188,0
DA:189,0
DA:190,0
DA:191,0
DA:192,0
DA:193,0
DA:194,0
DA:195,0
DA:196,0
DA:197,0
DA:198,0
DA:199,0
DA:200,0
DA:201,0
DA:202,0
DA:203,0
DA:204,0
DA:205,0
DA:206,0
DA:207,0
DA:208,0
DA:209,0
DA:210,0
DA:211,0
DA:212,0
DA:213,0
DA:214,0
DA:215,0
DA:216,0
DA:217,0
DA:218,0
DA:219,0
DA:220,0
DA:221,0
DA:222,0
DA:223,0
DA:224,0
DA:225,0
DA:226,0
DA:227,0
DA:228,0
DA:229,0
DA:230,0
DA:231,0
DA:232,0
DA:233,0
DA:234,0
DA:235,0
DA:236,0
DA:237,0
DA:238,0
DA:239,0
DA:240,0
DA:241,0
DA:242,0
DA:243,0
DA:244,0
DA:245,0
DA:246,0
DA:247,0
DA:248,0
DA:249,0
DA:250,0
DA:251,0
DA:252,0
DA:253,0
DA:254,19
DA:255,1
DA:256,1
DA:257,1
DA:258,1
DA:259,1
DA:260,1
DA:261,1
DA:262,1
DA:263,1
DA:264,1
DA:265,1
DA:266,1
DA:267,1
DA:268,1
DA:269,1
DA:270,1
DA:271,1
DA:272,1
DA:273,1
DA:274,1
DA:275,1
DA:276,1
DA:277,24
DA:278,24
DA:279,24
DA:280,24
DA:281,24
DA:282,24
DA:283,16
DA:284,16
DA:285,10
DA:286,10
DA:287,1
DA:288,1
DA:289,1
DA:290,1
DA:291,1
DA:292,1
DA:293,1
DA:294,1
DA:295,0
DA:296,0
DA:297,0
DA:298,0
DA:299,1
DA:300,10
DA:301,9
DA:302,9
DA:303,9
DA:304,7
DA:305,9
DA:306,5
DA:307,5
DA:308,9
DA:309,4
DA:310,4
DA:311,4
DA:312,4
DA:313,4
DA:314,4
DA:315,4
DA:316,4
DA:317,0
DA:318,0
DA:319,0
DA:320,0
DA:321,4
DA:322,4
DA:323,9
DA:324,10
DA:325,16
DA:326,16
DA:327,19
DA:328,19
DA:329,19
DA:330,24
DA:331,0
DA:332,0
DA:333,0
DA:334,19
DA:335,19
DA:336,24
DA:337,24
DA:338,1
DA:339,1
DA:340,1
DA:341,1
DA:342,1
DA:343,1
DA:344,1
DA:345,1
DA:346,1
DA:347,1
DA:348,1
DA:349,1
DA:350,1
DA:351,1
DA:352,10
DA:353,10
DA:354,10
DA:355,1
DA:356,1
DA:357,9
DA:358,9
DA:359,9
DA:360,9
DA:361,10
DA:362,6
DA:363,6
DA:364,6
DA:365,6
DA:366,6
DA:367,6
DA:368,6
DA:369,3
DA:370,6
DA:371,1
DA:372,1
DA:373,6
DA:374,8
DA:375,8
DA:376,8
DA:377,1
DA:378,1
DA:379,1
DA:380,1
DA:381,1
DA:382,1
DA:383,1
DA:384,1
DA:385,1
DA:386,1
DA:387,1
DA:388,1
DA:389,1
DA:390,1
DA:391,1
DA:392,1
DA:393,1
DA:394,1
DA:395,1
DA:396,1
DA:397,1
DA:398,1
DA:399,1
DA:400,1
DA:401,1
DA:402,1
DA:403,1
DA:404,1
DA:405,1
DA:406,1
DA:407,1
DA:408,20
DA:409,20
DA:410,20
DA:411,20
DA:412,20
DA:413,20
DA:414,20
DA:415,20
DA:416,20
DA:417,20
DA:418,16
DA:419,16
DA:420,16
DA:421,16
DA:422,4
DA:423,4
DA:424,4
DA:425,4
DA:426,4
DA:427,4
DA:428,20
DA:429,20
DA:430,20
DA:431,20
DA:432,20
DA:433,20
DA:434,3
DA:435,20
DA:436,1
DA:437,1
DA:438,0
DA:439,0
DA:440,0
DA:441,0
DA:442,0
DA:443,0
DA:444,0
DA:445,0
DA:446,0
DA:447,0
DA:448,1
DA:449,1
DA:450,1
DA:451,1
DA:452,1
DA:453,1
DA:454,1
DA:455,20
DA:456,1
DA:457,1
DA:458,1
DA:459,1
DA:460,1
DA:461,1
DA:462,1
DA:463,1
DA:464,1
DA:465,1
DA:466,1
DA:467,1
DA:468,1
DA:469,1
DA:470,1
DA:471,1
DA:472,1
DA:473,1
DA:474,1
DA:475,2
DA:476,2
DA:477,1
DA:478,1
DA:479,1
DA:480,1
DA:481,1
DA:482,1
DA:483,1
DA:484,2
DA:485,1
DA:486,1
DA:487,1
DA:488,1
DA:489,1
DA:490,1
DA:491,1
DA:492,1
DA:493,1
DA:494,1
DA:495,1
DA:496,1
DA:497,1
DA:498,1
DA:499,1
DA:500,1
DA:501,1
DA:502,1
DA:503,1
DA:504,1
DA:505,1
DA:506,1
DA:507,1
DA:508,1
DA:509,1
DA:510,1
DA:511,1
DA:512,1
DA:513,1
DA:514,1
DA:515,1
DA:516,1
DA:517,1
DA:518,1
DA:519,1
DA:520,1
DA:521,1
DA:522,1
DA:523,1
DA:524,1
DA:525,1
DA:526,1
DA:527,1
DA:528,1
DA:529,1
DA:530,1
DA:531,1
DA:532,1
DA:533,1
DA:534,1
DA:535,1
DA:536,1
DA:537,1
DA:538,1
LF:538
LH:397
BRDA:66,0,0,7
BRDA:73,1,0,7
BRDA:154,2,0,19
BRDA:161,3,0,0
BRDA:277,4,0,24
BRDA:282,5,0,16
BRDA:284,6,0,10
BRDA:286,7,0,1
BRDA:294,8,0,0
BRDA:300,9,0,9
BRDA:303,10,0,7
BRDA:305,11,0,5
BRDA:308,12,0,4
BRDA:316,13,0,0
BRDA:327,14,0,19
BRDA:330,15,0,0
BRDA:334,16,0,19
BRDA:336,17,0,2
BRDA:352,18,0,10
BRDA:354,19,0,1
BRDA:357,20,0,9
BRDA:361,21,0,6
BRDA:368,22,0,3
BRDA:370,23,0,1
BRDA:374,24,0,8
BRDA:407,25,0,20
BRDA:417,26,0,16
BRDA:422,27,0,4
BRDA:434,28,0,3
BRDA:435,29,0,1
BRDA:437,30,0,0
BRDA:474,31,0,2
BRDA:477,32,0,1
BRDA:504,33,0,1
BRDA:522,34,0,1
BRF:35
BRH:30
end_of_record
TN:
SF:src/securityLogger.ts
FN:31,get
FN:32,get
FN:32,get
FN:32,get
FN:36,get
FN:70,get
FN:84,<instance_members_initializer>
FN:89,initialize
FN:99,initializeFileLogging
FN:131,dispose
FN:142,log
FN:168,writeToFile
FN:189,writeToOutputChannel
FN:211,showErrorNotification
FN:220,logIdentitySwitch
FN:228,logSshKeyLoad
FN:236,logSshKeyRemove
FN:244,logValidationFailure
FN:257,buildArgsDetails
FN:266,logCommandBlocked
FN:274,logCommandTimeout
FN:288,createConfigSnapshot
FN:292,storeConfigSnapshot
FN:296,detectConfigChanges
FN:300,sanitizeIds
FN:308,sanitizeConfigValue
FN:312,logConfigChange
FN:320,logConfigChanges
FN:334,buildIdentityChangeDetails
FN:349,logActivation
FN:357,logDeactivation
FN:361,show
FN:367,getExtensionVersion
FNF:33
FNH:28
FNDA:0,get
FNDA:0,get
FNDA:0,get
FNDA:0,get
FNDA:0,get
FNDA:41,get
FNDA:1,<instance_members_initializer>
FNDA:31,initialize
FNDA:8,initializeFileLogging
FNDA:17,dispose
FNDA:150,log
FNDA:150,writeToFile
FNDA:150,writeToOutputChannel
FNDA:8,showErrorNotification
FNDA:8,logIdentitySwitch
FNDA:4,logSshKeyLoad
FNDA:1,logSshKeyRemove
FNDA:11,logValidationFailure
FNDA:10,buildArgsDetails
FNDA:8,logCommandBlocked
FNDA:2,logCommandTimeout
FNDA:2,createConfigSnapshot
FNDA:2,storeConfigSnapshot
FNDA:1,detectConfigChanges
FNDA:8,sanitizeIds
FNDA:208,sanitizeConfigValue
FNDA:1,logConfigChange
FNDA:11,logConfigChanges
FNDA:5,buildIdentityChangeDetails
FNDA:4,logActivation
FNDA:1,logDeactivation
FNDA:2,show
FNDA:4,getExtensionVersion
DA:1,1
DA:2,1
DA:3,1
DA:4,1
DA:5,1
DA:6,1
DA:7,1
DA:8,1
DA:9,1
DA:10,1
DA:11,1
DA:12,1
DA:13,1
DA:14,1
DA:15,1
DA:16,1
DA:17,1
DA:18,1
DA:19,1
DA:20,1
DA:21,1
DA:22,1
DA:23,1
DA:24,1
DA:25,1
DA:26,1
DA:27,1
DA:28,1
DA:29,1
DA:30,1
DA:31,1
DA:32,1
DA:33,1
DA:34,1
DA:35,1
DA:36,1
DA:37,1
DA:38,1
DA:39,1
DA:40,1
DA:41,1
DA:42,1
DA:43,1
DA:44,1
DA:45,1
DA:46,1
DA:47,1
DA:48,1
DA:49,1
DA:50,1
DA:51,1
DA:52,1
DA:53,1
DA:54,1
DA:55,1
DA:56,1
DA:57,1
DA:58,1
DA:59,1
DA:60,1
DA:61,1
DA:62,1
DA:63,1
DA:64,1
DA:65,1
DA:66,1
DA:67,1
DA:68,1
DA:69,1
DA:70,1
DA:71,1
DA:72,1
DA:73,1
DA:74,1
DA:75,1
DA:76,1
DA:77,1
DA:78,1
DA:79,1
DA:80,1
DA:81,1
DA:82,1
DA:83,1
DA:84,1
DA:85,1
DA:86,1
DA:87,1
DA:88,1
DA:89,1
DA:90,31
DA:91,31
DA:92,31
DA:93,8
DA:94,8
DA:95,8
DA:96,31
DA:97,31
DA:98,1
DA:99,1
DA:100,8
DA:101,8
DA:102,8
DA:103,8
DA:104,8
DA:105,8
DA:106,8
DA:107,8
DA:108,8
DA:109,2
DA:110,2
DA:111,1
DA:112,1
DA:113,1
DA:114,2
DA:115,7
DA:116,7
DA:117,7
DA:118,7
DA:119,7
DA:120,7
DA:121,7
DA:122,7
DA:123,7
DA:124,7
DA:125,7
DA:126,8
DA:127,1
DA:128,1
DA:129,8
DA:130,1
DA:131,1
DA:132,17
DA:133,8
DA:134,8
DA:135,8
DA:136,17
DA:137,1
DA:138,1
DA:139,1
DA:140,17
DA:141,1
DA:142,1
DA:143,150
DA:144,150
DA:145,150
DA:146,150
DA:147,150
DA:148,150
DA:149,150
DA:150,150
DA:151,150
DA:152,150
DA:153,150
DA:154,150
DA:155,150
DA:156,150
DA:157,150
DA:158,150
DA:159,150
DA:160,150
DA:161,8
DA:162,8
DA:163,150
DA:164,1
DA:165,1
DA:166,1
DA:167,1
DA:168,1
DA:169,150
DA:170,150
DA:171,150
DA:172,150
DA:173,150
DA:174,150
DA:175,1
DA:176,1
DA:177,1
DA:178,1
DA:179,1
DA:180,1
DA:181,1
DA:182,1
DA:183,1
DA:184,150
DA:185,1
DA:186,1
DA:187,1
DA:188,1
DA:189,1
DA:190,150
DA:191,150
DA:192,150
DA:193,150
DA:194,150
DA:195,150
DA:196,150
DA:197,150
DA:198,150
DA:199,0
DA:200,0
DA:201,150
DA:202,150
DA:203,6
DA:204,6
DA:205,150
DA:206,150
DA:207,1
DA:208,1
DA:209,1
DA:210,1
DA:211,1
DA:212,8
DA:213,8
DA:214,1
DA:215,1
DA:216,1
DA:217,1
DA:218,8
DA:219,1
DA:220,1
DA:221,8
DA:222,8
DA:223,8
DA:224,8
DA:225,8
DA:226,8
DA:227,1
DA:228,1
DA:229,4
DA:230,4
DA:231,4
DA:232,4
DA:233,4
DA:234,4
DA:235,1
DA:236,1
DA:237,1
DA:238,1
DA:239,1
DA:240,1
DA:241,1
DA:242,1
DA:243,1
DA:244,1
DA:245,11
DA:246,11
DA:247,11
DA:248,11
DA:249,11
DA:250,11
DA:251,11
DA:252,11
DA:253,11
DA:254,11
DA:255,11
DA:256,1
DA:257,1
DA:258,10
DA:259,10
DA:260,10
DA:261,2
DA:262,2
DA:263,10
DA:264,10
DA:265,1
DA:266,1
DA:267,8
DA:268,8
DA:269,8
DA:270,8
DA:271,8
DA:272,8
DA:273,1
DA:274,1
DA:275,2
DA:276,2
DA:277,2
DA:278,2
DA:279,2
DA:280,2
DA:281,2
DA:282,2
DA:283,2
DA:284,2
DA:285,2
DA:286,1
DA:287,1
DA:288,1
DA:289,2
DA:290,2
DA:291,1
DA:292,1
DA:293,2
DA:294,2
DA:295,1
DA:296,1
DA:297,1
DA:298,1
DA:299,1
DA:300,1
DA:301,8
DA:302,8
DA:303,1
DA:304,1
DA:305,1
DA:306,1
DA:307,1
DA:308,1
DA:309,208
DA:310,208
DA:311,1
DA:312,1
DA:313,1
DA:314,1
DA:315,1
DA:316,1
DA:317,1
DA:318,1
DA:319,1
DA:320,1
DA:321,11
DA:322,10
DA:323,11
DA:324,109
DA:325,109
DA:326,109
DA:327,109
DA:328,109
DA:329,11
DA:330,1
DA:331,1
DA:332,11
DA:333,1
DA:334,1
DA:335,5
DA:336,5
DA:337,5
DA:338,5
DA:339,5
DA:340,5
DA:341,5
DA:342,5
DA:343,5
DA:344,5
DA:345,5
DA:346,5
DA:347,5
DA:348,1
DA:349,1
DA:350,4
DA:351,4
DA:352,4
DA:353,4
DA:354,4
DA:355,4
DA:356,1
DA:357,1
DA:358,1
DA:359,1
DA:360,1
DA:361,1
DA:362,2
DA:363,1
DA:364,1
DA:365,2
DA:366,1
DA:367,1
DA:368,4
DA:369,4
DA:370,4
DA:371,3
DA:372,3
DA:373,4
DA:374,4
DA:375,1
DA:376,1
DA:377,4
DA:378,1
DA:379,1
DA:380,1
LF:380
LH:378
BRDA:48,0,0,1
BRDA:70,1,0,41
BRDA:84,2,0,1
BRDA:89,3,0,31
BRDA:92,4,0,8
BRDA:99,5,0,8
BRDA:101,6,0,0
BRDA:105,7,0,2
BRDA:105,8,0,6
BRDA:108,9,0,2
BRDA:110,10,0,1
BRDA:115,11,0,7
BRDA:126,12,0,1
BRDA:126,13,0,1
BRDA:131,14,0,17
BRDA:132,15,0,8
BRDA:136,16,0,1
BRDA:142,17,0,150
BRDA:160,18,0,8
BRDA:168,19,0,150
BRDA:174,20,0,1
BRDA:174,21,0,1
BRDA:189,22,0,150
BRDA:196,23,0,0
BRDA:198,24,0,0
BRDA:202,25,0,6
BRDA:211,26,0,8
BRDA:213,27,0,1
BRDA:220,28,0,8
BRDA:224,29,0,1
BRDA:228,30,0,4
BRDA:231,31,0,2
BRDA:231,32,0,2
BRDA:236,33,0,1
BRDA:244,34,0,11
BRDA:251,35,0,10
BRDA:251,36,0,1
BRDA:257,37,0,10
BRDA:260,38,0,2
BRDA:258,39,0,16
BRDA:266,40,0,8
BRDA:274,41,0,2
BRDA:282,42,0,1
BRDA:282,43,0,1
BRDA:288,44,0,2
BRDA:292,45,0,2
BRDA:296,46,0,1
BRDA:300,47,0,8
BRDA:301,48,0,8
BRDA:301,49,0,1
BRDA:301,50,0,7
BRDA:308,51,0,208
BRDA:312,52,0,1
BRDA:320,53,0,11
BRDA:321,54,0,1
BRDA:322,55,0,10
BRDA:323,56,0,109
BRDA:325,57,0,5
BRDA:326,58,0,104
BRDA:329,59,0,10
BRDA:329,60,0,1
BRDA:334,61,0,5
BRDA:335,62,0,4
BRDA:335,63,0,1
BRDA:336,64,0,0
BRDA:342,65,0,0
BRDA:343,66,0,1
BRDA:343,67,0,4
BRDA:344,68,0,2
BRDA:344,69,0,3
BRDA:349,70,0,4
BRDA:357,71,0,1
BRDA:361,72,0,2
BRDA:362,73,0,1
BRDA:367,74,0,4
BRDA:370,75,0,1
BRDA:371,76,0,3
BRDA:373,77,0,2
BRDA:373,78,0,1
BRDA:373,79,0,1
BRDA:374,80,0,1
BRF:81
BRH:76
end_of_record
TN:
SF:src/sensitiveDataDetector.ts
FN:38,looksLikeSensitiveData
FN:96,sanitizeValue
FN:172,sanitizeDetails
FNF:3
FNH:3
FNDA:853,looksLikeSensitiveData
FNDA:742,sanitizeValue
FNDA:162,sanitizeDetails
DA:1,1
DA:2,1
DA:3,1
DA:4,1
DA:5,1
DA:6,1
DA:7,1
DA:8,1
DA:9,1
DA:10,1
DA:11,1
DA:12,1
DA:13,1
DA:14,1
DA:15,1
DA:16,1
DA:17,1
DA:18,1
DA:19,1
DA:20,1
DA:21,1
DA:22,1
DA:23,1
DA:24,1
DA:25,1
DA:26,1
DA:27,1
DA:28,1
DA:29,1
DA:30,1
DA:31,1
DA:32,1
DA:33,1
DA:34,1
DA:35,1
DA:36,1
DA:37,1
DA:38,853
DA:39,853
DA:40,853
DA:41,853
DA:42,853
DA:43,853
DA:44,853
DA:45,853
DA:46,6482
DA:47,75
DA:48,75
DA:49,6482
DA:50,778
DA:51,778
DA:52,778
DA:53,778
DA:54,778
DA:55,778
DA:56,26
DA:57,853
DA:58,23
DA:59,23
DA:60,23
DA:61,23
DA:62,23
DA:63,23
DA:64,15
DA:65,15
DA:66,15
DA:67,15
DA:68,15
DA:69,15
DA:70,15
DA:71,15
DA:72,15
DA:73,15
DA:74,15
DA:75,7
DA:76,7
DA:77,15
DA:78,23
DA:79,771
DA:80,771
DA:81,771
DA:82,1
DA:83,1
DA:84,1
DA:85,1
DA:86,1
DA:87,1
DA:88,1
DA:89,1
DA:90,1
DA:91,1
DA:92,1
DA:93,1
DA:94,1
DA:95,1
DA:96,742
DA:97,742
DA:98,7
DA:99,7
DA:100,735
DA:101,742
DA:102,262
DA:103,262
DA:104,1
DA:105,1
DA:106,261
DA:107,261
DA:108,261
DA:109,261
DA:110,261
DA:111,262
DA:112,262
DA:113,247
DA:114,262
DA:115,15
DA:116,15
DA:117,246
DA:118,246
DA:119,262
DA:120,9
DA:121,9
DA:122,237
DA:123,237
DA:124,262
DA:125,8
DA:126,8
DA:127,8
DA:128,8
DA:129,8
DA:130,229
DA:131,229
DA:132,229
DA:133,473
DA:134,742
DA:135,434
DA:136,434
DA:137,39
DA:138,742
DA:139,36
DA:140,36
DA:141,5
DA:142,5
DA:143,31
DA:144,31
DA:145,31
DA:146,31
DA:147,31
DA:148,31
DA:149,79
DA:150,31
DA:151,31
DA:152,31
DA:153,36
DA:154,29
DA:155,29
DA:156,36
DA:157,2
DA:158,2
DA:159,2
DA:160,36
DA:161,3
DA:162,3
DA:163,3
DA:164,3
DA:165,1
DA:166,1
DA:167,1
DA:168,1
DA:169,1
DA:170,1
DA:171,1
DA:172,162
DA:173,162
DA:174,162
DA:175,162
DA:176,162
DA:177,162
DA:178,449
DA:179,449
DA:180,449
DA:181,449
DA:182,449
DA:183,449
DA:184,162
DA:185,162
DA:186,162
LF:186
LH:186
BRDA:38,0,0,853
BRDA:42,1,0,3
BRDA:43,2,0,850
BRDA:45,3,0,6482
BRDA:46,4,0,75
BRDA:50,5,0,778
BRDA:55,6,0,26
BRDA:57,7,0,23
BRDA:63,8,0,15
BRDA:74,9,0,7
BRDA:79,10,0,771
BRDA:96,11,0,742
BRDA:97,12,0,739
BRDA:97,13,0,7
BRDA:100,14,0,735
BRDA:101,15,0,262
BRDA:103,16,0,1
BRDA:106,17,0,261
BRDA:110,18,0,251
BRDA:111,19,0,250
BRDA:112,20,0,247
BRDA:114,21,0,15
BRDA:117,22,0,246
BRDA:119,23,0,9
BRDA:122,24,0,237
BRDA:124,25,0,8
BRDA:130,26,0,229
BRDA:133,27,0,473
BRDA:134,28,0,449
BRDA:134,29,0,434
BRDA:137,30,0,39
BRDA:138,31,0,36
BRDA:140,32,0,5
BRDA:143,33,0,31
BRDA:153,34,0,29
BRDA:155,35,0,2
BRDA:155,36,0,27
BRDA:156,37,0,2
BRDA:161,38,0,3
BRDA:148,39,0,79
BRDA:149,40,0,3
BRDA:149,41,0,76
BRDA:152,42,0,79
BRDA:172,43,0,162
BRDA:177,44,0,449
BRDA:180,45,0,7
BRDA:181,46,0,442
BRF:47
BRH:47
end_of_record
TN:
SF:src/validation.ts
FN:49,validateField
FN:69,validateEmail
FN:91,validateSshKeyPath
FN:116,validateGpgKeyId
FN:129,validateSshHost
FN:162,validateIdentity
FN:221,validateIdentities
FN:255,isPathSafe
FNF:8
FNH:8
FNDA:16658,validateField
FNDA:3148,validateEmail
FNDA:3148,validateSshKeyPath
FNDA:3148,validateGpgKeyId
FNDA:3148,validateSshHost
FNDA:3148,validateIdentity
FNDA:54,validateIdentities
FNDA:1287,isPathSafe
DA:1,1
DA:2,1
DA:3,1
DA:4,1
DA:5,1
DA:6,1
DA:7,1
DA:8,1
DA:9,1
DA:10,1
DA:11,1
DA:12,1
DA:13,1
DA:14,1
DA:15,1
DA:16,1
DA:17,1
DA:18,1
DA:19,1
DA:20,1
DA:21,1
DA:22,1
DA:23,1
DA:24,1
DA:25,1
DA:26,1
DA:27,1
DA:28,1
DA:29,1
DA:30,1
DA:31,1
DA:32,1
DA:33,1
DA:34,1
DA:35,1
DA:36,1
DA:37,1
DA:38,1
DA:39,1
DA:40,1
DA:41,1
DA:42,1
DA:43,1
DA:44,1
DA:45,1
DA:46,1
DA:47,1
DA:48,1
DA:49,16658
DA:50,16658
DA:51,16658
DA:52,16658
DA:53,16658
DA:54,16658
DA:55,7724
DA:56,7724
DA:57,8934
DA:58,16658
DA:59,25272
DA:60,3550
DA:61,3550
DA:62,3550
DA:63,25272
DA:64,8934
DA:65,1
DA:66,1
DA:67,1
DA:68,1
DA:69,3148
DA:70,3148
DA:71,503
DA:72,503
DA:73,2645
DA:74,3148
DA:75,1720
DA:76,1720
DA:77,2645
DA:78,2645
DA:79,3148
DA:80,1
DA:81,1
DA:82,3148
DA:83,1
DA:84,1
DA:85,1
DA:86,1
DA:87,1
DA:88,1
DA:89,1
DA:90,1
DA:91,3148
DA:92,3148
DA:93,3148
DA:94,3148
DA:95,3148
DA:96,2230
DA:97,2230
DA:98,918
DA:99,918
DA:100,3148
DA:101,890
DA:102,890
DA:103,918
DA:104,918
DA:105,3148
DA:106,1
DA:107,1
DA:108,918
DA:109,918
DA:110,918
DA:111,918
DA:112,1
DA:113,1
DA:114,1
DA:115,1
DA:116,3148
DA:117,3148
DA:118,2010
DA:119,2010
DA:120,1138
DA:121,3148
DA:122,1136
DA:123,1136
DA:124,3148
DA:125,1
DA:126,1
DA:127,1
DA:128,1
DA:129,3148
DA:130,3148
DA:131,2034
DA:132,2034
DA:133,1114
DA:134,3148
DA:135,892
DA:136,892
DA:137,1114
DA:138,1114
DA:139,3148
DA:140,1
DA:141,1
DA:142,3148
DA:143,1
DA:144,1
DA:145,1
DA:146,1
DA:147,1
DA:148,1
DA:149,1
DA:150,1
DA:151,1
DA:152,1
DA:153,1
DA:154,1
DA:155,1
DA:156,1
DA:157,1
DA:158,1
DA:159,1
DA:160,1
DA:161,1
DA:162,3148
DA:163,3148
DA:164,3148
DA:165,3148
DA:166,3148
DA:167,456
DA:168,456
DA:169,3148
DA:170,508
DA:171,508
DA:172,3148
DA:173,503
DA:174,503
DA:175,3148
DA:176,3148
DA:177,3148
DA:178,1013
DA:179,1013
DA:180,3148
DA:181,3148
DA:182,3148
DA:183,3148
DA:184,3148
DA:185,3148
DA:186,3148
DA:187,3148
DA:188,3148
DA:189,3148
DA:190,3148
DA:191,3148
DA:192,3148
DA:193,3148
DA:194,3148
DA:195,3148
DA:196,100
DA:197,100
DA:198,3148
DA:199,1
DA:200,1
DA:201,3148
DA:202,1
DA:203,1
DA:204,3148
DA:205,182
DA:206,182
DA:207,182
DA:208,3148
DA:209,3148
DA:210,3148
DA:211,3148
DA:212,3148
DA:213,3148
DA:214,1
DA:215,1
DA:216,1
DA:217,1
DA:218,1
DA:219,1
DA:220,1
DA:221,54
DA:222,54
DA:223,54
DA:224,54
DA:225,54
DA:226,54
DA:227,54
DA:228,8
DA:229,8
DA:230,54
DA:231,54
DA:232,54
DA:233,228
DA:234,228
DA:235,223
DA:236,1383
DA:237,223
DA:238,223
DA:239,54
DA:240,54
DA:241,54
DA:242,54
DA:243,54
DA:244,54
DA:245,54
DA:246,1
DA:247,1
DA:248,1
DA:249,1
DA:250,1
DA:251,1
DA:252,1
DA:253,1
DA:254,1
DA:255,1287
DA:256,1287
DA:257,1287
DA:258,100
DA:259,100
DA:260,1187
DA:261,1187
DA:262,1287
DA:263,3067
DA:264,593
DA:265,593
DA:266,3067
DA:267,594
DA:268,594
DA:269,594
LF:269
LH:269
BRDA:49,0,0,16658
BRDA:54,1,0,7724
BRDA:57,2,0,8934
BRDA:58,3,0,25272
BRDA:59,4,0,3550
BRDA:64,5,0,8934
BRDA:69,6,0,3148
BRDA:70,7,0,503
BRDA:73,8,0,2645
BRDA:74,9,0,1720
BRDA:77,10,0,2645
BRDA:79,11,0,1
BRDA:91,12,0,3148
BRDA:95,13,0,2230
BRDA:98,14,0,918
BRDA:100,15,0,904
BRDA:100,16,0,890
BRDA:103,17,0,918
BRDA:105,18,0,1
BRDA:108,19,0,918
BRDA:116,20,0,3148
BRDA:117,21,0,2010
BRDA:120,22,0,1138
BRDA:121,23,0,1136
BRDA:129,24,0,3148
BRDA:130,25,0,2034
BRDA:133,26,0,1114
BRDA:134,27,0,892
BRDA:137,28,0,1114
BRDA:139,29,0,1
BRDA:162,30,0,3148
BRDA:166,31,0,456
BRDA:169,32,0,508
BRDA:172,33,0,503
BRDA:177,34,0,2692
BRDA:177,35,0,1013
BRDA:195,36,0,2640
BRDA:195,37,0,100
BRDA:198,38,0,906
BRDA:198,39,0,1
BRDA:201,40,0,908
BRDA:201,41,0,1
BRDA:204,42,0,917
BRDA:204,43,0,182
BRDA:221,44,0,54
BRDA:227,45,0,8
BRDA:225,46,0,228
BRDA:232,47,0,228
BRDA:234,48,0,223
BRDA:235,49,0,1383
BRDA:236,50,0,206
BRDA:255,51,0,1287
BRDA:257,52,0,100
BRDA:260,53,0,1187
BRDA:262,54,0,3067
BRDA:263,55,0,593
BRDA:267,56,0,594
BRF:57
BRH:57
end_of_record
TN:
SF:src/vscodeLoader.ts
FN:40,getVSCode
FN:71,getWorkspace
FN:89,getWindow
FN:101,getExtensions
FN:112,_resetCache
FN:125,_setMockVSCode
FNF:6
FNH:6
FNDA:97,getVSCode
FNDA:34,getWorkspace
FNDA:2,getWindow
FNDA:2,getExtensions
FNDA:40,_resetCache
FNDA:11,_setMockVSCode
DA:1,1
DA:2,1
DA:3,1
DA:4,1
DA:5,1
DA:6,1
DA:7,1
DA:8,1
DA:9,1
DA:10,1
DA:11,1
DA:12,1
DA:13,1
DA:14,1
DA:15,1
DA:16,1
DA:17,1
DA:18,1
DA:19,1
DA:20,1
DA:21,1
DA:22,1
DA:23,1
DA:24,1
DA:25,1
DA:26,1
DA:27,1
DA:28,1
DA:29,1
DA:30,1
DA:31,1
DA:32,1
DA:33,1
DA:34,1
DA:35,1
DA:36,1
DA:37,1
DA:38,1
DA:39,1
DA:40,97
DA:41,97
DA:42,69
DA:43,69
DA:44,28
DA:45,28
DA:46,28
DA:47,28
DA:48,28
DA:49,28
DA:50,28
DA:51,28
DA:52,28
DA:53,28
DA:54,28
DA:55,28
DA:56,97
DA:57,1
DA:58,1
DA:59,1
DA:60,1
DA:61,1
DA:62,1
DA:63,1
DA:64,1
DA:65,1
DA:66,1
DA:67,1
DA:68,1
DA:69,1
DA:70,1
DA:71,34
DA:72,34
DA:73,34
DA:74,34
DA:75,1
DA:76,1
DA:77,1
DA:78,1
DA:79,1
DA:80,1
DA:81,1
DA:82,1
DA:83,1
DA:84,1
DA:85,1
DA:86,1
DA:87,1
DA:88,1
DA:89,2
DA:90,2
DA:91,2
DA:92,2
DA:93,1
DA:94,1
DA:95,1
DA:96,1
DA:97,1
DA:98,1
DA:99,1
DA:100,1
DA:101,2
DA:102,2
DA:103,2
DA:104,2
DA:105,1
DA:106,1
DA:107,1
DA:108,1
DA:109,1
DA:110,1
DA:111,1
DA:112,40
DA:113,40
DA:114,40
DA:115,40
DA:116,1
DA:117,1
DA:118,1
DA:119,1
DA:120,1
DA:121,1
DA:122,1
DA:123,1
DA:124,1
DA:125,11
DA:126,11
DA:127,11
DA:128,11
LF:128
LH:128
BRDA:40,0,0,97
BRDA:41,1,0,69
BRDA:44,2,0,28
BRDA:71,3,0,34
BRDA:73,4,0,3
BRDA:89,5,0,2
BRDA:91,6,0,1
BRDA:101,7,0,2
BRDA:103,8,0,1
BRDA:112,9,0,40
BRDA:125,10,0,11
BRF:11
BRH:11
end_of_record
TN:
SF:src/test/runTests.ts
FN:23,main
FNF:1
FNH:1
FNDA:1,main
DA:1,1
DA:2,1
DA:3,1
DA:4,1
DA:5,1
DA:6,1
DA:7,1
DA:8,1
DA:9,1
DA:10,1
DA:11,1
DA:12,1
DA:13,1
DA:14,1
DA:15,1
DA:16,1
DA:17,1
DA:18,1
DA:19,1
DA:20,1
DA:21,1
DA:22,1
DA:23,1
DA:24,1
DA:25,1
DA:26,1
DA:27,1
DA:28,1
DA:29,1
DA:30,1
DA:31,1
DA:32,1
DA:33,1
DA:34,1
DA:35,1
DA:36,1
DA:37,1
DA:38,1
DA:39,1
DA:40,1
DA:41,1
DA:42,1
DA:43,1
DA:44,1
DA:45,1
DA:46,1
DA:47,1
DA:48,1
DA:49,1
DA:50,1
DA:51,1
DA:52,1
DA:53,1
DA:54,1
DA:55,1
DA:56,1
DA:57,1
DA:58,1
DA:59,1
DA:60,1
DA:61,1
DA:62,1
DA:63,1
DA:64,1
DA:65,1
DA:66,1
DA:67,1
DA:68,1
DA:69,1
DA:70,1
DA:71,1
DA:72,1
DA:73,1
DA:74,1
DA:75,1
DA:76,1
DA:77,1
DA:78,1
DA:79,1
DA:80,0
DA:81,0
DA:82,0
DA:83,0
DA:84,0
DA:85,1
DA:86,1
DA:87,1
DA:88,0
DA:89,0
DA:90,0
DA:91,0
DA:92,1
LF:92
LH:83
BRDA:23,0,0,1
BRDA:79,1,0,0
BRF:2
BRH:1
end_of_record
TN:
SF:src/validators/common.ts
FN:63,hasNullByte
FN:74,hasControlChars
FN:92,hasPathTraversal
FN:119,hasPathTraversalStrict
FN:151,hasInvisibleUnicode
FN:166,isValidEmail
FN:176,isValidHex
FNF:7
FNH:7
FNDA:316,hasNullByte
FNDA:14,hasControlChars
FNDA:2255,hasPathTraversal
FNDA:183,hasPathTraversalStrict
FNDA:503,hasInvisibleUnicode
FNDA:9,isValidEmail
FNDA:8,isValidHex
DA:1,1
DA:2,1
DA:3,1
DA:4,1
DA:5,1
DA:6,1
DA:7,1
DA:8,1
DA:9,1
DA:10,1
DA:11,1
DA:12,1
DA:13,1
DA:14,1
DA:15,1
DA:16,1
DA:17,1
DA:18,1
DA:19,1
DA:20,1
DA:21,1
DA:22,1
DA:23,1
DA:24,1
DA:25,1
DA:26,1
DA:27,1
DA:28,1
DA:29,1
DA:30,1
DA:31,1
DA:32,1
DA:33,1
DA:34,1
DA:35,1
DA:36,1
DA:37,1
DA:38,1
DA:39,1
DA:40,1
DA:41,1
DA:42,1
DA:43,1
DA:44,1
DA:45,1
DA:46,1
DA:47,1
DA:48,1
DA:49,1
DA:50,1
DA:51,1
DA:52,1
DA:53,1
DA:54,1
DA:55,1
DA:56,1
DA:57,1
DA:58,1
DA:59,1
DA:60,1
DA:61,1
DA:62,1
DA:63,316
DA:64,316
DA:65,316
DA:66,1
DA:67,1
DA:68,1
DA:69,1
DA:70,1
DA:71,1
DA:72,1
DA:73,1
DA:74,14
DA:75,14
DA:76,14
DA:77,14
DA:78,1
DA:79,1
DA:80,1
DA:81,1
DA:82,1
DA:83,1
DA:84,1
DA:85,1
DA:86,1
DA:87,1
DA:88,1
DA:89,1
DA:90,1
DA:91,1
DA:92,2255
DA:93,2255
DA:94,2255
DA:95,106
DA:96,106
DA:97,2149
DA:98,2149
DA:99,1
DA:100,1
DA:101,1
DA:102,1
DA:103,1
DA:104,1
DA:105,1
DA:106,1
DA:107,1
DA:108,1
DA:109,1
DA:110,1
DA:111,1
DA:112,1
DA:113,1
DA:114,1
DA:115,1
DA:116,1
DA:117,1
DA:118,1
DA:119,183
DA:120,183
DA:121,183
DA:122,183
DA:123,183
DA:124,183
DA:125,183
DA:126,183
DA:127,183
DA:128,183
DA:129,183
DA:130,183
DA:131,183
DA:132,183
DA:133,183
DA:134,1427
DA:135,46
DA:136,46
DA:137,1427
DA:138,137
DA:139,137
DA:140,137
DA:141,1
DA:142,1
DA:143,1
DA:144,1
DA:145,1
DA:146,1
DA:147,1
DA:148,1
DA:149,1
DA:150,1
DA:151,503
DA:152,503
DA:153,5811
DA:154,39
DA:155,39
DA:156,5811
DA:157,464
DA:158,464
DA:159,1
DA:160,1
DA:161,1
DA:162,1
DA:163,1
DA:164,1
DA:165,1
DA:166,9
DA:167,9
DA:168,9
DA:169,1
DA:170,1
DA:171,1
DA:172,1
DA:173,1
DA:174,1
DA:175,1
DA:176,8
DA:177,8
DA:178,8
LF:178
LH:178
BRDA:63,0,0,316
BRDA:74,1,0,14
BRDA:75,2,0,11
BRDA:75,3,0,3
BRDA:92,4,0,2255
BRDA:94,5,0,106
BRDA:97,6,0,2149
BRDA:119,7,0,183
BRDA:133,8,0,1427
BRDA:134,9,0,46
BRDA:138,10,0,137
BRDA:151,11,0,503
BRDA:152,12,0,5811
BRDA:153,13,0,39
BRDA:157,14,0,464
BRDA:166,15,0,9
BRDA:176,16,0,8
BRF:17
BRH:17
end_of_record
